[0.015s] Invoking command in '/home/daxton/ros2_beginning/build/turtlesim': CMAKE_PREFIX_PATH=${CMAKE_PREFIX_PATH}:/opt/ros/jazzy DEBUGINFOD_URLS=https://debuginfod.ubuntu.com /usr/bin/cmake /home/daxton/ros2_beginning/src/ros_tutorials/turtlesim -DCMAKE_INSTALL_PREFIX=/home/daxton/ros2_beginning/install/turtlesim
[0.156s] -- The C compiler identification is GNU 13.3.0
[0.248s] -- The CXX compiler identification is GNU 13.3.0
[0.278s] -- Detecting C compiler ABI info
[0.416s] -- Detecting C compiler ABI info - done
[0.430s] -- Check for working C compiler: /usr/bin/cc - skipped
[0.430s] -- Detecting C compile features
[0.431s] -- Detecting C compile features - done
[0.448s] -- Detecting CXX compiler ABI info
[0.603s] -- Detecting CXX compiler ABI info - done
[0.619s] -- Check for working CXX compiler: /usr/bin/c++ - skipped
[0.619s] -- Detecting CXX compile features
[0.620s] -- Detecting CXX compile features - done
[0.628s] -- Found ament_cmake: 2.5.4 (/opt/ros/jazzy/share/ament_cmake/cmake)
[0.851s] -- Found Python3: /usr/bin/python3 (found version "3.12.3") found components: Interpreter 
[1.014s] -- Found ament_index_cpp: 1.8.1 (/opt/ros/jazzy/share/ament_index_cpp/cmake)
[1.019s] -- Found geometry_msgs: 5.3.6 (/opt/ros/jazzy/share/geometry_msgs/cmake)
[1.084s] -- Found rosidl_generator_c: 4.6.5 (/opt/ros/jazzy/share/rosidl_generator_c/cmake)
[1.102s] -- Found rosidl_generator_cpp: 4.6.5 (/opt/ros/jazzy/share/rosidl_generator_cpp/cmake)
[1.125s] -- Using all available rosidl_typesupport_c: rosidl_typesupport_fastrtps_c;rosidl_typesupport_introspection_c
[1.150s] -- Using all available rosidl_typesupport_cpp: rosidl_typesupport_fastrtps_cpp;rosidl_typesupport_introspection_cpp
[1.241s] -- Found rcl_interfaces: 2.0.2 (/opt/ros/jazzy/share/rcl_interfaces/cmake)
[1.296s] -- Found rclcpp: 28.1.9 (/opt/ros/jazzy/share/rclcpp/cmake)
[1.332s] -- Found rmw_implementation_cmake: 7.3.2 (/opt/ros/jazzy/share/rmw_implementation_cmake/cmake)
[1.337s] -- Found rmw_fastrtps_cpp: 8.4.2 (/opt/ros/jazzy/share/rmw_fastrtps_cpp/cmake)
[1.464s] -- Found OpenSSL: /usr/lib/x86_64-linux-gnu/libcrypto.so (found version "3.0.13")  
[1.495s] -- Found FastRTPS: /opt/ros/jazzy/include (Required is at least version "2.13") 
[1.537s] -- Using RMW implementation 'rmw_fastrtps_cpp' as default
[1.650s] -- Found rclcpp_action: 28.1.9 (/opt/ros/jazzy/share/rclcpp_action/cmake)
[1.717s] -- Found rosidl_default_generators: 1.6.0 (/opt/ros/jazzy/share/rosidl_default_generators/cmake)
[1.735s] -- Found rosidl_adapter: 4.6.5 (/opt/ros/jazzy/share/rosidl_adapter/cmake)
[1.740s] -- Found std_srvs: 5.3.6 (/opt/ros/jazzy/share/std_srvs/cmake)
[2.694s] -- Found ament_cmake_ros: 0.12.0 (/opt/ros/jazzy/share/ament_cmake_ros/cmake)
[3.817s] -- Using all available rosidl_typesupport_c: rosidl_typesupport_fastrtps_c;rosidl_typesupport_introspection_c
[4.258s] -- Using all available rosidl_typesupport_cpp: rosidl_typesupport_fastrtps_cpp;rosidl_typesupport_introspection_cpp
[4.264s] -- Found python_cmake_module: 0.11.1 (/opt/ros/jazzy/share/python_cmake_module/cmake)
[4.477s] -- Found PythonExtra: /usr/bin/python3  
[5.147s] -- Found Python3: /usr/bin/python3 (found version "3.12.3") found components: Interpreter Development NumPy Development.Module Development.Embed 
[5.208s] -- Found ament_lint_auto: 0.17.2 (/opt/ros/jazzy/share/ament_lint_auto/cmake)
[5.248s] -- Added test 'copyright' to check source files copyright and LICENSE
[5.252s] -- Added test 'cppcheck' to perform static code analysis on C / C++ code
[5.254s] -- Configured cppcheck include dirs: /home/daxton/ros2_beginning/src/ros_tutorials/turtlesim/include
[5.254s] -- Configured cppcheck exclude dirs and/or files: 
[5.256s] -- Added test 'cpplint' to check C / C++ code against the Google style
[5.256s] -- Configured cpplint exclude dirs and/or files: 
[5.257s] -- Added test 'flake8' to check Python code syntax and style conventions
[5.257s] -- Configured 'flake8' exclude dirs and/or files: 
[5.258s] -- Added test 'lint_cmake' to check CMake code style
[5.259s] -- Added test 'pep257' to check Python code against some of the docstring style conventions in PEP 257
[5.261s] -- Added test 'uncrustify' to check C / C++ code style
[5.261s] -- Configured uncrustify additional arguments: 
[5.262s] -- Added test 'xmllint' to check XML markup files
[5.266s] -- Configuring done (5.2s)
[5.359s] -- Generating done (0.1s)
[5.384s] -- Build files have been written to: /home/daxton/ros2_beginning/build/turtlesim
[5.406s] Invoked command in '/home/daxton/ros2_beginning/build/turtlesim' returned '0': CMAKE_PREFIX_PATH=${CMAKE_PREFIX_PATH}:/opt/ros/jazzy DEBUGINFOD_URLS=https://debuginfod.ubuntu.com /usr/bin/cmake /home/daxton/ros2_beginning/src/ros_tutorials/turtlesim -DCMAKE_INSTALL_PREFIX=/home/daxton/ros2_beginning/install/turtlesim
[5.408s] Invoking command in '/home/daxton/ros2_beginning/build/turtlesim': CMAKE_PREFIX_PATH=${CMAKE_PREFIX_PATH}:/opt/ros/jazzy DEBUGINFOD_URLS=https://debuginfod.ubuntu.com /usr/bin/cmake --build /home/daxton/ros2_beginning/build/turtlesim -- -j12 -l12
[5.496s] [  0%] [34m[1mGenerating type hashes for ROS interfaces[0m
[5.515s] [  0%] Built target ament_cmake_python_copy_turtlesim
[5.785s] running egg_info
[5.786s] creating turtlesim.egg-info
[5.806s] writing turtlesim.egg-info/PKG-INFO
[5.806s] writing dependency_links to turtlesim.egg-info/dependency_links.txt
[5.807s] writing top-level names to turtlesim.egg-info/top_level.txt
[5.807s] writing manifest file 'turtlesim.egg-info/SOURCES.txt'
[5.870s] reading manifest file 'turtlesim.egg-info/SOURCES.txt'
[5.870s] writing manifest file 'turtlesim.egg-info/SOURCES.txt'
[5.883s] [  0%] Built target turtlesim__rosidl_generator_type_description
[5.906s] [  1%] [34m[1mGenerating C code for ROS interfaces[0m
[5.913s] [  1%] Built target ament_cmake_python_build_turtlesim_egg
[5.925s] [  2%] [34m[1mGenerating C++ code for ROS interfaces[0m
[6.928s] [  2%] Built target turtlesim__cpp
[7.161s] [  5%] [32mBuilding C object CMakeFiles/turtlesim__rosidl_generator_c.dir/rosidl_generator_c/turtlesim/msg/detail/color__functions.c.o[0m
[7.162s] [  5%] [32mBuilding C object CMakeFiles/turtlesim__rosidl_generator_c.dir/rosidl_generator_c/turtlesim/msg/detail/color__description.c.o[0m
[7.162s] [  5%] [32mBuilding C object CMakeFiles/turtlesim__rosidl_generator_c.dir/rosidl_generator_c/turtlesim/msg/detail/pose__type_support.c.o[0m
[7.162s] [  5%] [32mBuilding C object CMakeFiles/turtlesim__rosidl_generator_c.dir/rosidl_generator_c/turtlesim/msg/detail/color__type_support.c.o[0m
[7.163s] [  7%] [32mBuilding C object CMakeFiles/turtlesim__rosidl_generator_c.dir/rosidl_generator_c/turtlesim/action/detail/rotate_absolute__description.c.o[0m
[7.164s] [  7%] [32mBuilding C object CMakeFiles/turtlesim__rosidl_generator_c.dir/rosidl_generator_c/turtlesim/msg/detail/pose__description.c.o[0m
[7.164s] [  8%] [32mBuilding C object CMakeFiles/turtlesim__rosidl_generator_c.dir/rosidl_generator_c/turtlesim/srv/detail/kill__functions.c.o[0m
[7.164s] [ 10%] [32mBuilding C object CMakeFiles/turtlesim__rosidl_generator_c.dir/rosidl_generator_c/turtlesim/srv/detail/kill__description.c.o[0m
[7.164s] [ 10%] [32mBuilding C object CMakeFiles/turtlesim__rosidl_generator_c.dir/rosidl_generator_c/turtlesim/action/detail/rotate_absolute__type_support.c.o[0m
[7.164s] [ 11%] [32mBuilding C object CMakeFiles/turtlesim__rosidl_generator_c.dir/rosidl_generator_c/turtlesim/action/detail/rotate_absolute__functions.c.o[0m
[7.165s] [ 12%] [32mBuilding C object CMakeFiles/turtlesim__rosidl_generator_c.dir/rosidl_generator_c/turtlesim/msg/detail/pose__functions.c.o[0m
[7.168s] [ 13%] [32mBuilding C object CMakeFiles/turtlesim__rosidl_generator_c.dir/rosidl_generator_c/turtlesim/srv/detail/kill__type_support.c.o[0m
[7.243s] [ 14%] [32mBuilding C object CMakeFiles/turtlesim__rosidl_generator_c.dir/rosidl_generator_c/turtlesim/srv/detail/set_pen__functions.c.o[0m
[7.243s] [ 14%] [32mBuilding C object CMakeFiles/turtlesim__rosidl_generator_c.dir/rosidl_generator_c/turtlesim/srv/detail/set_pen__description.c.o[0m
[7.260s] [ 15%] [32mBuilding C object CMakeFiles/turtlesim__rosidl_generator_c.dir/rosidl_generator_c/turtlesim/srv/detail/set_pen__type_support.c.o[0m
[7.266s] [ 17%] [32mBuilding C object CMakeFiles/turtlesim__rosidl_generator_c.dir/rosidl_generator_c/turtlesim/srv/detail/spawn__description.c.o[0m
[7.267s] [ 17%] [32mBuilding C object CMakeFiles/turtlesim__rosidl_generator_c.dir/rosidl_generator_c/turtlesim/srv/detail/spawn__functions.c.o[0m
[7.275s] [ 18%] [32mBuilding C object CMakeFiles/turtlesim__rosidl_generator_c.dir/rosidl_generator_c/turtlesim/srv/detail/spawn__type_support.c.o[0m
[7.284s] [ 19%] [32mBuilding C object CMakeFiles/turtlesim__rosidl_generator_c.dir/rosidl_generator_c/turtlesim/srv/detail/teleport_absolute__type_support.c.o[0m
[7.285s] [ 20%] [32mBuilding C object CMakeFiles/turtlesim__rosidl_generator_c.dir/rosidl_generator_c/turtlesim/srv/detail/teleport_absolute__description.c.o[0m
[7.285s] [ 20%] [32mBuilding C object CMakeFiles/turtlesim__rosidl_generator_c.dir/rosidl_generator_c/turtlesim/srv/detail/teleport_absolute__functions.c.o[0m
[7.343s] [ 21%] [32mBuilding C object CMakeFiles/turtlesim__rosidl_generator_c.dir/rosidl_generator_c/turtlesim/srv/detail/teleport_relative__description.c.o[0m
[7.355s] [ 22%] [32mBuilding C object CMakeFiles/turtlesim__rosidl_generator_c.dir/rosidl_generator_c/turtlesim/srv/detail/teleport_relative__functions.c.o[0m
[7.361s] [ 23%] [32mBuilding C object CMakeFiles/turtlesim__rosidl_generator_c.dir/rosidl_generator_c/turtlesim/srv/detail/teleport_relative__type_support.c.o[0m
[7.486s] [ 24%] [32m[1mLinking C shared library libturtlesim__rosidl_generator_c.so[0m
[7.549s] [ 24%] Built target turtlesim__rosidl_generator_c
[7.568s] [ 26%] [34m[1mGenerating C type support for eProsima Fast-RTPS[0m
[7.569s] [ 26%] [34m[1mGenerating C++ type support for eProsima Fast-RTPS[0m
[7.570s] [ 27%] [34m[1mGenerating C++ type support dispatch for ROS interfaces[0m
[7.572s] [ 28%] [34m[1mGenerating C type support dispatch for ROS interfaces[0m
[7.572s] [ 29%] [34m[1mGenerating C introspection for ROS interfaces[0m
[7.573s] [ 29%] [34m[1mGenerating C++ introspection for ROS interfaces[0m
[8.187s] [ 29%] [32mBuilding CXX object CMakeFiles/turtlesim__rosidl_typesupport_cpp.dir/rosidl_typesupport_cpp/turtlesim/srv/kill__type_support.cpp.o[0m
[8.188s] [ 30%] [32mBuilding CXX object CMakeFiles/turtlesim__rosidl_typesupport_cpp.dir/rosidl_typesupport_cpp/turtlesim/srv/spawn__type_support.cpp.o[0m
[8.188s] [ 31%] [32mBuilding CXX object CMakeFiles/turtlesim__rosidl_typesupport_cpp.dir/rosidl_typesupport_cpp/turtlesim/msg/pose__type_support.cpp.o[0m
[8.188s] [ 32%] [32mBuilding CXX object CMakeFiles/turtlesim__rosidl_typesupport_cpp.dir/rosidl_typesupport_cpp/turtlesim/msg/color__type_support.cpp.o[0m
[8.194s] [ 34%] [32mBuilding CXX object CMakeFiles/turtlesim__rosidl_typesupport_cpp.dir/rosidl_typesupport_cpp/turtlesim/srv/set_pen__type_support.cpp.o[0m
[8.194s] [ 34%] [32mBuilding CXX object CMakeFiles/turtlesim__rosidl_typesupport_cpp.dir/rosidl_typesupport_cpp/turtlesim/action/rotate_absolute__type_support.cpp.o[0m
[8.201s] [ 35%] [32mBuilding CXX object CMakeFiles/turtlesim__rosidl_typesupport_cpp.dir/rosidl_typesupport_cpp/turtlesim/srv/teleport_absolute__type_support.cpp.o[0m
[8.769s] [ 36%] [32mBuilding CXX object CMakeFiles/turtlesim__rosidl_typesupport_c.dir/rosidl_typesupport_c/turtlesim/action/rotate_absolute__type_support.cpp.o[0m
[8.896s] [ 37%] [32mBuilding CXX object CMakeFiles/turtlesim__rosidl_typesupport_c.dir/rosidl_typesupport_c/turtlesim/msg/color__type_support.cpp.o[0m
[8.923s] [ 38%] [32mBuilding CXX object CMakeFiles/turtlesim__rosidl_typesupport_cpp.dir/rosidl_typesupport_cpp/turtlesim/srv/teleport_relative__type_support.cpp.o[0m
[8.939s] [ 39%] [32mBuilding CXX object CMakeFiles/turtlesim__rosidl_typesupport_c.dir/rosidl_typesupport_c/turtlesim/msg/pose__type_support.cpp.o[0m
[8.984s] [ 40%] [32mBuilding CXX object CMakeFiles/turtlesim__rosidl_typesupport_c.dir/rosidl_typesupport_c/turtlesim/srv/set_pen__type_support.cpp.o[0m
[8.987s] [ 41%] [32mBuilding CXX object CMakeFiles/turtlesim__rosidl_typesupport_c.dir/rosidl_typesupport_c/turtlesim/srv/kill__type_support.cpp.o[0m
[9.037s] [ 41%] [32mBuilding CXX object CMakeFiles/turtlesim__rosidl_typesupport_c.dir/rosidl_typesupport_c/turtlesim/srv/spawn__type_support.cpp.o[0m
[9.045s] [ 42%] [32mBuilding CXX object CMakeFiles/turtlesim__rosidl_typesupport_c.dir/rosidl_typesupport_c/turtlesim/srv/teleport_absolute__type_support.cpp.o[0m
[9.073s] [ 43%] [32mBuilding CXX object CMakeFiles/turtlesim__rosidl_typesupport_c.dir/rosidl_typesupport_c/turtlesim/srv/teleport_relative__type_support.cpp.o[0m
[9.135s] [ 44%] [32mBuilding CXX object CMakeFiles/turtlesim__rosidl_typesupport_introspection_cpp.dir/rosidl_typesupport_introspection_cpp/turtlesim/action/detail/rotate_absolute__type_support.cpp.o[0m
[9.151s] [ 46%] [32mBuilding CXX object CMakeFiles/turtlesim__rosidl_typesupport_introspection_cpp.dir/rosidl_typesupport_introspection_cpp/turtlesim/msg/detail/pose__type_support.cpp.o[0m
[9.152s] [ 46%] [32mBuilding CXX object CMakeFiles/turtlesim__rosidl_typesupport_introspection_cpp.dir/rosidl_typesupport_introspection_cpp/turtlesim/msg/detail/color__type_support.cpp.o[0m
[9.171s] [ 47%] [32mBuilding CXX object CMakeFiles/turtlesim__rosidl_typesupport_introspection_cpp.dir/rosidl_typesupport_introspection_cpp/turtlesim/srv/detail/set_pen__type_support.cpp.o[0m
[9.171s] [ 48%] [32mBuilding CXX object CMakeFiles/turtlesim__rosidl_typesupport_introspection_cpp.dir/rosidl_typesupport_introspection_cpp/turtlesim/srv/detail/kill__type_support.cpp.o[0m
[9.182s] [ 49%] [32m[1mLinking CXX shared library libturtlesim__rosidl_typesupport_c.so[0m
[9.228s] [ 50%] [32mBuilding CXX object CMakeFiles/turtlesim__rosidl_typesupport_introspection_cpp.dir/rosidl_typesupport_introspection_cpp/turtlesim/srv/detail/spawn__type_support.cpp.o[0m
[9.262s] [ 50%] Built target turtlesim__rosidl_typesupport_c
[9.278s] [ 50%] [32mBuilding CXX object CMakeFiles/turtlesim__rosidl_typesupport_introspection_cpp.dir/rosidl_typesupport_introspection_cpp/turtlesim/srv/detail/teleport_absolute__type_support.cpp.o[0m
[9.306s] [ 51%] [32mBuilding C object CMakeFiles/turtlesim__rosidl_typesupport_introspection_c.dir/rosidl_typesupport_introspection_c/turtlesim/action/detail/rotate_absolute__type_support.c.o[0m
[9.439s] [ 52%] [32mBuilding CXX object CMakeFiles/turtlesim__rosidl_typesupport_fastrtps_cpp.dir/rosidl_typesupport_fastrtps_cpp/turtlesim/action/detail/dds_fastrtps/rotate_absolute__type_support.cpp.o[0m
[9.606s] [ 53%] [32mBuilding C object CMakeFiles/turtlesim__rosidl_typesupport_introspection_c.dir/rosidl_typesupport_introspection_c/turtlesim/msg/detail/color__type_support.c.o[0m
[9.694s] [ 53%] [32mBuilding C object CMakeFiles/turtlesim__rosidl_typesupport_introspection_c.dir/rosidl_typesupport_introspection_c/turtlesim/msg/detail/pose__type_support.c.o[0m
[9.756s] [ 54%] [32mBuilding CXX object CMakeFiles/turtlesim__rosidl_typesupport_fastrtps_cpp.dir/rosidl_typesupport_fastrtps_cpp/turtlesim/msg/detail/dds_fastrtps/color__type_support.cpp.o[0m
[9.767s] [ 55%] [32mBuilding CXX object CMakeFiles/turtlesim__rosidl_typesupport_fastrtps_cpp.dir/rosidl_typesupport_fastrtps_cpp/turtlesim/msg/detail/dds_fastrtps/pose__type_support.cpp.o[0m
[9.777s] [ 56%] [32mBuilding C object CMakeFiles/turtlesim__rosidl_typesupport_introspection_c.dir/rosidl_typesupport_introspection_c/turtlesim/srv/detail/kill__type_support.c.o[0m
[9.870s] [ 57%] [32m[1mLinking CXX shared library libturtlesim__rosidl_typesupport_cpp.so[0m
[9.878s] [ 58%] [32mBuilding C object CMakeFiles/turtlesim__rosidl_typesupport_introspection_c.dir/rosidl_typesupport_introspection_c/turtlesim/srv/detail/set_pen__type_support.c.o[0m
[9.939s] [ 59%] [32mBuilding C object CMakeFiles/turtlesim__rosidl_typesupport_introspection_c.dir/rosidl_typesupport_introspection_c/turtlesim/srv/detail/spawn__type_support.c.o[0m
[9.985s] [ 60%] [32mBuilding CXX object CMakeFiles/turtlesim__rosidl_typesupport_fastrtps_cpp.dir/rosidl_typesupport_fastrtps_cpp/turtlesim/srv/detail/dds_fastrtps/kill__type_support.cpp.o[0m
[10.055s] [ 61%] [32mBuilding C object CMakeFiles/turtlesim__rosidl_typesupport_introspection_c.dir/rosidl_typesupport_introspection_c/turtlesim/srv/detail/teleport_absolute__type_support.c.o[0m
[10.064s] [ 61%] Built target turtlesim__rosidl_typesupport_cpp
[10.085s] [ 62%] [32mBuilding CXX object CMakeFiles/turtlesim__rosidl_typesupport_introspection_cpp.dir/rosidl_typesupport_introspection_cpp/turtlesim/srv/detail/teleport_relative__type_support.cpp.o[0m
[10.142s] [ 62%] [32mBuilding CXX object CMakeFiles/turtlesim__rosidl_typesupport_fastrtps_cpp.dir/rosidl_typesupport_fastrtps_cpp/turtlesim/srv/detail/dds_fastrtps/set_pen__type_support.cpp.o[0m
[10.148s] [ 63%] [32mBuilding C object CMakeFiles/turtlesim__rosidl_typesupport_introspection_c.dir/rosidl_typesupport_introspection_c/turtlesim/srv/detail/teleport_relative__type_support.c.o[0m
[10.172s] [ 64%] [32mBuilding CXX object CMakeFiles/turtlesim__rosidl_typesupport_fastrtps_cpp.dir/rosidl_typesupport_fastrtps_cpp/turtlesim/srv/detail/dds_fastrtps/spawn__type_support.cpp.o[0m
[10.237s] [ 65%] [32m[1mLinking C shared library libturtlesim__rosidl_typesupport_introspection_c.so[0m
[10.257s] [ 66%] [32mBuilding CXX object CMakeFiles/turtlesim__rosidl_typesupport_fastrtps_cpp.dir/rosidl_typesupport_fastrtps_cpp/turtlesim/srv/detail/dds_fastrtps/teleport_absolute__type_support.cpp.o[0m
[10.300s] [ 66%] Built target turtlesim__rosidl_typesupport_introspection_c
[10.321s] [ 67%] [32mBuilding CXX object CMakeFiles/turtlesim__rosidl_typesupport_fastrtps_cpp.dir/rosidl_typesupport_fastrtps_cpp/turtlesim/srv/detail/dds_fastrtps/teleport_relative__type_support.cpp.o[0m
[10.402s] [ 67%] [32mBuilding CXX object CMakeFiles/turtlesim__rosidl_typesupport_fastrtps_c.dir/rosidl_typesupport_fastrtps_c/turtlesim/action/detail/rotate_absolute__type_support_c.cpp.o[0m
[10.416s] [ 68%] [34m[1mGenerating include/turtlesim/moc_turtle_frame.cpp[0m
[10.646s] [ 69%] [32mBuilding CXX object CMakeFiles/turtlesim_node.dir/src/turtlesim.cpp.o[0m
[10.955s] [ 70%] [32mBuilding CXX object CMakeFiles/turtlesim__rosidl_typesupport_fastrtps_c.dir/rosidl_typesupport_fastrtps_c/turtlesim/msg/detail/color__type_support_c.cpp.o[0m
[10.962s] [ 71%] [32mBuilding CXX object CMakeFiles/turtlesim_node.dir/src/turtle.cpp.o[0m
[10.981s] [ 72%] [32mBuilding CXX object CMakeFiles/turtlesim_node.dir/src/turtle_frame.cpp.o[0m
[11.028s] [ 73%] [32m[1mLinking CXX shared library libturtlesim__rosidl_typesupport_introspection_cpp.so[0m
[11.376s] [ 73%] Built target turtlesim__rosidl_typesupport_introspection_cpp
[11.398s] [ 73%] [32mBuilding CXX object CMakeFiles/turtlesim_node.dir/include/turtlesim/moc_turtle_frame.cpp.o[0m
[11.608s] [ 74%] [32mBuilding CXX object CMakeFiles/turtlesim__rosidl_typesupport_fastrtps_c.dir/rosidl_typesupport_fastrtps_c/turtlesim/msg/detail/pose__type_support_c.cpp.o[0m
[11.619s] [ 75%] [32mBuilding CXX object CMakeFiles/turtlesim__rosidl_typesupport_fastrtps_c.dir/rosidl_typesupport_fastrtps_c/turtlesim/srv/detail/kill__type_support_c.cpp.o[0m
[11.661s] [ 76%] [32mBuilding CXX object CMakeFiles/turtlesim__rosidl_typesupport_fastrtps_c.dir/rosidl_typesupport_fastrtps_c/turtlesim/srv/detail/set_pen__type_support_c.cpp.o[0m
[11.672s] [ 77%] [32mBuilding CXX object CMakeFiles/turtlesim__rosidl_typesupport_fastrtps_c.dir/rosidl_typesupport_fastrtps_c/turtlesim/srv/detail/spawn__type_support_c.cpp.o[0m
[11.829s] [ 78%] [32mBuilding CXX object CMakeFiles/turtle_teleop_key.dir/tutorials/teleop_turtle_key.cpp.o[0m
[11.835s] [ 79%] [32mBuilding CXX object CMakeFiles/turtlesim__rosidl_typesupport_fastrtps_c.dir/rosidl_typesupport_fastrtps_c/turtlesim/srv/detail/teleport_absolute__type_support_c.cpp.o[0m
[11.875s] [ 79%] [32mBuilding CXX object CMakeFiles/turtlesim__rosidl_typesupport_fastrtps_c.dir/rosidl_typesupport_fastrtps_c/turtlesim/srv/detail/teleport_relative__type_support_c.cpp.o[0m
[12.052s] [ 80%] [32m[1mLinking CXX shared library libturtlesim__rosidl_typesupport_fastrtps_cpp.so[0m
[12.271s] [ 80%] Built target turtlesim__rosidl_typesupport_fastrtps_cpp
[12.323s] [ 80%] [32mBuilding CXX object CMakeFiles/draw_square.dir/tutorials/draw_square.cpp.o[0m
[12.589s] [ 81%] [32mBuilding CXX object CMakeFiles/mimic.dir/tutorials/mimic.cpp.o[0m
[13.150s] [ 82%] [32m[1mLinking CXX shared library libturtlesim__rosidl_typesupport_fastrtps_c.so[0m
[13.357s] [ 82%] Built target turtlesim__rosidl_typesupport_fastrtps_c
[13.407s] [ 82%] Built target turtlesim
[13.459s] [ 82%] [34m[1mGenerating Python code for ROS interfaces[0m
[17.344s] [ 82%] Built target turtlesim__py
[17.398s] [ 82%] [32mBuilding C object CMakeFiles/turtlesim__rosidl_generator_py.dir/rosidl_generator_py/turtlesim/msg/_pose_s.c.o[0m
[17.399s] [ 83%] [32mBuilding C object CMakeFiles/turtlesim__rosidl_generator_py.dir/rosidl_generator_py/turtlesim/srv/_set_pen_s.c.o[0m
[17.399s] [ 84%] [32mBuilding C object CMakeFiles/turtlesim__rosidl_generator_py.dir/rosidl_generator_py/turtlesim/srv/_kill_s.c.o[0m
[17.399s] [ 85%] [32mBuilding C object CMakeFiles/turtlesim__rosidl_generator_py.dir/rosidl_generator_py/turtlesim/action/_rotate_absolute_s.c.o[0m
[17.399s] [ 86%] [32mBuilding C object CMakeFiles/turtlesim__rosidl_generator_py.dir/rosidl_generator_py/turtlesim/msg/_color_s.c.o[0m
[17.718s] [ 87%] [32mBuilding C object CMakeFiles/turtlesim__rosidl_generator_py.dir/rosidl_generator_py/turtlesim/srv/_spawn_s.c.o[0m
[17.743s] [ 88%] [32mBuilding C object CMakeFiles/turtlesim__rosidl_generator_py.dir/rosidl_generator_py/turtlesim/srv/_teleport_absolute_s.c.o[0m
[17.755s] [ 89%] [32mBuilding C object CMakeFiles/turtlesim__rosidl_generator_py.dir/rosidl_generator_py/turtlesim/srv/_teleport_relative_s.c.o[0m
[18.108s] [ 90%] [32m[1mLinking C shared library libturtlesim__rosidl_generator_py.so[0m
[18.185s] [ 90%] Built target turtlesim__rosidl_generator_py
[18.222s] [ 91%] [32mBuilding C object CMakeFiles/turtlesim_s__rosidl_typesupport_introspection_c.dir/rosidl_generator_py/turtlesim/_turtlesim_s.ep.rosidl_typesupport_introspection_c.c.o[0m
[18.231s] [ 92%] [32mBuilding C object CMakeFiles/turtlesim_s__rosidl_typesupport_c.dir/rosidl_generator_py/turtlesim/_turtlesim_s.ep.rosidl_typesupport_c.c.o[0m
[18.236s] [ 93%] [32mBuilding C object CMakeFiles/turtlesim_s__rosidl_typesupport_fastrtps_c.dir/rosidl_generator_py/turtlesim/_turtlesim_s.ep.rosidl_typesupport_fastrtps_c.c.o[0m
[18.477s] [ 94%] [32m[1mLinking C shared module rosidl_generator_py/turtlesim/turtlesim_s__rosidl_typesupport_introspection_c.so[0m
[18.531s] [ 94%] Built target turtlesim_s__rosidl_typesupport_introspection_c
[18.616s] [ 95%] [32m[1mLinking C shared module rosidl_generator_py/turtlesim/turtlesim_s__rosidl_typesupport_c.so[0m
[18.674s] [ 95%] Built target turtlesim_s__rosidl_typesupport_c
[18.678s] [ 96%] [32m[1mLinking C shared module rosidl_generator_py/turtlesim/turtlesim_s__rosidl_typesupport_fastrtps_c.so[0m
[18.755s] [ 96%] Built target turtlesim_s__rosidl_typesupport_fastrtps_c
[23.106s] [ 97%] [32m[1mLinking CXX executable turtle_teleop_key[0m
[23.443s] [ 97%] Built target turtle_teleop_key
[29.333s] [ 98%] [32m[1mLinking CXX executable draw_square[0m
[29.460s] [ 99%] [32m[1mLinking CXX executable mimic[0m
[29.888s] [ 99%] Built target draw_square
[30.045s] [ 99%] Built target mimic
[33.857s] [100%] [32m[1mLinking CXX executable turtlesim_node[0m
[36.758s] [100%] Built target turtlesim_node
[36.779s] Invoked command in '/home/daxton/ros2_beginning/build/turtlesim' returned '0': CMAKE_PREFIX_PATH=${CMAKE_PREFIX_PATH}:/opt/ros/jazzy DEBUGINFOD_URLS=https://debuginfod.ubuntu.com /usr/bin/cmake --build /home/daxton/ros2_beginning/build/turtlesim -- -j12 -l12
[36.797s] Invoking command in '/home/daxton/ros2_beginning/build/turtlesim': CMAKE_PREFIX_PATH=${CMAKE_PREFIX_PATH}:/opt/ros/jazzy DEBUGINFOD_URLS=https://debuginfod.ubuntu.com /usr/bin/cmake --install /home/daxton/ros2_beginning/build/turtlesim
[36.810s] -- Install configuration: ""
[36.811s] -- Installing: /home/daxton/ros2_beginning/install/turtlesim/share/ament_index/resource_index/rosidl_interfaces/turtlesim
[36.811s] -- Installing: /home/daxton/ros2_beginning/install/turtlesim/share/turtlesim/action/RotateAbsolute.json
[36.811s] -- Installing: /home/daxton/ros2_beginning/install/turtlesim/share/turtlesim/msg/Color.json
[36.811s] -- Installing: /home/daxton/ros2_beginning/install/turtlesim/share/turtlesim/msg/Pose.json
[36.811s] -- Installing: /home/daxton/ros2_beginning/install/turtlesim/share/turtlesim/srv/Kill.json
[36.812s] -- Installing: /home/daxton/ros2_beginning/install/turtlesim/share/turtlesim/srv/SetPen.json
[36.812s] -- Installing: /home/daxton/ros2_beginning/install/turtlesim/share/turtlesim/srv/Spawn.json
[36.812s] -- Installing: /home/daxton/ros2_beginning/install/turtlesim/share/turtlesim/srv/TeleportAbsolute.json
[36.812s] -- Installing: /home/daxton/ros2_beginning/install/turtlesim/share/turtlesim/srv/TeleportRelative.json
[36.812s] -- Installing: /home/daxton/ros2_beginning/install/turtlesim/include/turtlesim/turtlesim
[36.812s] -- Installing: /home/daxton/ros2_beginning/install/turtlesim/include/turtlesim/turtlesim/action
[36.813s] -- Installing: /home/daxton/ros2_beginning/install/turtlesim/include/turtlesim/turtlesim/action/rotate_absolute.h
[36.813s] -- Installing: /home/daxton/ros2_beginning/install/turtlesim/include/turtlesim/turtlesim/action/detail
[36.813s] -- Installing: /home/daxton/ros2_beginning/install/turtlesim/include/turtlesim/turtlesim/action/detail/rotate_absolute__type_support.c
[36.813s] -- Installing: /home/daxton/ros2_beginning/install/turtlesim/include/turtlesim/turtlesim/action/detail/rotate_absolute__type_support.h
[36.813s] -- Installing: /home/daxton/ros2_beginning/install/turtlesim/include/turtlesim/turtlesim/action/detail/rotate_absolute__description.c
[36.813s] -- Installing: /home/daxton/ros2_beginning/install/turtlesim/include/turtlesim/turtlesim/action/detail/rotate_absolute__struct.h
[36.814s] -- Installing: /home/daxton/ros2_beginning/install/turtlesim/include/turtlesim/turtlesim/action/detail/rotate_absolute__functions.c
[36.814s] -- Installing: /home/daxton/ros2_beginning/install/turtlesim/include/turtlesim/turtlesim/action/detail/rotate_absolute__functions.h
[36.814s] -- Installing: /home/daxton/ros2_beginning/install/turtlesim/include/turtlesim/turtlesim/msg
[36.814s] -- Installing: /home/daxton/ros2_beginning/install/turtlesim/include/turtlesim/turtlesim/msg/color.h
[36.814s] -- Installing: /home/daxton/ros2_beginning/install/turtlesim/include/turtlesim/turtlesim/msg/detail
[36.814s] -- Installing: /home/daxton/ros2_beginning/install/turtlesim/include/turtlesim/turtlesim/msg/detail/pose__functions.c
[36.815s] -- Installing: /home/daxton/ros2_beginning/install/turtlesim/include/turtlesim/turtlesim/msg/detail/color__functions.c
[36.815s] -- Installing: /home/daxton/ros2_beginning/install/turtlesim/include/turtlesim/turtlesim/msg/detail/pose__type_support.c
[36.815s] -- Installing: /home/daxton/ros2_beginning/install/turtlesim/include/turtlesim/turtlesim/msg/detail/pose__functions.h
[36.815s] -- Installing: /home/daxton/ros2_beginning/install/turtlesim/include/turtlesim/turtlesim/msg/detail/color__type_support.c
[36.815s] -- Installing: /home/daxton/ros2_beginning/install/turtlesim/include/turtlesim/turtlesim/msg/detail/pose__type_support.h
[36.815s] -- Installing: /home/daxton/ros2_beginning/install/turtlesim/include/turtlesim/turtlesim/msg/detail/pose__struct.h
[36.816s] -- Installing: /home/daxton/ros2_beginning/install/turtlesim/include/turtlesim/turtlesim/msg/detail/pose__description.c
[36.816s] -- Installing: /home/daxton/ros2_beginning/install/turtlesim/include/turtlesim/turtlesim/msg/detail/color__type_support.h
[36.816s] -- Installing: /home/daxton/ros2_beginning/install/turtlesim/include/turtlesim/turtlesim/msg/detail/color__functions.h
[36.816s] -- Installing: /home/daxton/ros2_beginning/install/turtlesim/include/turtlesim/turtlesim/msg/detail/color__struct.h
[36.816s] -- Installing: /home/daxton/ros2_beginning/install/turtlesim/include/turtlesim/turtlesim/msg/detail/color__description.c
[36.816s] -- Installing: /home/daxton/ros2_beginning/install/turtlesim/include/turtlesim/turtlesim/msg/pose.h
[36.816s] -- Installing: /home/daxton/ros2_beginning/install/turtlesim/include/turtlesim/turtlesim/msg/rosidl_generator_c__visibility_control.h
[36.817s] -- Installing: /home/daxton/ros2_beginning/install/turtlesim/include/turtlesim/turtlesim/srv
[36.817s] -- Installing: /home/daxton/ros2_beginning/install/turtlesim/include/turtlesim/turtlesim/srv/set_pen.h
[36.817s] -- Installing: /home/daxton/ros2_beginning/install/turtlesim/include/turtlesim/turtlesim/srv/spawn.h
[36.817s] -- Installing: /home/daxton/ros2_beginning/install/turtlesim/include/turtlesim/turtlesim/srv/detail
[36.817s] -- Installing: /home/daxton/ros2_beginning/install/turtlesim/include/turtlesim/turtlesim/srv/detail/spawn__functions.h
[36.817s] -- Installing: /home/daxton/ros2_beginning/install/turtlesim/include/turtlesim/turtlesim/srv/detail/teleport_relative__description.c
[36.817s] -- Installing: /home/daxton/ros2_beginning/install/turtlesim/include/turtlesim/turtlesim/srv/detail/kill__type_support.c
[36.818s] -- Installing: /home/daxton/ros2_beginning/install/turtlesim/include/turtlesim/turtlesim/srv/detail/spawn__struct.h
[36.818s] -- Installing: /home/daxton/ros2_beginning/install/turtlesim/include/turtlesim/turtlesim/srv/detail/spawn__functions.c
[36.818s] -- Installing: /home/daxton/ros2_beginning/install/turtlesim/include/turtlesim/turtlesim/srv/detail/kill__description.c
[36.818s] -- Installing: /home/daxton/ros2_beginning/install/turtlesim/include/turtlesim/turtlesim/srv/detail/kill__functions.h
[36.818s] -- Installing: /home/daxton/ros2_beginning/install/turtlesim/include/turtlesim/turtlesim/srv/detail/teleport_relative__functions.c
[36.818s] -- Installing: /home/daxton/ros2_beginning/install/turtlesim/include/turtlesim/turtlesim/srv/detail/teleport_relative__type_support.c
[36.818s] -- Installing: /home/daxton/ros2_beginning/install/turtlesim/include/turtlesim/turtlesim/srv/detail/spawn__type_support.c
[36.819s] -- Installing: /home/daxton/ros2_beginning/install/turtlesim/include/turtlesim/turtlesim/srv/detail/teleport_relative__functions.h
[36.819s] -- Installing: /home/daxton/ros2_beginning/install/turtlesim/include/turtlesim/turtlesim/srv/detail/kill__functions.c
[36.819s] -- Installing: /home/daxton/ros2_beginning/install/turtlesim/include/turtlesim/turtlesim/srv/detail/set_pen__description.c
[36.819s] -- Installing: /home/daxton/ros2_beginning/install/turtlesim/include/turtlesim/turtlesim/srv/detail/teleport_absolute__functions.h
[36.819s] -- Installing: /home/daxton/ros2_beginning/install/turtlesim/include/turtlesim/turtlesim/srv/detail/set_pen__type_support.h
[36.819s] -- Installing: /home/daxton/ros2_beginning/install/turtlesim/include/turtlesim/turtlesim/srv/detail/spawn__type_support.h
[36.819s] -- Installing: /home/daxton/ros2_beginning/install/turtlesim/include/turtlesim/turtlesim/srv/detail/teleport_relative__type_support.h
[36.820s] -- Installing: /home/daxton/ros2_beginning/install/turtlesim/include/turtlesim/turtlesim/srv/detail/teleport_absolute__type_support.h
[36.820s] -- Installing: /home/daxton/ros2_beginning/install/turtlesim/include/turtlesim/turtlesim/srv/detail/set_pen__functions.h
[36.820s] -- Installing: /home/daxton/ros2_beginning/install/turtlesim/include/turtlesim/turtlesim/srv/detail/kill__struct.h
[36.820s] -- Installing: /home/daxton/ros2_beginning/install/turtlesim/include/turtlesim/turtlesim/srv/detail/set_pen__functions.c
[36.820s] -- Installing: /home/daxton/ros2_beginning/install/turtlesim/include/turtlesim/turtlesim/srv/detail/set_pen__struct.h
[36.820s] -- Installing: /home/daxton/ros2_beginning/install/turtlesim/include/turtlesim/turtlesim/srv/detail/teleport_relative__struct.h
[36.820s] -- Installing: /home/daxton/ros2_beginning/install/turtlesim/include/turtlesim/turtlesim/srv/detail/set_pen__type_support.c
[36.821s] -- Installing: /home/daxton/ros2_beginning/install/turtlesim/include/turtlesim/turtlesim/srv/detail/teleport_absolute__type_support.c
[36.821s] -- Installing: /home/daxton/ros2_beginning/install/turtlesim/include/turtlesim/turtlesim/srv/detail/spawn__description.c
[36.821s] -- Installing: /home/daxton/ros2_beginning/install/turtlesim/include/turtlesim/turtlesim/srv/detail/teleport_absolute__functions.c
[36.821s] -- Installing: /home/daxton/ros2_beginning/install/turtlesim/include/turtlesim/turtlesim/srv/detail/teleport_absolute__struct.h
[36.821s] -- Installing: /home/daxton/ros2_beginning/install/turtlesim/include/turtlesim/turtlesim/srv/detail/kill__type_support.h
[36.821s] -- Installing: /home/daxton/ros2_beginning/install/turtlesim/include/turtlesim/turtlesim/srv/detail/teleport_absolute__description.c
[36.821s] -- Installing: /home/daxton/ros2_beginning/install/turtlesim/include/turtlesim/turtlesim/srv/kill.h
[36.822s] -- Installing: /home/daxton/ros2_beginning/install/turtlesim/include/turtlesim/turtlesim/srv/teleport_absolute.h
[36.822s] -- Installing: /home/daxton/ros2_beginning/install/turtlesim/include/turtlesim/turtlesim/srv/teleport_relative.h
[36.822s] -- Installing: /home/daxton/ros2_beginning/install/turtlesim/share/turtlesim/environment/library_path.sh
[36.822s] -- Installing: /home/daxton/ros2_beginning/install/turtlesim/share/turtlesim/environment/library_path.dsv
[36.822s] -- Installing: /home/daxton/ros2_beginning/install/turtlesim/lib/libturtlesim__rosidl_generator_c.so
[36.822s] -- Set non-toolchain portion of runtime path of "/home/daxton/ros2_beginning/install/turtlesim/lib/libturtlesim__rosidl_generator_c.so" to ""
[36.822s] -- Up-to-date: /home/daxton/ros2_beginning/install/turtlesim/include/turtlesim/turtlesim
[36.823s] -- Up-to-date: /home/daxton/ros2_beginning/install/turtlesim/include/turtlesim/turtlesim/action
[36.823s] -- Up-to-date: /home/daxton/ros2_beginning/install/turtlesim/include/turtlesim/turtlesim/action/detail
[36.823s] -- Installing: /home/daxton/ros2_beginning/install/turtlesim/include/turtlesim/turtlesim/action/detail/rotate_absolute__rosidl_typesupport_fastrtps_c.h
[36.823s] -- Up-to-date: /home/daxton/ros2_beginning/install/turtlesim/include/turtlesim/turtlesim/msg
[36.823s] -- Up-to-date: /home/daxton/ros2_beginning/install/turtlesim/include/turtlesim/turtlesim/msg/detail
[36.823s] -- Installing: /home/daxton/ros2_beginning/install/turtlesim/include/turtlesim/turtlesim/msg/detail/pose__rosidl_typesupport_fastrtps_c.h
[36.823s] -- Installing: /home/daxton/ros2_beginning/install/turtlesim/include/turtlesim/turtlesim/msg/detail/color__rosidl_typesupport_fastrtps_c.h
[36.824s] -- Installing: /home/daxton/ros2_beginning/install/turtlesim/include/turtlesim/turtlesim/msg/rosidl_typesupport_fastrtps_c__visibility_control.h
[36.824s] -- Up-to-date: /home/daxton/ros2_beginning/install/turtlesim/include/turtlesim/turtlesim/srv
[36.824s] -- Up-to-date: /home/daxton/ros2_beginning/install/turtlesim/include/turtlesim/turtlesim/srv/detail
[36.824s] -- Installing: /home/daxton/ros2_beginning/install/turtlesim/include/turtlesim/turtlesim/srv/detail/spawn__rosidl_typesupport_fastrtps_c.h
[36.824s] -- Installing: /home/daxton/ros2_beginning/install/turtlesim/include/turtlesim/turtlesim/srv/detail/kill__rosidl_typesupport_fastrtps_c.h
[36.824s] -- Installing: /home/daxton/ros2_beginning/install/turtlesim/include/turtlesim/turtlesim/srv/detail/teleport_relative__rosidl_typesupport_fastrtps_c.h
[36.824s] -- Installing: /home/daxton/ros2_beginning/install/turtlesim/include/turtlesim/turtlesim/srv/detail/set_pen__rosidl_typesupport_fastrtps_c.h
[36.825s] -- Installing: /home/daxton/ros2_beginning/install/turtlesim/include/turtlesim/turtlesim/srv/detail/teleport_absolute__rosidl_typesupport_fastrtps_c.h
[36.825s] -- Installing: /home/daxton/ros2_beginning/install/turtlesim/lib/libturtlesim__rosidl_typesupport_fastrtps_c.so
[36.825s] -- Set non-toolchain portion of runtime path of "/home/daxton/ros2_beginning/install/turtlesim/lib/libturtlesim__rosidl_typesupport_fastrtps_c.so" to ""
[36.825s] -- Up-to-date: /home/daxton/ros2_beginning/install/turtlesim/include/turtlesim/turtlesim
[36.825s] -- Up-to-date: /home/daxton/ros2_beginning/install/turtlesim/include/turtlesim/turtlesim/action
[36.825s] -- Up-to-date: /home/daxton/ros2_beginning/install/turtlesim/include/turtlesim/turtlesim/action/detail
[36.825s] -- Installing: /home/daxton/ros2_beginning/install/turtlesim/include/turtlesim/turtlesim/action/detail/rotate_absolute__traits.hpp
[36.826s] -- Installing: /home/daxton/ros2_beginning/install/turtlesim/include/turtlesim/turtlesim/action/detail/rotate_absolute__builder.hpp
[36.826s] -- Installing: /home/daxton/ros2_beginning/install/turtlesim/include/turtlesim/turtlesim/action/detail/rotate_absolute__struct.hpp
[36.826s] -- Installing: /home/daxton/ros2_beginning/install/turtlesim/include/turtlesim/turtlesim/action/detail/rotate_absolute__type_support.hpp
[36.826s] -- Installing: /home/daxton/ros2_beginning/install/turtlesim/include/turtlesim/turtlesim/action/rotate_absolute.hpp
[36.826s] -- Up-to-date: /home/daxton/ros2_beginning/install/turtlesim/include/turtlesim/turtlesim/msg
[36.826s] -- Installing: /home/daxton/ros2_beginning/install/turtlesim/include/turtlesim/turtlesim/msg/color.hpp
[36.826s] -- Up-to-date: /home/daxton/ros2_beginning/install/turtlesim/include/turtlesim/turtlesim/msg/detail
[36.827s] -- Installing: /home/daxton/ros2_beginning/install/turtlesim/include/turtlesim/turtlesim/msg/detail/color__type_support.hpp
[36.827s] -- Installing: /home/daxton/ros2_beginning/install/turtlesim/include/turtlesim/turtlesim/msg/detail/pose__struct.hpp
[36.827s] -- Installing: /home/daxton/ros2_beginning/install/turtlesim/include/turtlesim/turtlesim/msg/detail/color__struct.hpp
[36.827s] -- Installing: /home/daxton/ros2_beginning/install/turtlesim/include/turtlesim/turtlesim/msg/detail/color__builder.hpp
[36.827s] -- Installing: /home/daxton/ros2_beginning/install/turtlesim/include/turtlesim/turtlesim/msg/detail/pose__traits.hpp
[36.827s] -- Installing: /home/daxton/ros2_beginning/install/turtlesim/include/turtlesim/turtlesim/msg/detail/color__traits.hpp
[36.827s] -- Installing: /home/daxton/ros2_beginning/install/turtlesim/include/turtlesim/turtlesim/msg/detail/pose__builder.hpp
[36.828s] -- Installing: /home/daxton/ros2_beginning/install/turtlesim/include/turtlesim/turtlesim/msg/detail/pose__type_support.hpp
[36.828s] -- Installing: /home/daxton/ros2_beginning/install/turtlesim/include/turtlesim/turtlesim/msg/pose.hpp
[36.828s] -- Installing: /home/daxton/ros2_beginning/install/turtlesim/include/turtlesim/turtlesim/msg/rosidl_generator_cpp__visibility_control.hpp
[36.828s] -- Up-to-date: /home/daxton/ros2_beginning/install/turtlesim/include/turtlesim/turtlesim/srv
[36.828s] -- Installing: /home/daxton/ros2_beginning/install/turtlesim/include/turtlesim/turtlesim/srv/spawn.hpp
[36.828s] -- Up-to-date: /home/daxton/ros2_beginning/install/turtlesim/include/turtlesim/turtlesim/srv/detail
[36.828s] -- Installing: /home/daxton/ros2_beginning/install/turtlesim/include/turtlesim/turtlesim/srv/detail/kill__struct.hpp
[36.829s] -- Installing: /home/daxton/ros2_beginning/install/turtlesim/include/turtlesim/turtlesim/srv/detail/spawn__struct.hpp
[36.829s] -- Installing: /home/daxton/ros2_beginning/install/turtlesim/include/turtlesim/turtlesim/srv/detail/set_pen__builder.hpp
[36.829s] -- Installing: /home/daxton/ros2_beginning/install/turtlesim/include/turtlesim/turtlesim/srv/detail/spawn__builder.hpp
[36.829s] -- Installing: /home/daxton/ros2_beginning/install/turtlesim/include/turtlesim/turtlesim/srv/detail/teleport_relative__type_support.hpp
[36.829s] -- Installing: /home/daxton/ros2_beginning/install/turtlesim/include/turtlesim/turtlesim/srv/detail/teleport_absolute__type_support.hpp
[36.829s] -- Installing: /home/daxton/ros2_beginning/install/turtlesim/include/turtlesim/turtlesim/srv/detail/set_pen__traits.hpp
[36.829s] -- Installing: /home/daxton/ros2_beginning/install/turtlesim/include/turtlesim/turtlesim/srv/detail/teleport_relative__traits.hpp
[36.830s] -- Installing: /home/daxton/ros2_beginning/install/turtlesim/include/turtlesim/turtlesim/srv/detail/set_pen__struct.hpp
[36.830s] -- Installing: /home/daxton/ros2_beginning/install/turtlesim/include/turtlesim/turtlesim/srv/detail/kill__type_support.hpp
[36.830s] -- Installing: /home/daxton/ros2_beginning/install/turtlesim/include/turtlesim/turtlesim/srv/detail/teleport_relative__struct.hpp
[36.830s] -- Installing: /home/daxton/ros2_beginning/install/turtlesim/include/turtlesim/turtlesim/srv/detail/set_pen__type_support.hpp
[36.830s] -- Installing: /home/daxton/ros2_beginning/install/turtlesim/include/turtlesim/turtlesim/srv/detail/teleport_absolute__traits.hpp
[36.830s] -- Installing: /home/daxton/ros2_beginning/install/turtlesim/include/turtlesim/turtlesim/srv/detail/spawn__type_support.hpp
[36.830s] -- Installing: /home/daxton/ros2_beginning/install/turtlesim/include/turtlesim/turtlesim/srv/detail/teleport_relative__builder.hpp
[36.831s] -- Installing: /home/daxton/ros2_beginning/install/turtlesim/include/turtlesim/turtlesim/srv/detail/kill__builder.hpp
[36.831s] -- Installing: /home/daxton/ros2_beginning/install/turtlesim/include/turtlesim/turtlesim/srv/detail/spawn__traits.hpp
[36.831s] -- Installing: /home/daxton/ros2_beginning/install/turtlesim/include/turtlesim/turtlesim/srv/detail/teleport_absolute__builder.hpp
[36.831s] -- Installing: /home/daxton/ros2_beginning/install/turtlesim/include/turtlesim/turtlesim/srv/detail/teleport_absolute__struct.hpp
[36.831s] -- Installing: /home/daxton/ros2_beginning/install/turtlesim/include/turtlesim/turtlesim/srv/detail/kill__traits.hpp
[36.831s] -- Installing: /home/daxton/ros2_beginning/install/turtlesim/include/turtlesim/turtlesim/srv/teleport_absolute.hpp
[36.832s] -- Installing: /home/daxton/ros2_beginning/install/turtlesim/include/turtlesim/turtlesim/srv/teleport_relative.hpp
[36.832s] -- Installing: /home/daxton/ros2_beginning/install/turtlesim/include/turtlesim/turtlesim/srv/set_pen.hpp
[36.832s] -- Installing: /home/daxton/ros2_beginning/install/turtlesim/include/turtlesim/turtlesim/srv/kill.hpp
[36.832s] -- Up-to-date: /home/daxton/ros2_beginning/install/turtlesim/include/turtlesim/turtlesim
[36.832s] -- Up-to-date: /home/daxton/ros2_beginning/install/turtlesim/include/turtlesim/turtlesim/action
[36.832s] -- Up-to-date: /home/daxton/ros2_beginning/install/turtlesim/include/turtlesim/turtlesim/action/detail
[36.832s] -- Installing: /home/daxton/ros2_beginning/install/turtlesim/include/turtlesim/turtlesim/action/detail/rotate_absolute__rosidl_typesupport_fastrtps_cpp.hpp
[36.832s] -- Installing: /home/daxton/ros2_beginning/install/turtlesim/include/turtlesim/turtlesim/action/detail/dds_fastrtps
[36.833s] -- Up-to-date: /home/daxton/ros2_beginning/install/turtlesim/include/turtlesim/turtlesim/msg
[36.833s] -- Installing: /home/daxton/ros2_beginning/install/turtlesim/include/turtlesim/turtlesim/msg/rosidl_typesupport_fastrtps_cpp__visibility_control.h
[36.833s] -- Up-to-date: /home/daxton/ros2_beginning/install/turtlesim/include/turtlesim/turtlesim/msg/detail
[36.833s] -- Installing: /home/daxton/ros2_beginning/install/turtlesim/include/turtlesim/turtlesim/msg/detail/pose__rosidl_typesupport_fastrtps_cpp.hpp
[36.833s] -- Installing: /home/daxton/ros2_beginning/install/turtlesim/include/turtlesim/turtlesim/msg/detail/color__rosidl_typesupport_fastrtps_cpp.hpp
[36.833s] -- Installing: /home/daxton/ros2_beginning/install/turtlesim/include/turtlesim/turtlesim/msg/detail/dds_fastrtps
[36.833s] -- Up-to-date: /home/daxton/ros2_beginning/install/turtlesim/include/turtlesim/turtlesim/srv
[36.834s] -- Up-to-date: /home/daxton/ros2_beginning/install/turtlesim/include/turtlesim/turtlesim/srv/detail
[36.834s] -- Installing: /home/daxton/ros2_beginning/install/turtlesim/include/turtlesim/turtlesim/srv/detail/teleport_relative__rosidl_typesupport_fastrtps_cpp.hpp
[36.834s] -- Installing: /home/daxton/ros2_beginning/install/turtlesim/include/turtlesim/turtlesim/srv/detail/kill__rosidl_typesupport_fastrtps_cpp.hpp
[36.834s] -- Installing: /home/daxton/ros2_beginning/install/turtlesim/include/turtlesim/turtlesim/srv/detail/teleport_absolute__rosidl_typesupport_fastrtps_cpp.hpp
[36.834s] -- Installing: /home/daxton/ros2_beginning/install/turtlesim/include/turtlesim/turtlesim/srv/detail/spawn__rosidl_typesupport_fastrtps_cpp.hpp
[36.834s] -- Installing: /home/daxton/ros2_beginning/install/turtlesim/include/turtlesim/turtlesim/srv/detail/dds_fastrtps
[36.834s] -- Installing: /home/daxton/ros2_beginning/install/turtlesim/include/turtlesim/turtlesim/srv/detail/set_pen__rosidl_typesupport_fastrtps_cpp.hpp
[36.834s] -- Installing: /home/daxton/ros2_beginning/install/turtlesim/lib/libturtlesim__rosidl_typesupport_fastrtps_cpp.so
[36.834s] -- Set non-toolchain portion of runtime path of "/home/daxton/ros2_beginning/install/turtlesim/lib/libturtlesim__rosidl_typesupport_fastrtps_cpp.so" to ""
[36.834s] -- Up-to-date: /home/daxton/ros2_beginning/install/turtlesim/include/turtlesim/turtlesim
[36.834s] -- Up-to-date: /home/daxton/ros2_beginning/install/turtlesim/include/turtlesim/turtlesim/action
[36.834s] -- Up-to-date: /home/daxton/ros2_beginning/install/turtlesim/include/turtlesim/turtlesim/action/detail
[36.835s] -- Installing: /home/daxton/ros2_beginning/install/turtlesim/include/turtlesim/turtlesim/action/detail/rotate_absolute__type_support.c
[36.835s] -- Installing: /home/daxton/ros2_beginning/install/turtlesim/include/turtlesim/turtlesim/action/detail/rotate_absolute__rosidl_typesupport_introspection_c.h
[36.835s] -- Up-to-date: /home/daxton/ros2_beginning/install/turtlesim/include/turtlesim/turtlesim/msg
[36.835s] -- Up-to-date: /home/daxton/ros2_beginning/install/turtlesim/include/turtlesim/turtlesim/msg/detail
[36.835s] -- Installing: /home/daxton/ros2_beginning/install/turtlesim/include/turtlesim/turtlesim/msg/detail/color__rosidl_typesupport_introspection_c.h
[36.835s] -- Installing: /home/daxton/ros2_beginning/install/turtlesim/include/turtlesim/turtlesim/msg/detail/pose__type_support.c
[36.835s] -- Installing: /home/daxton/ros2_beginning/install/turtlesim/include/turtlesim/turtlesim/msg/detail/color__type_support.c
[36.835s] -- Installing: /home/daxton/ros2_beginning/install/turtlesim/include/turtlesim/turtlesim/msg/detail/pose__rosidl_typesupport_introspection_c.h
[36.835s] -- Installing: /home/daxton/ros2_beginning/install/turtlesim/include/turtlesim/turtlesim/msg/rosidl_typesupport_introspection_c__visibility_control.h
[36.835s] -- Up-to-date: /home/daxton/ros2_beginning/install/turtlesim/include/turtlesim/turtlesim/srv
[36.835s] -- Up-to-date: /home/daxton/ros2_beginning/install/turtlesim/include/turtlesim/turtlesim/srv/detail
[36.835s] -- Installing: /home/daxton/ros2_beginning/install/turtlesim/include/turtlesim/turtlesim/srv/detail/kill__type_support.c
[36.835s] -- Installing: /home/daxton/ros2_beginning/install/turtlesim/include/turtlesim/turtlesim/srv/detail/spawn__rosidl_typesupport_introspection_c.h
[36.836s] -- Installing: /home/daxton/ros2_beginning/install/turtlesim/include/turtlesim/turtlesim/srv/detail/kill__rosidl_typesupport_introspection_c.h
[36.836s] -- Installing: /home/daxton/ros2_beginning/install/turtlesim/include/turtlesim/turtlesim/srv/detail/set_pen__rosidl_typesupport_introspection_c.h
[36.836s] -- Installing: /home/daxton/ros2_beginning/install/turtlesim/include/turtlesim/turtlesim/srv/detail/teleport_relative__rosidl_typesupport_introspection_c.h
[36.836s] -- Installing: /home/daxton/ros2_beginning/install/turtlesim/include/turtlesim/turtlesim/srv/detail/teleport_relative__type_support.c
[36.836s] -- Installing: /home/daxton/ros2_beginning/install/turtlesim/include/turtlesim/turtlesim/srv/detail/spawn__type_support.c
[36.836s] -- Installing: /home/daxton/ros2_beginning/install/turtlesim/include/turtlesim/turtlesim/srv/detail/teleport_absolute__rosidl_typesupport_introspection_c.h
[36.836s] -- Installing: /home/daxton/ros2_beginning/install/turtlesim/include/turtlesim/turtlesim/srv/detail/set_pen__type_support.c
[36.836s] -- Installing: /home/daxton/ros2_beginning/install/turtlesim/include/turtlesim/turtlesim/srv/detail/teleport_absolute__type_support.c
[36.836s] -- Installing: /home/daxton/ros2_beginning/install/turtlesim/lib/libturtlesim__rosidl_typesupport_introspection_c.so
[36.836s] -- Set non-toolchain portion of runtime path of "/home/daxton/ros2_beginning/install/turtlesim/lib/libturtlesim__rosidl_typesupport_introspection_c.so" to ""
[36.836s] -- Installing: /home/daxton/ros2_beginning/install/turtlesim/lib/libturtlesim__rosidl_typesupport_c.so
[36.836s] -- Set non-toolchain portion of runtime path of "/home/daxton/ros2_beginning/install/turtlesim/lib/libturtlesim__rosidl_typesupport_c.so" to ""
[36.837s] -- Up-to-date: /home/daxton/ros2_beginning/install/turtlesim/include/turtlesim/turtlesim
[36.837s] -- Up-to-date: /home/daxton/ros2_beginning/install/turtlesim/include/turtlesim/turtlesim/action
[36.837s] -- Up-to-date: /home/daxton/ros2_beginning/install/turtlesim/include/turtlesim/turtlesim/action/detail
[36.837s] -- Installing: /home/daxton/ros2_beginning/install/turtlesim/include/turtlesim/turtlesim/action/detail/rotate_absolute__type_support.cpp
[36.837s] -- Installing: /home/daxton/ros2_beginning/install/turtlesim/include/turtlesim/turtlesim/action/detail/rotate_absolute__rosidl_typesupport_introspection_cpp.hpp
[36.837s] -- Up-to-date: /home/daxton/ros2_beginning/install/turtlesim/include/turtlesim/turtlesim/msg
[36.837s] -- Up-to-date: /home/daxton/ros2_beginning/install/turtlesim/include/turtlesim/turtlesim/msg/detail
[36.837s] -- Installing: /home/daxton/ros2_beginning/install/turtlesim/include/turtlesim/turtlesim/msg/detail/pose__type_support.cpp
[36.837s] -- Installing: /home/daxton/ros2_beginning/install/turtlesim/include/turtlesim/turtlesim/msg/detail/color__rosidl_typesupport_introspection_cpp.hpp
[36.838s] -- Installing: /home/daxton/ros2_beginning/install/turtlesim/include/turtlesim/turtlesim/msg/detail/color__type_support.cpp
[36.838s] -- Installing: /home/daxton/ros2_beginning/install/turtlesim/include/turtlesim/turtlesim/msg/detail/pose__rosidl_typesupport_introspection_cpp.hpp
[36.838s] -- Up-to-date: /home/daxton/ros2_beginning/install/turtlesim/include/turtlesim/turtlesim/srv
[36.838s] -- Up-to-date: /home/daxton/ros2_beginning/install/turtlesim/include/turtlesim/turtlesim/srv/detail
[36.838s] -- Installing: /home/daxton/ros2_beginning/install/turtlesim/include/turtlesim/turtlesim/srv/detail/kill__rosidl_typesupport_introspection_cpp.hpp
[36.838s] -- Installing: /home/daxton/ros2_beginning/install/turtlesim/include/turtlesim/turtlesim/srv/detail/set_pen__rosidl_typesupport_introspection_cpp.hpp
[36.838s] -- Installing: /home/daxton/ros2_beginning/install/turtlesim/include/turtlesim/turtlesim/srv/detail/teleport_absolute__rosidl_typesupport_introspection_cpp.hpp
[36.838s] -- Installing: /home/daxton/ros2_beginning/install/turtlesim/include/turtlesim/turtlesim/srv/detail/teleport_absolute__type_support.cpp
[36.838s] -- Installing: /home/daxton/ros2_beginning/install/turtlesim/include/turtlesim/turtlesim/srv/detail/kill__type_support.cpp
[36.838s] -- Installing: /home/daxton/ros2_beginning/install/turtlesim/include/turtlesim/turtlesim/srv/detail/teleport_relative__type_support.cpp
[36.838s] -- Installing: /home/daxton/ros2_beginning/install/turtlesim/include/turtlesim/turtlesim/srv/detail/set_pen__type_support.cpp
[36.838s] -- Installing: /home/daxton/ros2_beginning/install/turtlesim/include/turtlesim/turtlesim/srv/detail/spawn__type_support.cpp
[36.839s] -- Installing: /home/daxton/ros2_beginning/install/turtlesim/include/turtlesim/turtlesim/srv/detail/teleport_relative__rosidl_typesupport_introspection_cpp.hpp
[36.839s] -- Installing: /home/daxton/ros2_beginning/install/turtlesim/include/turtlesim/turtlesim/srv/detail/spawn__rosidl_typesupport_introspection_cpp.hpp
[36.839s] -- Installing: /home/daxton/ros2_beginning/install/turtlesim/lib/libturtlesim__rosidl_typesupport_introspection_cpp.so
[36.839s] -- Set non-toolchain portion of runtime path of "/home/daxton/ros2_beginning/install/turtlesim/lib/libturtlesim__rosidl_typesupport_introspection_cpp.so" to ""
[36.839s] -- Installing: /home/daxton/ros2_beginning/install/turtlesim/lib/libturtlesim__rosidl_typesupport_cpp.so
[36.839s] -- Set non-toolchain portion of runtime path of "/home/daxton/ros2_beginning/install/turtlesim/lib/libturtlesim__rosidl_typesupport_cpp.so" to ""
[36.839s] -- Installing: /home/daxton/ros2_beginning/install/turtlesim/share/turtlesim/environment/pythonpath.sh
[36.839s] -- Installing: /home/daxton/ros2_beginning/install/turtlesim/share/turtlesim/environment/pythonpath.dsv
[36.839s] -- Installing: /home/daxton/ros2_beginning/install/turtlesim/lib/python3.12/site-packages/turtlesim-1.8.3-py3.12.egg-info
[36.839s] -- Installing: /home/daxton/ros2_beginning/install/turtlesim/lib/python3.12/site-packages/turtlesim-1.8.3-py3.12.egg-info/dependency_links.txt
[36.840s] -- Installing: /home/daxton/ros2_beginning/install/turtlesim/lib/python3.12/site-packages/turtlesim-1.8.3-py3.12.egg-info/SOURCES.txt
[36.840s] -- Installing: /home/daxton/ros2_beginning/install/turtlesim/lib/python3.12/site-packages/turtlesim-1.8.3-py3.12.egg-info/PKG-INFO
[36.840s] -- Installing: /home/daxton/ros2_beginning/install/turtlesim/lib/python3.12/site-packages/turtlesim-1.8.3-py3.12.egg-info/top_level.txt
[36.840s] -- Installing: /home/daxton/ros2_beginning/install/turtlesim/lib/python3.12/site-packages/turtlesim
[36.840s] -- Installing: /home/daxton/ros2_beginning/install/turtlesim/lib/python3.12/site-packages/turtlesim/_turtlesim_s.ep.rosidl_typesupport_fastrtps_c.c
[36.840s] -- Installing: /home/daxton/ros2_beginning/install/turtlesim/lib/python3.12/site-packages/turtlesim/action
[36.840s] -- Installing: /home/daxton/ros2_beginning/install/turtlesim/lib/python3.12/site-packages/turtlesim/action/_rotate_absolute.py
[36.840s] -- Installing: /home/daxton/ros2_beginning/install/turtlesim/lib/python3.12/site-packages/turtlesim/action/__init__.py
[36.840s] -- Installing: /home/daxton/ros2_beginning/install/turtlesim/lib/python3.12/site-packages/turtlesim/action/_rotate_absolute_s.c
[36.840s] -- Installing: /home/daxton/ros2_beginning/install/turtlesim/lib/python3.12/site-packages/turtlesim/msg
[36.840s] -- Installing: /home/daxton/ros2_beginning/install/turtlesim/lib/python3.12/site-packages/turtlesim/msg/_color_s.c
[36.840s] -- Installing: /home/daxton/ros2_beginning/install/turtlesim/lib/python3.12/site-packages/turtlesim/msg/_color.py
[36.840s] -- Installing: /home/daxton/ros2_beginning/install/turtlesim/lib/python3.12/site-packages/turtlesim/msg/_pose_s.c
[36.840s] -- Installing: /home/daxton/ros2_beginning/install/turtlesim/lib/python3.12/site-packages/turtlesim/msg/__init__.py
[36.841s] -- Installing: /home/daxton/ros2_beginning/install/turtlesim/lib/python3.12/site-packages/turtlesim/msg/_pose.py
[36.841s] -- Installing: /home/daxton/ros2_beginning/install/turtlesim/lib/python3.12/site-packages/turtlesim/turtlesim_s__rosidl_typesupport_introspection_c.so
[36.841s] -- Installing: /home/daxton/ros2_beginning/install/turtlesim/lib/python3.12/site-packages/turtlesim/srv
[36.841s] -- Installing: /home/daxton/ros2_beginning/install/turtlesim/lib/python3.12/site-packages/turtlesim/srv/_teleport_absolute.py
[36.841s] -- Installing: /home/daxton/ros2_beginning/install/turtlesim/lib/python3.12/site-packages/turtlesim/srv/_teleport_relative_s.c
[36.841s] -- Installing: /home/daxton/ros2_beginning/install/turtlesim/lib/python3.12/site-packages/turtlesim/srv/_spawn_s.c
[36.841s] -- Installing: /home/daxton/ros2_beginning/install/turtlesim/lib/python3.12/site-packages/turtlesim/srv/_spawn.py
[36.841s] -- Installing: /home/daxton/ros2_beginning/install/turtlesim/lib/python3.12/site-packages/turtlesim/srv/_teleport_absolute_s.c
[36.841s] -- Installing: /home/daxton/ros2_beginning/install/turtlesim/lib/python3.12/site-packages/turtlesim/srv/_kill.py
[36.841s] -- Installing: /home/daxton/ros2_beginning/install/turtlesim/lib/python3.12/site-packages/turtlesim/srv/__init__.py
[36.841s] -- Installing: /home/daxton/ros2_beginning/install/turtlesim/lib/python3.12/site-packages/turtlesim/srv/_kill_s.c
[36.841s] -- Installing: /home/daxton/ros2_beginning/install/turtlesim/lib/python3.12/site-packages/turtlesim/srv/_teleport_relative.py
[36.841s] -- Installing: /home/daxton/ros2_beginning/install/turtlesim/lib/python3.12/site-packages/turtlesim/srv/_set_pen.py
[36.841s] -- Installing: /home/daxton/ros2_beginning/install/turtlesim/lib/python3.12/site-packages/turtlesim/srv/_set_pen_s.c
[36.841s] -- Installing: /home/daxton/ros2_beginning/install/turtlesim/lib/python3.12/site-packages/turtlesim/__init__.py
[36.842s] -- Installing: /home/daxton/ros2_beginning/install/turtlesim/lib/python3.12/site-packages/turtlesim/_turtlesim_s.ep.rosidl_typesupport_c.c
[36.842s] -- Installing: /home/daxton/ros2_beginning/install/turtlesim/lib/python3.12/site-packages/turtlesim/turtlesim_s__rosidl_typesupport_fastrtps_c.so
[36.842s] -- Installing: /home/daxton/ros2_beginning/install/turtlesim/lib/python3.12/site-packages/turtlesim/_turtlesim_s.ep.rosidl_typesupport_introspection_c.c
[36.842s] -- Installing: /home/daxton/ros2_beginning/install/turtlesim/lib/python3.12/site-packages/turtlesim/turtlesim_s__rosidl_typesupport_c.so
[36.931s] Listing '/home/daxton/ros2_beginning/install/turtlesim/lib/python3.12/site-packages/turtlesim'...
[36.931s] Compiling '/home/daxton/ros2_beginning/install/turtlesim/lib/python3.12/site-packages/turtlesim/__init__.py'...
[36.931s] Listing '/home/daxton/ros2_beginning/install/turtlesim/lib/python3.12/site-packages/turtlesim/action'...
[36.931s] Compiling '/home/daxton/ros2_beginning/install/turtlesim/lib/python3.12/site-packages/turtlesim/action/__init__.py'...
[36.931s] Compiling '/home/daxton/ros2_beginning/install/turtlesim/lib/python3.12/site-packages/turtlesim/action/_rotate_absolute.py'...
[36.931s] Listing '/home/daxton/ros2_beginning/install/turtlesim/lib/python3.12/site-packages/turtlesim/msg'...
[36.931s] Compiling '/home/daxton/ros2_beginning/install/turtlesim/lib/python3.12/site-packages/turtlesim/msg/__init__.py'...
[36.931s] Compiling '/home/daxton/ros2_beginning/install/turtlesim/lib/python3.12/site-packages/turtlesim/msg/_color.py'...
[36.931s] Compiling '/home/daxton/ros2_beginning/install/turtlesim/lib/python3.12/site-packages/turtlesim/msg/_pose.py'...
[36.931s] Listing '/home/daxton/ros2_beginning/install/turtlesim/lib/python3.12/site-packages/turtlesim/srv'...
[36.932s] Compiling '/home/daxton/ros2_beginning/install/turtlesim/lib/python3.12/site-packages/turtlesim/srv/__init__.py'...
[36.932s] Compiling '/home/daxton/ros2_beginning/install/turtlesim/lib/python3.12/site-packages/turtlesim/srv/_kill.py'...
[36.932s] Compiling '/home/daxton/ros2_beginning/install/turtlesim/lib/python3.12/site-packages/turtlesim/srv/_set_pen.py'...
[36.932s] Compiling '/home/daxton/ros2_beginning/install/turtlesim/lib/python3.12/site-packages/turtlesim/srv/_spawn.py'...
[36.932s] Compiling '/home/daxton/ros2_beginning/install/turtlesim/lib/python3.12/site-packages/turtlesim/srv/_teleport_absolute.py'...
[36.932s] Compiling '/home/daxton/ros2_beginning/install/turtlesim/lib/python3.12/site-packages/turtlesim/srv/_teleport_relative.py'...
[36.939s] -- Installing: /home/daxton/ros2_beginning/install/turtlesim/lib/python3.12/site-packages/turtlesim/turtlesim_s__rosidl_typesupport_fastrtps_c.so
[36.939s] -- Set non-toolchain portion of runtime path of "/home/daxton/ros2_beginning/install/turtlesim/lib/python3.12/site-packages/turtlesim/turtlesim_s__rosidl_typesupport_fastrtps_c.so" to ""
[36.940s] -- Installing: /home/daxton/ros2_beginning/install/turtlesim/lib/python3.12/site-packages/turtlesim/turtlesim_s__rosidl_typesupport_introspection_c.so
[36.940s] -- Set non-toolchain portion of runtime path of "/home/daxton/ros2_beginning/install/turtlesim/lib/python3.12/site-packages/turtlesim/turtlesim_s__rosidl_typesupport_introspection_c.so" to ""
[36.940s] -- Installing: /home/daxton/ros2_beginning/install/turtlesim/lib/python3.12/site-packages/turtlesim/turtlesim_s__rosidl_typesupport_c.so
[36.940s] -- Set non-toolchain portion of runtime path of "/home/daxton/ros2_beginning/install/turtlesim/lib/python3.12/site-packages/turtlesim/turtlesim_s__rosidl_typesupport_c.so" to ""
[36.940s] -- Installing: /home/daxton/ros2_beginning/install/turtlesim/lib/libturtlesim__rosidl_generator_py.so
[36.941s] -- Set non-toolchain portion of runtime path of "/home/daxton/ros2_beginning/install/turtlesim/lib/libturtlesim__rosidl_generator_py.so" to ""
[36.941s] -- Installing: /home/daxton/ros2_beginning/install/turtlesim/share/turtlesim/action/RotateAbsolute.idl
[36.941s] -- Installing: /home/daxton/ros2_beginning/install/turtlesim/share/turtlesim/msg/Color.idl
[36.941s] -- Installing: /home/daxton/ros2_beginning/install/turtlesim/share/turtlesim/msg/Pose.idl
[36.941s] -- Installing: /home/daxton/ros2_beginning/install/turtlesim/share/turtlesim/srv/Kill.idl
[36.941s] -- Installing: /home/daxton/ros2_beginning/install/turtlesim/share/turtlesim/srv/SetPen.idl
[36.941s] -- Installing: /home/daxton/ros2_beginning/install/turtlesim/share/turtlesim/srv/Spawn.idl
[36.942s] -- Installing: /home/daxton/ros2_beginning/install/turtlesim/share/turtlesim/srv/TeleportAbsolute.idl
[36.942s] -- Installing: /home/daxton/ros2_beginning/install/turtlesim/share/turtlesim/srv/TeleportRelative.idl
[36.942s] -- Installing: /home/daxton/ros2_beginning/install/turtlesim/share/turtlesim/action/RotateAbsolute.action
[36.942s] -- Installing: /home/daxton/ros2_beginning/install/turtlesim/share/turtlesim/msg/Color.msg
[36.942s] -- Installing: /home/daxton/ros2_beginning/install/turtlesim/share/turtlesim/msg/Pose.msg
[36.942s] -- Installing: /home/daxton/ros2_beginning/install/turtlesim/share/turtlesim/srv/Kill.srv
[36.942s] -- Installing: /home/daxton/ros2_beginning/install/turtlesim/share/turtlesim/srv/SetPen.srv
[36.942s] -- Installing: /home/daxton/ros2_beginning/install/turtlesim/share/turtlesim/srv/Spawn.srv
[36.942s] -- Installing: /home/daxton/ros2_beginning/install/turtlesim/share/turtlesim/srv/TeleportAbsolute.srv
[36.942s] -- Installing: /home/daxton/ros2_beginning/install/turtlesim/share/turtlesim/srv/TeleportRelative.srv
[36.942s] -- Installing: /home/daxton/ros2_beginning/install/turtlesim/lib/turtlesim/turtlesim_node
[36.954s] -- Set non-toolchain portion of runtime path of "/home/daxton/ros2_beginning/install/turtlesim/lib/turtlesim/turtlesim_node" to ""
[36.954s] -- Installing: /home/daxton/ros2_beginning/install/turtlesim/lib/turtlesim/turtle_teleop_key
[36.956s] -- Set non-toolchain portion of runtime path of "/home/daxton/ros2_beginning/install/turtlesim/lib/turtlesim/turtle_teleop_key" to ""
[36.956s] -- Installing: /home/daxton/ros2_beginning/install/turtlesim/lib/turtlesim/draw_square
[36.961s] -- Set non-toolchain portion of runtime path of "/home/daxton/ros2_beginning/install/turtlesim/lib/turtlesim/draw_square" to ""
[36.961s] -- Installing: /home/daxton/ros2_beginning/install/turtlesim/lib/turtlesim/mimic
[36.966s] -- Set non-toolchain portion of runtime path of "/home/daxton/ros2_beginning/install/turtlesim/lib/turtlesim/mimic" to ""
[36.966s] -- Installing: /home/daxton/ros2_beginning/install/turtlesim/share/turtlesim/images
[36.966s] -- Installing: /home/daxton/ros2_beginning/install/turtlesim/share/turtlesim/images/crystal.png
[36.966s] -- Installing: /home/daxton/ros2_beginning/install/turtlesim/share/turtlesim/images/eloquent.png
[36.966s] -- Installing: /home/daxton/ros2_beginning/install/turtlesim/share/turtlesim/images/humble.png
[36.966s] -- Installing: /home/daxton/ros2_beginning/install/turtlesim/share/turtlesim/images/ardent.png
[36.966s] -- Installing: /home/daxton/ros2_beginning/install/turtlesim/share/turtlesim/images/rolling.png
[36.967s] -- Installing: /home/daxton/ros2_beginning/install/turtlesim/share/turtlesim/images/jazzy.png
[36.967s] -- Installing: /home/daxton/ros2_beginning/install/turtlesim/share/turtlesim/images/galactic.png
[36.967s] -- Installing: /home/daxton/ros2_beginning/install/turtlesim/share/turtlesim/images/foxy.png
[36.967s] -- Installing: /home/daxton/ros2_beginning/install/turtlesim/share/turtlesim/images/bouncy.png
[36.967s] -- Installing: /home/daxton/ros2_beginning/install/turtlesim/share/turtlesim/images/dashing.png
[36.967s] -- Installing: /home/daxton/ros2_beginning/install/turtlesim/share/turtlesim/images/iron.png
[36.967s] -- Installing: /home/daxton/ros2_beginning/install/turtlesim/share/turtlesim/launch
[36.967s] -- Installing: /home/daxton/ros2_beginning/install/turtlesim/share/turtlesim/launch/multisim.launch.py
[36.967s] -- Installing: /home/daxton/ros2_beginning/install/turtlesim/share/ament_index/resource_index/package_run_dependencies/turtlesim
[36.967s] -- Installing: /home/daxton/ros2_beginning/install/turtlesim/share/ament_index/resource_index/parent_prefix_path/turtlesim
[36.968s] -- Installing: /home/daxton/ros2_beginning/install/turtlesim/share/turtlesim/environment/ament_prefix_path.sh
[36.968s] -- Installing: /home/daxton/ros2_beginning/install/turtlesim/share/turtlesim/environment/ament_prefix_path.dsv
[36.968s] -- Installing: /home/daxton/ros2_beginning/install/turtlesim/share/turtlesim/environment/path.sh
[36.968s] -- Installing: /home/daxton/ros2_beginning/install/turtlesim/share/turtlesim/environment/path.dsv
[36.968s] -- Installing: /home/daxton/ros2_beginning/install/turtlesim/share/turtlesim/local_setup.bash
[36.968s] -- Installing: /home/daxton/ros2_beginning/install/turtlesim/share/turtlesim/local_setup.sh
[36.968s] -- Installing: /home/daxton/ros2_beginning/install/turtlesim/share/turtlesim/local_setup.zsh
[36.968s] -- Installing: /home/daxton/ros2_beginning/install/turtlesim/share/turtlesim/local_setup.dsv
[36.968s] -- Installing: /home/daxton/ros2_beginning/install/turtlesim/share/turtlesim/package.dsv
[36.968s] -- Installing: /home/daxton/ros2_beginning/install/turtlesim/share/ament_index/resource_index/packages/turtlesim
[36.969s] -- Installing: /home/daxton/ros2_beginning/install/turtlesim/share/turtlesim/cmake/export_turtlesim__rosidl_generator_cExport.cmake
[36.969s] -- Installing: /home/daxton/ros2_beginning/install/turtlesim/share/turtlesim/cmake/export_turtlesim__rosidl_generator_cExport-noconfig.cmake
[36.969s] -- Installing: /home/daxton/ros2_beginning/install/turtlesim/share/turtlesim/cmake/export_turtlesim__rosidl_typesupport_fastrtps_cExport.cmake
[36.969s] -- Installing: /home/daxton/ros2_beginning/install/turtlesim/share/turtlesim/cmake/export_turtlesim__rosidl_typesupport_fastrtps_cExport-noconfig.cmake
[36.969s] -- Installing: /home/daxton/ros2_beginning/install/turtlesim/share/turtlesim/cmake/export_turtlesim__rosidl_generator_cppExport.cmake
[36.969s] -- Installing: /home/daxton/ros2_beginning/install/turtlesim/share/turtlesim/cmake/export_turtlesim__rosidl_typesupport_fastrtps_cppExport.cmake
[36.969s] -- Installing: /home/daxton/ros2_beginning/install/turtlesim/share/turtlesim/cmake/export_turtlesim__rosidl_typesupport_fastrtps_cppExport-noconfig.cmake
[36.969s] -- Installing: /home/daxton/ros2_beginning/install/turtlesim/share/turtlesim/cmake/turtlesim__rosidl_typesupport_introspection_cExport.cmake
[36.969s] -- Installing: /home/daxton/ros2_beginning/install/turtlesim/share/turtlesim/cmake/turtlesim__rosidl_typesupport_introspection_cExport-noconfig.cmake
[36.969s] -- Installing: /home/daxton/ros2_beginning/install/turtlesim/share/turtlesim/cmake/turtlesim__rosidl_typesupport_cExport.cmake
[36.970s] -- Installing: /home/daxton/ros2_beginning/install/turtlesim/share/turtlesim/cmake/turtlesim__rosidl_typesupport_cExport-noconfig.cmake
[36.970s] -- Installing: /home/daxton/ros2_beginning/install/turtlesim/share/turtlesim/cmake/turtlesim__rosidl_typesupport_introspection_cppExport.cmake
[36.970s] -- Installing: /home/daxton/ros2_beginning/install/turtlesim/share/turtlesim/cmake/turtlesim__rosidl_typesupport_introspection_cppExport-noconfig.cmake
[36.970s] -- Installing: /home/daxton/ros2_beginning/install/turtlesim/share/turtlesim/cmake/turtlesim__rosidl_typesupport_cppExport.cmake
[36.970s] -- Installing: /home/daxton/ros2_beginning/install/turtlesim/share/turtlesim/cmake/turtlesim__rosidl_typesupport_cppExport-noconfig.cmake
[36.970s] -- Installing: /home/daxton/ros2_beginning/install/turtlesim/share/turtlesim/cmake/export_turtlesim__rosidl_generator_pyExport.cmake
[36.970s] -- Installing: /home/daxton/ros2_beginning/install/turtlesim/share/turtlesim/cmake/export_turtlesim__rosidl_generator_pyExport-noconfig.cmake
[36.970s] -- Installing: /home/daxton/ros2_beginning/install/turtlesim/share/turtlesim/cmake/rosidl_cmake-extras.cmake
[36.970s] -- Installing: /home/daxton/ros2_beginning/install/turtlesim/share/turtlesim/cmake/ament_cmake_export_dependencies-extras.cmake
[36.970s] -- Installing: /home/daxton/ros2_beginning/install/turtlesim/share/turtlesim/cmake/ament_cmake_export_include_directories-extras.cmake
[36.971s] -- Installing: /home/daxton/ros2_beginning/install/turtlesim/share/turtlesim/cmake/ament_cmake_export_libraries-extras.cmake
[36.971s] -- Installing: /home/daxton/ros2_beginning/install/turtlesim/share/turtlesim/cmake/ament_cmake_export_targets-extras.cmake
[36.971s] -- Installing: /home/daxton/ros2_beginning/install/turtlesim/share/turtlesim/cmake/rosidl_cmake_export_typesupport_targets-extras.cmake
[36.971s] -- Installing: /home/daxton/ros2_beginning/install/turtlesim/share/turtlesim/cmake/rosidl_cmake_export_typesupport_libraries-extras.cmake
[36.971s] -- Installing: /home/daxton/ros2_beginning/install/turtlesim/share/turtlesim/cmake/turtlesimConfig.cmake
[36.971s] -- Installing: /home/daxton/ros2_beginning/install/turtlesim/share/turtlesim/cmake/turtlesimConfig-version.cmake
[36.971s] -- Installing: /home/daxton/ros2_beginning/install/turtlesim/share/turtlesim/package.xml
[36.975s] Invoked command in '/home/daxton/ros2_beginning/build/turtlesim' returned '0': CMAKE_PREFIX_PATH=${CMAKE_PREFIX_PATH}:/opt/ros/jazzy DEBUGINFOD_URLS=https://debuginfod.ubuntu.com /usr/bin/cmake --install /home/daxton/ros2_beginning/build/turtlesim
