[0.013s] Invoking command in '/home/daxton/ros2_beginning/build/my_package': CMAKE_PREFIX_PATH=${CMAKE_PREFIX_PATH}:/opt/ros/jazzy DEBUGINFOD_URLS=https://debuginfod.ubuntu.com /usr/bin/cmake --build /home/daxton/ros2_beginning/build/my_package -- -j12 -l12
[0.090s] [100%] Built target my_node
[0.109s] Invoked command in '/home/daxton/ros2_beginning/build/my_package' returned '0': CMAKE_PREFIX_PATH=${CMAKE_PREFIX_PATH}:/opt/ros/jazzy DEBUGINFOD_URLS=https://debuginfod.ubuntu.com /usr/bin/cmake --build /home/daxton/ros2_beginning/build/my_package -- -j12 -l12
[0.124s] Invoking command in '/home/daxton/ros2_beginning/build/my_package': CMAKE_PREFIX_PATH=${CMAKE_PREFIX_PATH}:/opt/ros/jazzy DEBUGINFOD_URLS=https://debuginfod.ubuntu.com /usr/bin/cmake --install /home/daxton/ros2_beginning/build/my_package
[0.139s] -- Install configuration: ""
[0.139s] -- Up-to-date: /home/daxton/ros2_beginning/install/my_package/lib/my_package/my_node
[0.139s] -- Up-to-date: /home/daxton/ros2_beginning/install/my_package/share/ament_index/resource_index/package_run_dependencies/my_package
[0.139s] -- Up-to-date: /home/daxton/ros2_beginning/install/my_package/share/ament_index/resource_index/parent_prefix_path/my_package
[0.139s] -- Up-to-date: /home/daxton/ros2_beginning/install/my_package/share/my_package/environment/ament_prefix_path.sh
[0.140s] -- Up-to-date: /home/daxton/ros2_beginning/install/my_package/share/my_package/environment/ament_prefix_path.dsv
[0.140s] -- Up-to-date: /home/daxton/ros2_beginning/install/my_package/share/my_package/environment/path.sh
[0.140s] -- Up-to-date: /home/daxton/ros2_beginning/install/my_package/share/my_package/environment/path.dsv
[0.140s] -- Up-to-date: /home/daxton/ros2_beginning/install/my_package/share/my_package/local_setup.bash
[0.140s] -- Up-to-date: /home/daxton/ros2_beginning/install/my_package/share/my_package/local_setup.sh
[0.140s] -- Up-to-date: /home/daxton/ros2_beginning/install/my_package/share/my_package/local_setup.zsh
[0.140s] -- Up-to-date: /home/daxton/ros2_beginning/install/my_package/share/my_package/local_setup.dsv
[0.140s] -- Up-to-date: /home/daxton/ros2_beginning/install/my_package/share/my_package/package.dsv
[0.140s] -- Up-to-date: /home/daxton/ros2_beginning/install/my_package/share/ament_index/resource_index/packages/my_package
[0.140s] -- Up-to-date: /home/daxton/ros2_beginning/install/my_package/share/my_package/cmake/my_packageConfig.cmake
[0.140s] -- Up-to-date: /home/daxton/ros2_beginning/install/my_package/share/my_package/cmake/my_packageConfig-version.cmake
[0.140s] -- Up-to-date: /home/daxton/ros2_beginning/install/my_package/share/my_package/package.xml
[0.142s] Invoked command in '/home/daxton/ros2_beginning/build/my_package' returned '0': CMAKE_PREFIX_PATH=${CMAKE_PREFIX_PATH}:/opt/ros/jazzy DEBUGINFOD_URLS=https://debuginfod.ubuntu.com /usr/bin/cmake --install /home/daxton/ros2_beginning/build/my_package
