[0.023s] Invoking command in '/home/daxton/ros2_beginning/build/turtlesim': CMAKE_PREFIX_PATH=${CMAKE_PREFIX_PATH}:/opt/ros/jazzy DEBUGINFOD_URLS=https://debuginfod.ubuntu.com /usr/bin/cmake --build /home/daxton/ros2_beginning/build/turtlesim -- -j12 -l12
[0.160s] [  0%] Built target turtlesim__rosidl_generator_type_description
[0.178s] [  0%] Built target ament_cmake_python_copy_turtlesim
[0.198s] [  1%] Built target turtlesim__cpp
[0.223s] [ 24%] Built target turtlesim__rosidl_generator_c
[0.275s] [ 33%] Built target turtlesim__rosidl_typesupport_introspection_c
[0.282s] [ 42%] Built target turtlesim__rosidl_typesupport_c
[0.283s] [ 50%] Built target turtlesim__rosidl_typesupport_introspection_cpp
[0.284s] [ 74%] Built target turtlesim__rosidl_typesupport_fastrtps_c
[0.285s] [ 75%] Built target turtlesim__rosidl_typesupport_fastrtps_cpp
[0.285s] [ 76%] Built target turtlesim__rosidl_typesupport_cpp
[0.326s] [ 76%] Built target turtlesim
[0.354s] [ 78%] Built target mimic
[0.356s] [ 81%] Built target draw_square
[0.356s] [ 81%] Built target turtle_teleop_key
[0.365s] [ 81%] Built target turtlesim__py
[0.366s] [ 82%] [32mBuilding CXX object CMakeFiles/turtlesim_node.dir/src/turtle_frame.cpp.o[0m
[0.415s] [ 90%] Built target turtlesim__rosidl_generator_py
[0.458s] [ 92%] Built target turtlesim_s__rosidl_typesupport_c
[0.458s] [ 94%] Built target turtlesim_s__rosidl_typesupport_introspection_c
[0.460s] [ 96%] Built target turtlesim_s__rosidl_typesupport_fastrtps_c
[0.498s] running egg_info
[0.520s] writing turtlesim.egg-info/PKG-INFO
[0.521s] writing dependency_links to turtlesim.egg-info/dependency_links.txt
[0.521s] writing top-level names to turtlesim.egg-info/top_level.txt
[0.584s] reading manifest file 'turtlesim.egg-info/SOURCES.txt'
[0.585s] writing manifest file 'turtlesim.egg-info/SOURCES.txt'
[0.623s] [ 96%] Built target ament_cmake_python_build_turtlesim_egg
[13.279s] [ 97%] [32m[1mLinking CXX executable turtlesim_node[0m
[16.156s] [100%] Built target turtlesim_node
[16.175s] Invoked command in '/home/daxton/ros2_beginning/build/turtlesim' returned '0': CMAKE_PREFIX_PATH=${CMAKE_PREFIX_PATH}:/opt/ros/jazzy DEBUGINFOD_URLS=https://debuginfod.ubuntu.com /usr/bin/cmake --build /home/daxton/ros2_beginning/build/turtlesim -- -j12 -l12
[16.194s] Invoking command in '/home/daxton/ros2_beginning/build/turtlesim': CMAKE_PREFIX_PATH=${CMAKE_PREFIX_PATH}:/opt/ros/jazzy DEBUGINFOD_URLS=https://debuginfod.ubuntu.com /usr/bin/cmake --install /home/daxton/ros2_beginning/build/turtlesim
[16.209s] -- Install configuration: ""
[16.209s] -- Up-to-date: /home/daxton/ros2_beginning/install/turtlesim/share/ament_index/resource_index/rosidl_interfaces/turtlesim
[16.209s] -- Up-to-date: /home/daxton/ros2_beginning/install/turtlesim/share/turtlesim/action/RotateAbsolute.json
[16.209s] -- Up-to-date: /home/daxton/ros2_beginning/install/turtlesim/share/turtlesim/msg/Color.json
[16.209s] -- Up-to-date: /home/daxton/ros2_beginning/install/turtlesim/share/turtlesim/msg/Pose.json
[16.210s] -- Up-to-date: /home/daxton/ros2_beginning/install/turtlesim/share/turtlesim/srv/Kill.json
[16.210s] -- Up-to-date: /home/daxton/ros2_beginning/install/turtlesim/share/turtlesim/srv/SetPen.json
[16.210s] -- Up-to-date: /home/daxton/ros2_beginning/install/turtlesim/share/turtlesim/srv/Spawn.json
[16.210s] -- Up-to-date: /home/daxton/ros2_beginning/install/turtlesim/share/turtlesim/srv/TeleportAbsolute.json
[16.211s] -- Up-to-date: /home/daxton/ros2_beginning/install/turtlesim/share/turtlesim/srv/TeleportRelative.json
[16.211s] -- Up-to-date: /home/daxton/ros2_beginning/install/turtlesim/include/turtlesim/turtlesim
[16.211s] -- Up-to-date: /home/daxton/ros2_beginning/install/turtlesim/include/turtlesim/turtlesim/action
[16.212s] -- Up-to-date: /home/daxton/ros2_beginning/install/turtlesim/include/turtlesim/turtlesim/action/rotate_absolute.h
[16.212s] -- Up-to-date: /home/daxton/ros2_beginning/install/turtlesim/include/turtlesim/turtlesim/action/detail
[16.212s] -- Installing: /home/daxton/ros2_beginning/install/turtlesim/include/turtlesim/turtlesim/action/detail/rotate_absolute__type_support.c
[16.212s] -- Up-to-date: /home/daxton/ros2_beginning/install/turtlesim/include/turtlesim/turtlesim/action/detail/rotate_absolute__type_support.h
[16.213s] -- Up-to-date: /home/daxton/ros2_beginning/install/turtlesim/include/turtlesim/turtlesim/action/detail/rotate_absolute__description.c
[16.213s] -- Up-to-date: /home/daxton/ros2_beginning/install/turtlesim/include/turtlesim/turtlesim/action/detail/rotate_absolute__struct.h
[16.213s] -- Up-to-date: /home/daxton/ros2_beginning/install/turtlesim/include/turtlesim/turtlesim/action/detail/rotate_absolute__functions.c
[16.213s] -- Up-to-date: /home/daxton/ros2_beginning/install/turtlesim/include/turtlesim/turtlesim/action/detail/rotate_absolute__functions.h
[16.213s] -- Up-to-date: /home/daxton/ros2_beginning/install/turtlesim/include/turtlesim/turtlesim/msg
[16.213s] -- Up-to-date: /home/daxton/ros2_beginning/install/turtlesim/include/turtlesim/turtlesim/msg/color.h
[16.213s] -- Up-to-date: /home/daxton/ros2_beginning/install/turtlesim/include/turtlesim/turtlesim/msg/detail
[16.213s] -- Up-to-date: /home/daxton/ros2_beginning/install/turtlesim/include/turtlesim/turtlesim/msg/detail/pose__functions.c
[16.213s] -- Up-to-date: /home/daxton/ros2_beginning/install/turtlesim/include/turtlesim/turtlesim/msg/detail/color__functions.c
[16.213s] -- Installing: /home/daxton/ros2_beginning/install/turtlesim/include/turtlesim/turtlesim/msg/detail/pose__type_support.c
[16.213s] -- Up-to-date: /home/daxton/ros2_beginning/install/turtlesim/include/turtlesim/turtlesim/msg/detail/pose__functions.h
[16.214s] -- Installing: /home/daxton/ros2_beginning/install/turtlesim/include/turtlesim/turtlesim/msg/detail/color__type_support.c
[16.214s] -- Up-to-date: /home/daxton/ros2_beginning/install/turtlesim/include/turtlesim/turtlesim/msg/detail/pose__type_support.h
[16.214s] -- Up-to-date: /home/daxton/ros2_beginning/install/turtlesim/include/turtlesim/turtlesim/msg/detail/pose__struct.h
[16.214s] -- Up-to-date: /home/daxton/ros2_beginning/install/turtlesim/include/turtlesim/turtlesim/msg/detail/pose__description.c
[16.214s] -- Up-to-date: /home/daxton/ros2_beginning/install/turtlesim/include/turtlesim/turtlesim/msg/detail/color__type_support.h
[16.214s] -- Up-to-date: /home/daxton/ros2_beginning/install/turtlesim/include/turtlesim/turtlesim/msg/detail/color__functions.h
[16.214s] -- Up-to-date: /home/daxton/ros2_beginning/install/turtlesim/include/turtlesim/turtlesim/msg/detail/color__struct.h
[16.214s] -- Up-to-date: /home/daxton/ros2_beginning/install/turtlesim/include/turtlesim/turtlesim/msg/detail/color__description.c
[16.214s] -- Up-to-date: /home/daxton/ros2_beginning/install/turtlesim/include/turtlesim/turtlesim/msg/pose.h
[16.214s] -- Up-to-date: /home/daxton/ros2_beginning/install/turtlesim/include/turtlesim/turtlesim/msg/rosidl_generator_c__visibility_control.h
[16.214s] -- Up-to-date: /home/daxton/ros2_beginning/install/turtlesim/include/turtlesim/turtlesim/srv
[16.214s] -- Up-to-date: /home/daxton/ros2_beginning/install/turtlesim/include/turtlesim/turtlesim/srv/set_pen.h
[16.215s] -- Up-to-date: /home/daxton/ros2_beginning/install/turtlesim/include/turtlesim/turtlesim/srv/spawn.h
[16.215s] -- Up-to-date: /home/daxton/ros2_beginning/install/turtlesim/include/turtlesim/turtlesim/srv/detail
[16.215s] -- Up-to-date: /home/daxton/ros2_beginning/install/turtlesim/include/turtlesim/turtlesim/srv/detail/spawn__functions.h
[16.215s] -- Up-to-date: /home/daxton/ros2_beginning/install/turtlesim/include/turtlesim/turtlesim/srv/detail/teleport_relative__description.c
[16.215s] -- Installing: /home/daxton/ros2_beginning/install/turtlesim/include/turtlesim/turtlesim/srv/detail/kill__type_support.c
[16.215s] -- Up-to-date: /home/daxton/ros2_beginning/install/turtlesim/include/turtlesim/turtlesim/srv/detail/spawn__struct.h
[16.215s] -- Up-to-date: /home/daxton/ros2_beginning/install/turtlesim/include/turtlesim/turtlesim/srv/detail/spawn__functions.c
[16.215s] -- Up-to-date: /home/daxton/ros2_beginning/install/turtlesim/include/turtlesim/turtlesim/srv/detail/kill__description.c
[16.215s] -- Up-to-date: /home/daxton/ros2_beginning/install/turtlesim/include/turtlesim/turtlesim/srv/detail/kill__functions.h
[16.215s] -- Up-to-date: /home/daxton/ros2_beginning/install/turtlesim/include/turtlesim/turtlesim/srv/detail/teleport_relative__functions.c
[16.215s] -- Installing: /home/daxton/ros2_beginning/install/turtlesim/include/turtlesim/turtlesim/srv/detail/teleport_relative__type_support.c
[16.215s] -- Installing: /home/daxton/ros2_beginning/install/turtlesim/include/turtlesim/turtlesim/srv/detail/spawn__type_support.c
[16.216s] -- Up-to-date: /home/daxton/ros2_beginning/install/turtlesim/include/turtlesim/turtlesim/srv/detail/teleport_relative__functions.h
[16.216s] -- Up-to-date: /home/daxton/ros2_beginning/install/turtlesim/include/turtlesim/turtlesim/srv/detail/kill__functions.c
[16.216s] -- Up-to-date: /home/daxton/ros2_beginning/install/turtlesim/include/turtlesim/turtlesim/srv/detail/set_pen__description.c
[16.216s] -- Up-to-date: /home/daxton/ros2_beginning/install/turtlesim/include/turtlesim/turtlesim/srv/detail/teleport_absolute__functions.h
[16.216s] -- Up-to-date: /home/daxton/ros2_beginning/install/turtlesim/include/turtlesim/turtlesim/srv/detail/set_pen__type_support.h
[16.216s] -- Up-to-date: /home/daxton/ros2_beginning/install/turtlesim/include/turtlesim/turtlesim/srv/detail/spawn__type_support.h
[16.217s] -- Up-to-date: /home/daxton/ros2_beginning/install/turtlesim/include/turtlesim/turtlesim/srv/detail/teleport_relative__type_support.h
[16.217s] -- Up-to-date: /home/daxton/ros2_beginning/install/turtlesim/include/turtlesim/turtlesim/srv/detail/teleport_absolute__type_support.h
[16.217s] -- Up-to-date: /home/daxton/ros2_beginning/install/turtlesim/include/turtlesim/turtlesim/srv/detail/set_pen__functions.h
[16.217s] -- Up-to-date: /home/daxton/ros2_beginning/install/turtlesim/include/turtlesim/turtlesim/srv/detail/kill__struct.h
[16.217s] -- Up-to-date: /home/daxton/ros2_beginning/install/turtlesim/include/turtlesim/turtlesim/srv/detail/set_pen__functions.c
[16.217s] -- Up-to-date: /home/daxton/ros2_beginning/install/turtlesim/include/turtlesim/turtlesim/srv/detail/set_pen__struct.h
[16.217s] -- Up-to-date: /home/daxton/ros2_beginning/install/turtlesim/include/turtlesim/turtlesim/srv/detail/teleport_relative__struct.h
[16.217s] -- Installing: /home/daxton/ros2_beginning/install/turtlesim/include/turtlesim/turtlesim/srv/detail/set_pen__type_support.c
[16.217s] -- Installing: /home/daxton/ros2_beginning/install/turtlesim/include/turtlesim/turtlesim/srv/detail/teleport_absolute__type_support.c
[16.217s] -- Up-to-date: /home/daxton/ros2_beginning/install/turtlesim/include/turtlesim/turtlesim/srv/detail/spawn__description.c
[16.218s] -- Up-to-date: /home/daxton/ros2_beginning/install/turtlesim/include/turtlesim/turtlesim/srv/detail/teleport_absolute__functions.c
[16.218s] -- Up-to-date: /home/daxton/ros2_beginning/install/turtlesim/include/turtlesim/turtlesim/srv/detail/teleport_absolute__struct.h
[16.218s] -- Up-to-date: /home/daxton/ros2_beginning/install/turtlesim/include/turtlesim/turtlesim/srv/detail/kill__type_support.h
[16.218s] -- Up-to-date: /home/daxton/ros2_beginning/install/turtlesim/include/turtlesim/turtlesim/srv/detail/teleport_absolute__description.c
[16.218s] -- Up-to-date: /home/daxton/ros2_beginning/install/turtlesim/include/turtlesim/turtlesim/srv/kill.h
[16.218s] -- Up-to-date: /home/daxton/ros2_beginning/install/turtlesim/include/turtlesim/turtlesim/srv/teleport_absolute.h
[16.218s] -- Up-to-date: /home/daxton/ros2_beginning/install/turtlesim/include/turtlesim/turtlesim/srv/teleport_relative.h
[16.218s] -- Up-to-date: /home/daxton/ros2_beginning/install/turtlesim/share/turtlesim/environment/library_path.sh
[16.218s] -- Up-to-date: /home/daxton/ros2_beginning/install/turtlesim/share/turtlesim/environment/library_path.dsv
[16.218s] -- Up-to-date: /home/daxton/ros2_beginning/install/turtlesim/lib/libturtlesim__rosidl_generator_c.so
[16.218s] -- Up-to-date: /home/daxton/ros2_beginning/install/turtlesim/include/turtlesim/turtlesim
[16.218s] -- Up-to-date: /home/daxton/ros2_beginning/install/turtlesim/include/turtlesim/turtlesim/action
[16.218s] -- Up-to-date: /home/daxton/ros2_beginning/install/turtlesim/include/turtlesim/turtlesim/action/detail
[16.219s] -- Up-to-date: /home/daxton/ros2_beginning/install/turtlesim/include/turtlesim/turtlesim/action/detail/rotate_absolute__rosidl_typesupport_fastrtps_c.h
[16.219s] -- Up-to-date: /home/daxton/ros2_beginning/install/turtlesim/include/turtlesim/turtlesim/msg
[16.219s] -- Up-to-date: /home/daxton/ros2_beginning/install/turtlesim/include/turtlesim/turtlesim/msg/detail
[16.219s] -- Up-to-date: /home/daxton/ros2_beginning/install/turtlesim/include/turtlesim/turtlesim/msg/detail/pose__rosidl_typesupport_fastrtps_c.h
[16.219s] -- Up-to-date: /home/daxton/ros2_beginning/install/turtlesim/include/turtlesim/turtlesim/msg/detail/color__rosidl_typesupport_fastrtps_c.h
[16.219s] -- Up-to-date: /home/daxton/ros2_beginning/install/turtlesim/include/turtlesim/turtlesim/msg/rosidl_typesupport_fastrtps_c__visibility_control.h
[16.219s] -- Up-to-date: /home/daxton/ros2_beginning/install/turtlesim/include/turtlesim/turtlesim/srv
[16.219s] -- Up-to-date: /home/daxton/ros2_beginning/install/turtlesim/include/turtlesim/turtlesim/srv/detail
[16.219s] -- Up-to-date: /home/daxton/ros2_beginning/install/turtlesim/include/turtlesim/turtlesim/srv/detail/spawn__rosidl_typesupport_fastrtps_c.h
[16.219s] -- Up-to-date: /home/daxton/ros2_beginning/install/turtlesim/include/turtlesim/turtlesim/srv/detail/kill__rosidl_typesupport_fastrtps_c.h
[16.219s] -- Up-to-date: /home/daxton/ros2_beginning/install/turtlesim/include/turtlesim/turtlesim/srv/detail/teleport_relative__rosidl_typesupport_fastrtps_c.h
[16.219s] -- Up-to-date: /home/daxton/ros2_beginning/install/turtlesim/include/turtlesim/turtlesim/srv/detail/set_pen__rosidl_typesupport_fastrtps_c.h
[16.219s] -- Up-to-date: /home/daxton/ros2_beginning/install/turtlesim/include/turtlesim/turtlesim/srv/detail/teleport_absolute__rosidl_typesupport_fastrtps_c.h
[16.220s] -- Up-to-date: /home/daxton/ros2_beginning/install/turtlesim/lib/libturtlesim__rosidl_typesupport_fastrtps_c.so
[16.220s] -- Up-to-date: /home/daxton/ros2_beginning/install/turtlesim/include/turtlesim/turtlesim
[16.220s] -- Up-to-date: /home/daxton/ros2_beginning/install/turtlesim/include/turtlesim/turtlesim/action
[16.220s] -- Up-to-date: /home/daxton/ros2_beginning/install/turtlesim/include/turtlesim/turtlesim/action/detail
[16.220s] -- Up-to-date: /home/daxton/ros2_beginning/install/turtlesim/include/turtlesim/turtlesim/action/detail/rotate_absolute__traits.hpp
[16.220s] -- Up-to-date: /home/daxton/ros2_beginning/install/turtlesim/include/turtlesim/turtlesim/action/detail/rotate_absolute__builder.hpp
[16.220s] -- Up-to-date: /home/daxton/ros2_beginning/install/turtlesim/include/turtlesim/turtlesim/action/detail/rotate_absolute__struct.hpp
[16.220s] -- Up-to-date: /home/daxton/ros2_beginning/install/turtlesim/include/turtlesim/turtlesim/action/detail/rotate_absolute__type_support.hpp
[16.220s] -- Up-to-date: /home/daxton/ros2_beginning/install/turtlesim/include/turtlesim/turtlesim/action/rotate_absolute.hpp
[16.220s] -- Up-to-date: /home/daxton/ros2_beginning/install/turtlesim/include/turtlesim/turtlesim/msg
[16.220s] -- Up-to-date: /home/daxton/ros2_beginning/install/turtlesim/include/turtlesim/turtlesim/msg/color.hpp
[16.220s] -- Up-to-date: /home/daxton/ros2_beginning/install/turtlesim/include/turtlesim/turtlesim/msg/detail
[16.220s] -- Up-to-date: /home/daxton/ros2_beginning/install/turtlesim/include/turtlesim/turtlesim/msg/detail/color__type_support.hpp
[16.221s] -- Up-to-date: /home/daxton/ros2_beginning/install/turtlesim/include/turtlesim/turtlesim/msg/detail/pose__struct.hpp
[16.221s] -- Up-to-date: /home/daxton/ros2_beginning/install/turtlesim/include/turtlesim/turtlesim/msg/detail/color__struct.hpp
[16.221s] -- Up-to-date: /home/daxton/ros2_beginning/install/turtlesim/include/turtlesim/turtlesim/msg/detail/color__builder.hpp
[16.221s] -- Up-to-date: /home/daxton/ros2_beginning/install/turtlesim/include/turtlesim/turtlesim/msg/detail/pose__traits.hpp
[16.221s] -- Up-to-date: /home/daxton/ros2_beginning/install/turtlesim/include/turtlesim/turtlesim/msg/detail/color__traits.hpp
[16.221s] -- Up-to-date: /home/daxton/ros2_beginning/install/turtlesim/include/turtlesim/turtlesim/msg/detail/pose__builder.hpp
[16.221s] -- Up-to-date: /home/daxton/ros2_beginning/install/turtlesim/include/turtlesim/turtlesim/msg/detail/pose__type_support.hpp
[16.221s] -- Up-to-date: /home/daxton/ros2_beginning/install/turtlesim/include/turtlesim/turtlesim/msg/pose.hpp
[16.221s] -- Up-to-date: /home/daxton/ros2_beginning/install/turtlesim/include/turtlesim/turtlesim/msg/rosidl_generator_cpp__visibility_control.hpp
[16.221s] -- Up-to-date: /home/daxton/ros2_beginning/install/turtlesim/include/turtlesim/turtlesim/srv
[16.221s] -- Up-to-date: /home/daxton/ros2_beginning/install/turtlesim/include/turtlesim/turtlesim/srv/spawn.hpp
[16.221s] -- Up-to-date: /home/daxton/ros2_beginning/install/turtlesim/include/turtlesim/turtlesim/srv/detail
[16.221s] -- Up-to-date: /home/daxton/ros2_beginning/install/turtlesim/include/turtlesim/turtlesim/srv/detail/kill__struct.hpp
[16.221s] -- Up-to-date: /home/daxton/ros2_beginning/install/turtlesim/include/turtlesim/turtlesim/srv/detail/spawn__struct.hpp
[16.222s] -- Up-to-date: /home/daxton/ros2_beginning/install/turtlesim/include/turtlesim/turtlesim/srv/detail/set_pen__builder.hpp
[16.222s] -- Up-to-date: /home/daxton/ros2_beginning/install/turtlesim/include/turtlesim/turtlesim/srv/detail/spawn__builder.hpp
[16.222s] -- Up-to-date: /home/daxton/ros2_beginning/install/turtlesim/include/turtlesim/turtlesim/srv/detail/teleport_relative__type_support.hpp
[16.222s] -- Up-to-date: /home/daxton/ros2_beginning/install/turtlesim/include/turtlesim/turtlesim/srv/detail/teleport_absolute__type_support.hpp
[16.222s] -- Up-to-date: /home/daxton/ros2_beginning/install/turtlesim/include/turtlesim/turtlesim/srv/detail/set_pen__traits.hpp
[16.222s] -- Up-to-date: /home/daxton/ros2_beginning/install/turtlesim/include/turtlesim/turtlesim/srv/detail/teleport_relative__traits.hpp
[16.222s] -- Up-to-date: /home/daxton/ros2_beginning/install/turtlesim/include/turtlesim/turtlesim/srv/detail/set_pen__struct.hpp
[16.222s] -- Up-to-date: /home/daxton/ros2_beginning/install/turtlesim/include/turtlesim/turtlesim/srv/detail/kill__type_support.hpp
[16.222s] -- Up-to-date: /home/daxton/ros2_beginning/install/turtlesim/include/turtlesim/turtlesim/srv/detail/teleport_relative__struct.hpp
[16.222s] -- Up-to-date: /home/daxton/ros2_beginning/install/turtlesim/include/turtlesim/turtlesim/srv/detail/set_pen__type_support.hpp
[16.222s] -- Up-to-date: /home/daxton/ros2_beginning/install/turtlesim/include/turtlesim/turtlesim/srv/detail/teleport_absolute__traits.hpp
[16.222s] -- Up-to-date: /home/daxton/ros2_beginning/install/turtlesim/include/turtlesim/turtlesim/srv/detail/spawn__type_support.hpp
[16.222s] -- Up-to-date: /home/daxton/ros2_beginning/install/turtlesim/include/turtlesim/turtlesim/srv/detail/teleport_relative__builder.hpp
[16.222s] -- Up-to-date: /home/daxton/ros2_beginning/install/turtlesim/include/turtlesim/turtlesim/srv/detail/kill__builder.hpp
[16.223s] -- Up-to-date: /home/daxton/ros2_beginning/install/turtlesim/include/turtlesim/turtlesim/srv/detail/spawn__traits.hpp
[16.223s] -- Up-to-date: /home/daxton/ros2_beginning/install/turtlesim/include/turtlesim/turtlesim/srv/detail/teleport_absolute__builder.hpp
[16.223s] -- Up-to-date: /home/daxton/ros2_beginning/install/turtlesim/include/turtlesim/turtlesim/srv/detail/teleport_absolute__struct.hpp
[16.223s] -- Up-to-date: /home/daxton/ros2_beginning/install/turtlesim/include/turtlesim/turtlesim/srv/detail/kill__traits.hpp
[16.223s] -- Up-to-date: /home/daxton/ros2_beginning/install/turtlesim/include/turtlesim/turtlesim/srv/teleport_absolute.hpp
[16.223s] -- Up-to-date: /home/daxton/ros2_beginning/install/turtlesim/include/turtlesim/turtlesim/srv/teleport_relative.hpp
[16.223s] -- Up-to-date: /home/daxton/ros2_beginning/install/turtlesim/include/turtlesim/turtlesim/srv/set_pen.hpp
[16.223s] -- Up-to-date: /home/daxton/ros2_beginning/install/turtlesim/include/turtlesim/turtlesim/srv/kill.hpp
[16.223s] -- Up-to-date: /home/daxton/ros2_beginning/install/turtlesim/include/turtlesim/turtlesim
[16.223s] -- Up-to-date: /home/daxton/ros2_beginning/install/turtlesim/include/turtlesim/turtlesim/action
[16.223s] -- Up-to-date: /home/daxton/ros2_beginning/install/turtlesim/include/turtlesim/turtlesim/action/detail
[16.223s] -- Up-to-date: /home/daxton/ros2_beginning/install/turtlesim/include/turtlesim/turtlesim/action/detail/rotate_absolute__rosidl_typesupport_fastrtps_cpp.hpp
[16.223s] -- Up-to-date: /home/daxton/ros2_beginning/install/turtlesim/include/turtlesim/turtlesim/action/detail/dds_fastrtps
[16.224s] -- Up-to-date: /home/daxton/ros2_beginning/install/turtlesim/include/turtlesim/turtlesim/msg
[16.224s] -- Up-to-date: /home/daxton/ros2_beginning/install/turtlesim/include/turtlesim/turtlesim/msg/rosidl_typesupport_fastrtps_cpp__visibility_control.h
[16.224s] -- Up-to-date: /home/daxton/ros2_beginning/install/turtlesim/include/turtlesim/turtlesim/msg/detail
[16.224s] -- Up-to-date: /home/daxton/ros2_beginning/install/turtlesim/include/turtlesim/turtlesim/msg/detail/pose__rosidl_typesupport_fastrtps_cpp.hpp
[16.224s] -- Up-to-date: /home/daxton/ros2_beginning/install/turtlesim/include/turtlesim/turtlesim/msg/detail/color__rosidl_typesupport_fastrtps_cpp.hpp
[16.224s] -- Up-to-date: /home/daxton/ros2_beginning/install/turtlesim/include/turtlesim/turtlesim/msg/detail/dds_fastrtps
[16.224s] -- Up-to-date: /home/daxton/ros2_beginning/install/turtlesim/include/turtlesim/turtlesim/srv
[16.224s] -- Up-to-date: /home/daxton/ros2_beginning/install/turtlesim/include/turtlesim/turtlesim/srv/detail
[16.224s] -- Up-to-date: /home/daxton/ros2_beginning/install/turtlesim/include/turtlesim/turtlesim/srv/detail/teleport_relative__rosidl_typesupport_fastrtps_cpp.hpp
[16.224s] -- Up-to-date: /home/daxton/ros2_beginning/install/turtlesim/include/turtlesim/turtlesim/srv/detail/kill__rosidl_typesupport_fastrtps_cpp.hpp
[16.224s] -- Up-to-date: /home/daxton/ros2_beginning/install/turtlesim/include/turtlesim/turtlesim/srv/detail/teleport_absolute__rosidl_typesupport_fastrtps_cpp.hpp
[16.224s] -- Up-to-date: /home/daxton/ros2_beginning/install/turtlesim/include/turtlesim/turtlesim/srv/detail/spawn__rosidl_typesupport_fastrtps_cpp.hpp
[16.224s] -- Up-to-date: /home/daxton/ros2_beginning/install/turtlesim/include/turtlesim/turtlesim/srv/detail/dds_fastrtps
[16.224s] -- Up-to-date: /home/daxton/ros2_beginning/install/turtlesim/include/turtlesim/turtlesim/srv/detail/set_pen__rosidl_typesupport_fastrtps_cpp.hpp
[16.225s] -- Up-to-date: /home/daxton/ros2_beginning/install/turtlesim/lib/libturtlesim__rosidl_typesupport_fastrtps_cpp.so
[16.225s] -- Up-to-date: /home/daxton/ros2_beginning/install/turtlesim/include/turtlesim/turtlesim
[16.225s] -- Up-to-date: /home/daxton/ros2_beginning/install/turtlesim/include/turtlesim/turtlesim/action
[16.225s] -- Up-to-date: /home/daxton/ros2_beginning/install/turtlesim/include/turtlesim/turtlesim/action/detail
[16.225s] -- Installing: /home/daxton/ros2_beginning/install/turtlesim/include/turtlesim/turtlesim/action/detail/rotate_absolute__type_support.c
[16.225s] -- Up-to-date: /home/daxton/ros2_beginning/install/turtlesim/include/turtlesim/turtlesim/action/detail/rotate_absolute__rosidl_typesupport_introspection_c.h
[16.226s] -- Up-to-date: /home/daxton/ros2_beginning/install/turtlesim/include/turtlesim/turtlesim/msg
[16.226s] -- Up-to-date: /home/daxton/ros2_beginning/install/turtlesim/include/turtlesim/turtlesim/msg/detail
[16.226s] -- Up-to-date: /home/daxton/ros2_beginning/install/turtlesim/include/turtlesim/turtlesim/msg/detail/color__rosidl_typesupport_introspection_c.h
[16.226s] -- Installing: /home/daxton/ros2_beginning/install/turtlesim/include/turtlesim/turtlesim/msg/detail/pose__type_support.c
[16.226s] -- Installing: /home/daxton/ros2_beginning/install/turtlesim/include/turtlesim/turtlesim/msg/detail/color__type_support.c
[16.226s] -- Up-to-date: /home/daxton/ros2_beginning/install/turtlesim/include/turtlesim/turtlesim/msg/detail/pose__rosidl_typesupport_introspection_c.h
[16.226s] -- Up-to-date: /home/daxton/ros2_beginning/install/turtlesim/include/turtlesim/turtlesim/msg/rosidl_typesupport_introspection_c__visibility_control.h
[16.226s] -- Up-to-date: /home/daxton/ros2_beginning/install/turtlesim/include/turtlesim/turtlesim/srv
[16.227s] -- Up-to-date: /home/daxton/ros2_beginning/install/turtlesim/include/turtlesim/turtlesim/srv/detail
[16.227s] -- Installing: /home/daxton/ros2_beginning/install/turtlesim/include/turtlesim/turtlesim/srv/detail/kill__type_support.c
[16.227s] -- Up-to-date: /home/daxton/ros2_beginning/install/turtlesim/include/turtlesim/turtlesim/srv/detail/spawn__rosidl_typesupport_introspection_c.h
[16.227s] -- Up-to-date: /home/daxton/ros2_beginning/install/turtlesim/include/turtlesim/turtlesim/srv/detail/kill__rosidl_typesupport_introspection_c.h
[16.227s] -- Up-to-date: /home/daxton/ros2_beginning/install/turtlesim/include/turtlesim/turtlesim/srv/detail/set_pen__rosidl_typesupport_introspection_c.h
[16.227s] -- Up-to-date: /home/daxton/ros2_beginning/install/turtlesim/include/turtlesim/turtlesim/srv/detail/teleport_relative__rosidl_typesupport_introspection_c.h
[16.228s] -- Installing: /home/daxton/ros2_beginning/install/turtlesim/include/turtlesim/turtlesim/srv/detail/teleport_relative__type_support.c
[16.228s] -- Installing: /home/daxton/ros2_beginning/install/turtlesim/include/turtlesim/turtlesim/srv/detail/spawn__type_support.c
[16.228s] -- Up-to-date: /home/daxton/ros2_beginning/install/turtlesim/include/turtlesim/turtlesim/srv/detail/teleport_absolute__rosidl_typesupport_introspection_c.h
[16.228s] -- Installing: /home/daxton/ros2_beginning/install/turtlesim/include/turtlesim/turtlesim/srv/detail/set_pen__type_support.c
[16.228s] -- Installing: /home/daxton/ros2_beginning/install/turtlesim/include/turtlesim/turtlesim/srv/detail/teleport_absolute__type_support.c
[16.228s] -- Up-to-date: /home/daxton/ros2_beginning/install/turtlesim/lib/libturtlesim__rosidl_typesupport_introspection_c.so
[16.228s] -- Up-to-date: /home/daxton/ros2_beginning/install/turtlesim/lib/libturtlesim__rosidl_typesupport_c.so
[16.228s] -- Up-to-date: /home/daxton/ros2_beginning/install/turtlesim/include/turtlesim/turtlesim
[16.229s] -- Up-to-date: /home/daxton/ros2_beginning/install/turtlesim/include/turtlesim/turtlesim/action
[16.229s] -- Up-to-date: /home/daxton/ros2_beginning/install/turtlesim/include/turtlesim/turtlesim/action/detail
[16.229s] -- Up-to-date: /home/daxton/ros2_beginning/install/turtlesim/include/turtlesim/turtlesim/action/detail/rotate_absolute__type_support.cpp
[16.229s] -- Up-to-date: /home/daxton/ros2_beginning/install/turtlesim/include/turtlesim/turtlesim/action/detail/rotate_absolute__rosidl_typesupport_introspection_cpp.hpp
[16.229s] -- Up-to-date: /home/daxton/ros2_beginning/install/turtlesim/include/turtlesim/turtlesim/msg
[16.229s] -- Up-to-date: /home/daxton/ros2_beginning/install/turtlesim/include/turtlesim/turtlesim/msg/detail
[16.229s] -- Up-to-date: /home/daxton/ros2_beginning/install/turtlesim/include/turtlesim/turtlesim/msg/detail/pose__type_support.cpp
[16.229s] -- Up-to-date: /home/daxton/ros2_beginning/install/turtlesim/include/turtlesim/turtlesim/msg/detail/color__rosidl_typesupport_introspection_cpp.hpp
[16.230s] -- Up-to-date: /home/daxton/ros2_beginning/install/turtlesim/include/turtlesim/turtlesim/msg/detail/color__type_support.cpp
[16.230s] -- Up-to-date: /home/daxton/ros2_beginning/install/turtlesim/include/turtlesim/turtlesim/msg/detail/pose__rosidl_typesupport_introspection_cpp.hpp
[16.230s] -- Up-to-date: /home/daxton/ros2_beginning/install/turtlesim/include/turtlesim/turtlesim/srv
[16.230s] -- Up-to-date: /home/daxton/ros2_beginning/install/turtlesim/include/turtlesim/turtlesim/srv/detail
[16.230s] -- Up-to-date: /home/daxton/ros2_beginning/install/turtlesim/include/turtlesim/turtlesim/srv/detail/kill__rosidl_typesupport_introspection_cpp.hpp
[16.230s] -- Up-to-date: /home/daxton/ros2_beginning/install/turtlesim/include/turtlesim/turtlesim/srv/detail/set_pen__rosidl_typesupport_introspection_cpp.hpp
[16.230s] -- Up-to-date: /home/daxton/ros2_beginning/install/turtlesim/include/turtlesim/turtlesim/srv/detail/teleport_absolute__rosidl_typesupport_introspection_cpp.hpp
[16.231s] -- Up-to-date: /home/daxton/ros2_beginning/install/turtlesim/include/turtlesim/turtlesim/srv/detail/teleport_absolute__type_support.cpp
[16.231s] -- Up-to-date: /home/daxton/ros2_beginning/install/turtlesim/include/turtlesim/turtlesim/srv/detail/kill__type_support.cpp
[16.231s] -- Up-to-date: /home/daxton/ros2_beginning/install/turtlesim/include/turtlesim/turtlesim/srv/detail/teleport_relative__type_support.cpp
[16.231s] -- Up-to-date: /home/daxton/ros2_beginning/install/turtlesim/include/turtlesim/turtlesim/srv/detail/set_pen__type_support.cpp
[16.231s] -- Up-to-date: /home/daxton/ros2_beginning/install/turtlesim/include/turtlesim/turtlesim/srv/detail/spawn__type_support.cpp
[16.231s] -- Up-to-date: /home/daxton/ros2_beginning/install/turtlesim/include/turtlesim/turtlesim/srv/detail/teleport_relative__rosidl_typesupport_introspection_cpp.hpp
[16.231s] -- Up-to-date: /home/daxton/ros2_beginning/install/turtlesim/include/turtlesim/turtlesim/srv/detail/spawn__rosidl_typesupport_introspection_cpp.hpp
[16.231s] -- Up-to-date: /home/daxton/ros2_beginning/install/turtlesim/lib/libturtlesim__rosidl_typesupport_introspection_cpp.so
[16.232s] -- Up-to-date: /home/daxton/ros2_beginning/install/turtlesim/lib/libturtlesim__rosidl_typesupport_cpp.so
[16.232s] -- Up-to-date: /home/daxton/ros2_beginning/install/turtlesim/share/turtlesim/environment/pythonpath.sh
[16.232s] -- Up-to-date: /home/daxton/ros2_beginning/install/turtlesim/share/turtlesim/environment/pythonpath.dsv
[16.232s] -- Up-to-date: /home/daxton/ros2_beginning/install/turtlesim/lib/python3.12/site-packages/turtlesim-1.8.3-py3.12.egg-info
[16.232s] -- Installing: /home/daxton/ros2_beginning/install/turtlesim/lib/python3.12/site-packages/turtlesim-1.8.3-py3.12.egg-info/dependency_links.txt
[16.232s] -- Installing: /home/daxton/ros2_beginning/install/turtlesim/lib/python3.12/site-packages/turtlesim-1.8.3-py3.12.egg-info/SOURCES.txt
[16.232s] -- Installing: /home/daxton/ros2_beginning/install/turtlesim/lib/python3.12/site-packages/turtlesim-1.8.3-py3.12.egg-info/PKG-INFO
[16.232s] -- Installing: /home/daxton/ros2_beginning/install/turtlesim/lib/python3.12/site-packages/turtlesim-1.8.3-py3.12.egg-info/top_level.txt
[16.233s] -- Up-to-date: /home/daxton/ros2_beginning/install/turtlesim/lib/python3.12/site-packages/turtlesim
[16.233s] -- Up-to-date: /home/daxton/ros2_beginning/install/turtlesim/lib/python3.12/site-packages/turtlesim/_turtlesim_s.ep.rosidl_typesupport_fastrtps_c.c
[16.233s] -- Up-to-date: /home/daxton/ros2_beginning/install/turtlesim/lib/python3.12/site-packages/turtlesim/action
[16.233s] -- Up-to-date: /home/daxton/ros2_beginning/install/turtlesim/lib/python3.12/site-packages/turtlesim/action/_rotate_absolute.py
[16.233s] -- Up-to-date: /home/daxton/ros2_beginning/install/turtlesim/lib/python3.12/site-packages/turtlesim/action/__init__.py
[16.233s] -- Up-to-date: /home/daxton/ros2_beginning/install/turtlesim/lib/python3.12/site-packages/turtlesim/action/_rotate_absolute_s.c
[16.233s] -- Up-to-date: /home/daxton/ros2_beginning/install/turtlesim/lib/python3.12/site-packages/turtlesim/msg
[16.233s] -- Up-to-date: /home/daxton/ros2_beginning/install/turtlesim/lib/python3.12/site-packages/turtlesim/msg/_color_s.c
[16.234s] -- Up-to-date: /home/daxton/ros2_beginning/install/turtlesim/lib/python3.12/site-packages/turtlesim/msg/_color.py
[16.234s] -- Up-to-date: /home/daxton/ros2_beginning/install/turtlesim/lib/python3.12/site-packages/turtlesim/msg/_pose_s.c
[16.234s] -- Up-to-date: /home/daxton/ros2_beginning/install/turtlesim/lib/python3.12/site-packages/turtlesim/msg/__init__.py
[16.234s] -- Up-to-date: /home/daxton/ros2_beginning/install/turtlesim/lib/python3.12/site-packages/turtlesim/msg/_pose.py
[16.234s] -- Up-to-date: /home/daxton/ros2_beginning/install/turtlesim/lib/python3.12/site-packages/turtlesim/turtlesim_s__rosidl_typesupport_introspection_c.so
[16.234s] -- Up-to-date: /home/daxton/ros2_beginning/install/turtlesim/lib/python3.12/site-packages/turtlesim/srv
[16.234s] -- Up-to-date: /home/daxton/ros2_beginning/install/turtlesim/lib/python3.12/site-packages/turtlesim/srv/_teleport_absolute.py
[16.234s] -- Up-to-date: /home/daxton/ros2_beginning/install/turtlesim/lib/python3.12/site-packages/turtlesim/srv/_teleport_relative_s.c
[16.235s] -- Up-to-date: /home/daxton/ros2_beginning/install/turtlesim/lib/python3.12/site-packages/turtlesim/srv/_spawn_s.c
[16.235s] -- Up-to-date: /home/daxton/ros2_beginning/install/turtlesim/lib/python3.12/site-packages/turtlesim/srv/_spawn.py
[16.235s] -- Up-to-date: /home/daxton/ros2_beginning/install/turtlesim/lib/python3.12/site-packages/turtlesim/srv/_teleport_absolute_s.c
[16.235s] -- Up-to-date: /home/daxton/ros2_beginning/install/turtlesim/lib/python3.12/site-packages/turtlesim/srv/_kill.py
[16.235s] -- Up-to-date: /home/daxton/ros2_beginning/install/turtlesim/lib/python3.12/site-packages/turtlesim/srv/__init__.py
[16.235s] -- Up-to-date: /home/daxton/ros2_beginning/install/turtlesim/lib/python3.12/site-packages/turtlesim/srv/_kill_s.c
[16.235s] -- Up-to-date: /home/daxton/ros2_beginning/install/turtlesim/lib/python3.12/site-packages/turtlesim/srv/_teleport_relative.py
[16.235s] -- Up-to-date: /home/daxton/ros2_beginning/install/turtlesim/lib/python3.12/site-packages/turtlesim/srv/_set_pen.py
[16.236s] -- Up-to-date: /home/daxton/ros2_beginning/install/turtlesim/lib/python3.12/site-packages/turtlesim/srv/_set_pen_s.c
[16.236s] -- Up-to-date: /home/daxton/ros2_beginning/install/turtlesim/lib/python3.12/site-packages/turtlesim/__init__.py
[16.236s] -- Up-to-date: /home/daxton/ros2_beginning/install/turtlesim/lib/python3.12/site-packages/turtlesim/_turtlesim_s.ep.rosidl_typesupport_c.c
[16.236s] -- Up-to-date: /home/daxton/ros2_beginning/install/turtlesim/lib/python3.12/site-packages/turtlesim/turtlesim_s__rosidl_typesupport_fastrtps_c.so
[16.236s] -- Up-to-date: /home/daxton/ros2_beginning/install/turtlesim/lib/python3.12/site-packages/turtlesim/_turtlesim_s.ep.rosidl_typesupport_introspection_c.c
[16.236s] -- Up-to-date: /home/daxton/ros2_beginning/install/turtlesim/lib/python3.12/site-packages/turtlesim/turtlesim_s__rosidl_typesupport_c.so
[16.274s] Listing '/home/daxton/ros2_beginning/install/turtlesim/lib/python3.12/site-packages/turtlesim'...
[16.274s] Listing '/home/daxton/ros2_beginning/install/turtlesim/lib/python3.12/site-packages/turtlesim/action'...
[16.275s] Listing '/home/daxton/ros2_beginning/install/turtlesim/lib/python3.12/site-packages/turtlesim/msg'...
[16.275s] Listing '/home/daxton/ros2_beginning/install/turtlesim/lib/python3.12/site-packages/turtlesim/srv'...
[16.283s] -- Up-to-date: /home/daxton/ros2_beginning/install/turtlesim/lib/python3.12/site-packages/turtlesim/turtlesim_s__rosidl_typesupport_fastrtps_c.so
[16.284s] -- Up-to-date: /home/daxton/ros2_beginning/install/turtlesim/lib/python3.12/site-packages/turtlesim/turtlesim_s__rosidl_typesupport_introspection_c.so
[16.284s] -- Up-to-date: /home/daxton/ros2_beginning/install/turtlesim/lib/python3.12/site-packages/turtlesim/turtlesim_s__rosidl_typesupport_c.so
[16.285s] -- Up-to-date: /home/daxton/ros2_beginning/install/turtlesim/lib/libturtlesim__rosidl_generator_py.so
[16.286s] -- Up-to-date: /home/daxton/ros2_beginning/install/turtlesim/share/turtlesim/action/RotateAbsolute.idl
[16.286s] -- Up-to-date: /home/daxton/ros2_beginning/install/turtlesim/share/turtlesim/msg/Color.idl
[16.286s] -- Up-to-date: /home/daxton/ros2_beginning/install/turtlesim/share/turtlesim/msg/Pose.idl
[16.286s] -- Up-to-date: /home/daxton/ros2_beginning/install/turtlesim/share/turtlesim/srv/Kill.idl
[16.287s] -- Up-to-date: /home/daxton/ros2_beginning/install/turtlesim/share/turtlesim/srv/SetPen.idl
[16.287s] -- Up-to-date: /home/daxton/ros2_beginning/install/turtlesim/share/turtlesim/srv/Spawn.idl
[16.287s] -- Up-to-date: /home/daxton/ros2_beginning/install/turtlesim/share/turtlesim/srv/TeleportAbsolute.idl
[16.287s] -- Up-to-date: /home/daxton/ros2_beginning/install/turtlesim/share/turtlesim/srv/TeleportRelative.idl
[16.287s] -- Up-to-date: /home/daxton/ros2_beginning/install/turtlesim/share/turtlesim/action/RotateAbsolute.action
[16.287s] -- Up-to-date: /home/daxton/ros2_beginning/install/turtlesim/share/turtlesim/msg/Color.msg
[16.287s] -- Up-to-date: /home/daxton/ros2_beginning/install/turtlesim/share/turtlesim/msg/Pose.msg
[16.288s] -- Up-to-date: /home/daxton/ros2_beginning/install/turtlesim/share/turtlesim/srv/Kill.srv
[16.288s] -- Up-to-date: /home/daxton/ros2_beginning/install/turtlesim/share/turtlesim/srv/SetPen.srv
[16.288s] -- Up-to-date: /home/daxton/ros2_beginning/install/turtlesim/share/turtlesim/srv/Spawn.srv
[16.288s] -- Up-to-date: /home/daxton/ros2_beginning/install/turtlesim/share/turtlesim/srv/TeleportAbsolute.srv
[16.288s] -- Up-to-date: /home/daxton/ros2_beginning/install/turtlesim/share/turtlesim/srv/TeleportRelative.srv
[16.288s] -- Installing: /home/daxton/ros2_beginning/install/turtlesim/lib/turtlesim/turtlesim_node
[16.298s] -- Set non-toolchain portion of runtime path of "/home/daxton/ros2_beginning/install/turtlesim/lib/turtlesim/turtlesim_node" to ""
[16.299s] -- Up-to-date: /home/daxton/ros2_beginning/install/turtlesim/lib/turtlesim/turtle_teleop_key
[16.300s] -- Up-to-date: /home/daxton/ros2_beginning/install/turtlesim/lib/turtlesim/draw_square
[16.300s] -- Up-to-date: /home/daxton/ros2_beginning/install/turtlesim/lib/turtlesim/mimic
[16.301s] -- Up-to-date: /home/daxton/ros2_beginning/install/turtlesim/share/turtlesim/images
[16.301s] -- Up-to-date: /home/daxton/ros2_beginning/install/turtlesim/share/turtlesim/images/crystal.png
[16.301s] -- Up-to-date: /home/daxton/ros2_beginning/install/turtlesim/share/turtlesim/images/eloquent.png
[16.301s] -- Up-to-date: /home/daxton/ros2_beginning/install/turtlesim/share/turtlesim/images/humble.png
[16.302s] -- Up-to-date: /home/daxton/ros2_beginning/install/turtlesim/share/turtlesim/images/ardent.png
[16.302s] -- Up-to-date: /home/daxton/ros2_beginning/install/turtlesim/share/turtlesim/images/rolling.png
[16.302s] -- Up-to-date: /home/daxton/ros2_beginning/install/turtlesim/share/turtlesim/images/jazzy.png
[16.302s] -- Up-to-date: /home/daxton/ros2_beginning/install/turtlesim/share/turtlesim/images/galactic.png
[16.302s] -- Up-to-date: /home/daxton/ros2_beginning/install/turtlesim/share/turtlesim/images/foxy.png
[16.302s] -- Up-to-date: /home/daxton/ros2_beginning/install/turtlesim/share/turtlesim/images/bouncy.png
[16.303s] -- Up-to-date: /home/daxton/ros2_beginning/install/turtlesim/share/turtlesim/images/dashing.png
[16.303s] -- Up-to-date: /home/daxton/ros2_beginning/install/turtlesim/share/turtlesim/images/iron.png
[16.303s] -- Up-to-date: /home/daxton/ros2_beginning/install/turtlesim/share/turtlesim/launch
[16.303s] -- Up-to-date: /home/daxton/ros2_beginning/install/turtlesim/share/turtlesim/launch/multisim.launch.py
[16.303s] -- Up-to-date: /home/daxton/ros2_beginning/install/turtlesim/share/ament_index/resource_index/package_run_dependencies/turtlesim
[16.303s] -- Up-to-date: /home/daxton/ros2_beginning/install/turtlesim/share/ament_index/resource_index/parent_prefix_path/turtlesim
[16.303s] -- Up-to-date: /home/daxton/ros2_beginning/install/turtlesim/share/turtlesim/environment/ament_prefix_path.sh
[16.304s] -- Up-to-date: /home/daxton/ros2_beginning/install/turtlesim/share/turtlesim/environment/ament_prefix_path.dsv
[16.304s] -- Up-to-date: /home/daxton/ros2_beginning/install/turtlesim/share/turtlesim/environment/path.sh
[16.304s] -- Up-to-date: /home/daxton/ros2_beginning/install/turtlesim/share/turtlesim/environment/path.dsv
[16.304s] -- Up-to-date: /home/daxton/ros2_beginning/install/turtlesim/share/turtlesim/local_setup.bash
[16.304s] -- Up-to-date: /home/daxton/ros2_beginning/install/turtlesim/share/turtlesim/local_setup.sh
[16.304s] -- Up-to-date: /home/daxton/ros2_beginning/install/turtlesim/share/turtlesim/local_setup.zsh
[16.304s] -- Up-to-date: /home/daxton/ros2_beginning/install/turtlesim/share/turtlesim/local_setup.dsv
[16.305s] -- Installing: /home/daxton/ros2_beginning/install/turtlesim/share/turtlesim/package.dsv
[16.305s] -- Up-to-date: /home/daxton/ros2_beginning/install/turtlesim/share/ament_index/resource_index/packages/turtlesim
[16.305s] -- Up-to-date: /home/daxton/ros2_beginning/install/turtlesim/share/turtlesim/cmake/export_turtlesim__rosidl_generator_cExport.cmake
[16.305s] -- Up-to-date: /home/daxton/ros2_beginning/install/turtlesim/share/turtlesim/cmake/export_turtlesim__rosidl_generator_cExport-noconfig.cmake
[16.305s] -- Up-to-date: /home/daxton/ros2_beginning/install/turtlesim/share/turtlesim/cmake/export_turtlesim__rosidl_typesupport_fastrtps_cExport.cmake
[16.305s] -- Up-to-date: /home/daxton/ros2_beginning/install/turtlesim/share/turtlesim/cmake/export_turtlesim__rosidl_typesupport_fastrtps_cExport-noconfig.cmake
[16.305s] -- Up-to-date: /home/daxton/ros2_beginning/install/turtlesim/share/turtlesim/cmake/export_turtlesim__rosidl_generator_cppExport.cmake
[16.306s] -- Up-to-date: /home/daxton/ros2_beginning/install/turtlesim/share/turtlesim/cmake/export_turtlesim__rosidl_typesupport_fastrtps_cppExport.cmake
[16.306s] -- Up-to-date: /home/daxton/ros2_beginning/install/turtlesim/share/turtlesim/cmake/export_turtlesim__rosidl_typesupport_fastrtps_cppExport-noconfig.cmake
[16.306s] -- Up-to-date: /home/daxton/ros2_beginning/install/turtlesim/share/turtlesim/cmake/turtlesim__rosidl_typesupport_introspection_cExport.cmake
[16.306s] -- Up-to-date: /home/daxton/ros2_beginning/install/turtlesim/share/turtlesim/cmake/turtlesim__rosidl_typesupport_introspection_cExport-noconfig.cmake
[16.306s] -- Up-to-date: /home/daxton/ros2_beginning/install/turtlesim/share/turtlesim/cmake/turtlesim__rosidl_typesupport_cExport.cmake
[16.306s] -- Up-to-date: /home/daxton/ros2_beginning/install/turtlesim/share/turtlesim/cmake/turtlesim__rosidl_typesupport_cExport-noconfig.cmake
[16.306s] -- Up-to-date: /home/daxton/ros2_beginning/install/turtlesim/share/turtlesim/cmake/turtlesim__rosidl_typesupport_introspection_cppExport.cmake
[16.306s] -- Up-to-date: /home/daxton/ros2_beginning/install/turtlesim/share/turtlesim/cmake/turtlesim__rosidl_typesupport_introspection_cppExport-noconfig.cmake
[16.307s] -- Up-to-date: /home/daxton/ros2_beginning/install/turtlesim/share/turtlesim/cmake/turtlesim__rosidl_typesupport_cppExport.cmake
[16.307s] -- Up-to-date: /home/daxton/ros2_beginning/install/turtlesim/share/turtlesim/cmake/turtlesim__rosidl_typesupport_cppExport-noconfig.cmake
[16.307s] -- Up-to-date: /home/daxton/ros2_beginning/install/turtlesim/share/turtlesim/cmake/export_turtlesim__rosidl_generator_pyExport.cmake
[16.307s] -- Up-to-date: /home/daxton/ros2_beginning/install/turtlesim/share/turtlesim/cmake/export_turtlesim__rosidl_generator_pyExport-noconfig.cmake
[16.307s] -- Up-to-date: /home/daxton/ros2_beginning/install/turtlesim/share/turtlesim/cmake/rosidl_cmake-extras.cmake
[16.307s] -- Up-to-date: /home/daxton/ros2_beginning/install/turtlesim/share/turtlesim/cmake/ament_cmake_export_dependencies-extras.cmake
[16.307s] -- Up-to-date: /home/daxton/ros2_beginning/install/turtlesim/share/turtlesim/cmake/ament_cmake_export_include_directories-extras.cmake
[16.307s] -- Up-to-date: /home/daxton/ros2_beginning/install/turtlesim/share/turtlesim/cmake/ament_cmake_export_libraries-extras.cmake
[16.308s] -- Up-to-date: /home/daxton/ros2_beginning/install/turtlesim/share/turtlesim/cmake/ament_cmake_export_targets-extras.cmake
[16.308s] -- Up-to-date: /home/daxton/ros2_beginning/install/turtlesim/share/turtlesim/cmake/rosidl_cmake_export_typesupport_targets-extras.cmake
[16.308s] -- Up-to-date: /home/daxton/ros2_beginning/install/turtlesim/share/turtlesim/cmake/rosidl_cmake_export_typesupport_libraries-extras.cmake
[16.308s] -- Up-to-date: /home/daxton/ros2_beginning/install/turtlesim/share/turtlesim/cmake/turtlesimConfig.cmake
[16.308s] -- Up-to-date: /home/daxton/ros2_beginning/install/turtlesim/share/turtlesim/cmake/turtlesimConfig-version.cmake
[16.308s] -- Up-to-date: /home/daxton/ros2_beginning/install/turtlesim/share/turtlesim/package.xml
[16.310s] Invoked command in '/home/daxton/ros2_beginning/build/turtlesim' returned '0': CMAKE_PREFIX_PATH=${CMAKE_PREFIX_PATH}:/opt/ros/jazzy DEBUGINFOD_URLS=https://debuginfod.ubuntu.com /usr/bin/cmake --install /home/daxton/ros2_beginning/build/turtlesim
