[0.014s] Invoking command in '/home/daxton/ros2_beginning/build/cpp_srvcli': CMAKE_PREFIX_PATH=${CMAKE_PREFIX_PATH}:/opt/ros/jazzy DEBUGINFOD_URLS=https://debuginfod.ubuntu.com /usr/bin/cmake /home/daxton/ros2_beginning/src/cpp_srvcli -DCMAKE_INSTALL_PREFIX=/home/daxton/ros2_beginning/install/cpp_srvcli
[0.033s] -- Found ament_cmake: 2.5.4 (/opt/ros/jazzy/share/ament_cmake/cmake)
[0.365s] -- Found rclcpp: 28.1.9 (/opt/ros/jazzy/share/rclcpp/cmake)
[0.400s] -- Found rosidl_generator_c: 4.6.5 (/opt/ros/jazzy/share/rosidl_generator_c/cmake)
[0.414s] -- Found rosidl_generator_cpp: 4.6.5 (/opt/ros/jazzy/share/rosidl_generator_cpp/cmake)
[0.429s] -- Using all available rosidl_typesupport_c: rosidl_typesupport_fastrtps_c;rosidl_typesupport_introspection_c
[0.445s] -- Using all available rosidl_typesupport_cpp: rosidl_typesupport_fastrtps_cpp;rosidl_typesupport_introspection_cpp
[0.522s] -- Found rmw_implementation_cmake: 7.3.2 (/opt/ros/jazzy/share/rmw_implementation_cmake/cmake)
[0.524s] -- Found rmw_fastrtps_cpp: 8.4.2 (/opt/ros/jazzy/share/rmw_fastrtps_cpp/cmake)
[0.611s] -- Using RMW implementation 'rmw_fastrtps_cpp' as default
[0.696s] -- Found example_interfaces: 0.12.0 (/opt/ros/jazzy/share/example_interfaces/cmake)
[0.765s] -- Found ament_lint_auto: 0.17.2 (/opt/ros/jazzy/share/ament_lint_auto/cmake)
[0.888s] -- Added test 'cppcheck' to perform static code analysis on C / C++ code
[0.888s] -- Configured cppcheck include dirs: 
[0.888s] -- Configured cppcheck exclude dirs and/or files: 
[0.888s] -- Added test 'lint_cmake' to check CMake code style
[0.889s] -- Added test 'uncrustify' to check C / C++ code style
[0.889s] -- Configured uncrustify additional arguments: 
[0.889s] -- Added test 'xmllint' to check XML markup files
[0.890s] -- Configuring done (0.9s)
[0.908s] -- Generating done (0.0s)
[0.914s] -- Build files have been written to: /home/daxton/ros2_beginning/build/cpp_srvcli
[0.927s] Invoked command in '/home/daxton/ros2_beginning/build/cpp_srvcli' returned '0': CMAKE_PREFIX_PATH=${CMAKE_PREFIX_PATH}:/opt/ros/jazzy DEBUGINFOD_URLS=https://debuginfod.ubuntu.com /usr/bin/cmake /home/daxton/ros2_beginning/src/cpp_srvcli -DCMAKE_INSTALL_PREFIX=/home/daxton/ros2_beginning/install/cpp_srvcli
[0.929s] Invoking command in '/home/daxton/ros2_beginning/build/cpp_srvcli': CMAKE_PREFIX_PATH=${CMAKE_PREFIX_PATH}:/opt/ros/jazzy DEBUGINFOD_URLS=https://debuginfod.ubuntu.com /usr/bin/cmake --build /home/daxton/ros2_beginning/build/cpp_srvcli -- -j12 -l12
[1.021s] [ 50%] [32mBuilding CXX object CMakeFiles/server.dir/src/add_two_ints_server.cpp.o[0m
[1.021s] [ 50%] [32mBuilding CXX object CMakeFiles/client.dir/src/add_two_ints_client.cpp.o[0m
[5.366s] [ 75%] [32m[1mLinking CXX executable server[0m
[5.596s] [ 75%] Built target server
[5.625s] [100%] [32m[1mLinking CXX executable client[0m
[5.830s] [100%] Built target client
[5.850s] Invoked command in '/home/daxton/ros2_beginning/build/cpp_srvcli' returned '0': CMAKE_PREFIX_PATH=${CMAKE_PREFIX_PATH}:/opt/ros/jazzy DEBUGINFOD_URLS=https://debuginfod.ubuntu.com /usr/bin/cmake --build /home/daxton/ros2_beginning/build/cpp_srvcli -- -j12 -l12
[5.869s] Invoking command in '/home/daxton/ros2_beginning/build/cpp_srvcli': CMAKE_PREFIX_PATH=${CMAKE_PREFIX_PATH}:/opt/ros/jazzy DEBUGINFOD_URLS=https://debuginfod.ubuntu.com /usr/bin/cmake --install /home/daxton/ros2_beginning/build/cpp_srvcli
[5.882s] -- Install configuration: ""
[5.882s] -- Installing: /home/daxton/ros2_beginning/install/cpp_srvcli/lib/cpp_srvcli/server
[5.883s] -- Set non-toolchain portion of runtime path of "/home/daxton/ros2_beginning/install/cpp_srvcli/lib/cpp_srvcli/server" to ""
[5.883s] -- Installing: /home/daxton/ros2_beginning/install/cpp_srvcli/lib/cpp_srvcli/client
[5.884s] -- Set non-toolchain portion of runtime path of "/home/daxton/ros2_beginning/install/cpp_srvcli/lib/cpp_srvcli/client" to ""
[5.884s] -- Installing: /home/daxton/ros2_beginning/install/cpp_srvcli/share/ament_index/resource_index/package_run_dependencies/cpp_srvcli
[5.884s] -- Installing: /home/daxton/ros2_beginning/install/cpp_srvcli/share/ament_index/resource_index/parent_prefix_path/cpp_srvcli
[5.885s] -- Installing: /home/daxton/ros2_beginning/install/cpp_srvcli/share/cpp_srvcli/environment/ament_prefix_path.sh
[5.885s] -- Installing: /home/daxton/ros2_beginning/install/cpp_srvcli/share/cpp_srvcli/environment/ament_prefix_path.dsv
[5.885s] -- Installing: /home/daxton/ros2_beginning/install/cpp_srvcli/share/cpp_srvcli/environment/path.sh
[5.886s] -- Installing: /home/daxton/ros2_beginning/install/cpp_srvcli/share/cpp_srvcli/environment/path.dsv
[5.886s] -- Installing: /home/daxton/ros2_beginning/install/cpp_srvcli/share/cpp_srvcli/local_setup.bash
[5.886s] -- Installing: /home/daxton/ros2_beginning/install/cpp_srvcli/share/cpp_srvcli/local_setup.sh
[5.886s] -- Installing: /home/daxton/ros2_beginning/install/cpp_srvcli/share/cpp_srvcli/local_setup.zsh
[5.887s] -- Installing: /home/daxton/ros2_beginning/install/cpp_srvcli/share/cpp_srvcli/local_setup.dsv
[5.887s] -- Installing: /home/daxton/ros2_beginning/install/cpp_srvcli/share/cpp_srvcli/package.dsv
[5.887s] -- Installing: /home/daxton/ros2_beginning/install/cpp_srvcli/share/ament_index/resource_index/packages/cpp_srvcli
[5.887s] -- Installing: /home/daxton/ros2_beginning/install/cpp_srvcli/share/cpp_srvcli/cmake/cpp_srvcliConfig.cmake
[5.887s] -- Installing: /home/daxton/ros2_beginning/install/cpp_srvcli/share/cpp_srvcli/cmake/cpp_srvcliConfig-version.cmake
[5.887s] -- Installing: /home/daxton/ros2_beginning/install/cpp_srvcli/share/cpp_srvcli/package.xml
[5.891s] Invoked command in '/home/daxton/ros2_beginning/build/cpp_srvcli' returned '0': CMAKE_PREFIX_PATH=${CMAKE_PREFIX_PATH}:/opt/ros/jazzy DEBUGINFOD_URLS=https://debuginfod.ubuntu.com /usr/bin/cmake --install /home/daxton/ros2_beginning/build/cpp_srvcli
