[0.031s] Invoking command in '/home/daxton/ros2_beginning/build/my_package': CMAKE_PREFIX_PATH=${CMAKE_PREFIX_PATH}:/opt/ros/jazzy DEBUGINFOD_URLS=https://debuginfod.ubuntu.com /usr/bin/cmake --build /home/daxton/ros2_beginning/build/my_package -- -j12 -l12
[0.090s] -- Found ament_cmake: 2.5.4 (/opt/ros/jazzy/share/ament_cmake/cmake)
[0.679s] -- Found ament_lint_auto: 0.17.2 (/opt/ros/jazzy/share/ament_lint_auto/cmake)
[0.824s] -- Added test 'cppcheck' to perform static code analysis on C / C++ code
[0.824s] -- Configured cppcheck include dirs: $<BUILD_INTERFACE:/home/daxton/ros2_beginning/src/my_package/include>
[0.824s] -- Configured cppcheck exclude dirs and/or files: 
[0.825s] -- Added test 'lint_cmake' to check CMake code style
[0.827s] -- Added test 'uncrustify' to check C / C++ code style
[0.827s] -- Configured uncrustify additional arguments: 
[0.828s] -- Added test 'xmllint' to check XML markup files
[0.830s] -- Configuring done (0.8s)
[0.839s] -- Generating done (0.0s)
[0.844s] -- Build files have been written to: /home/daxton/ros2_beginning/build/my_package
[0.911s] [100%] Built target my_node
[0.930s] Invoked command in '/home/daxton/ros2_beginning/build/my_package' returned '0': CMAKE_PREFIX_PATH=${CMAKE_PREFIX_PATH}:/opt/ros/jazzy DEBUGINFOD_URLS=https://debuginfod.ubuntu.com /usr/bin/cmake --build /home/daxton/ros2_beginning/build/my_package -- -j12 -l12
[0.932s] Invoking command in '/home/daxton/ros2_beginning/build/my_package': CMAKE_PREFIX_PATH=${CMAKE_PREFIX_PATH}:/opt/ros/jazzy DEBUGINFOD_URLS=https://debuginfod.ubuntu.com /usr/bin/cmake --install /home/daxton/ros2_beginning/build/my_package
[0.949s] -- Install configuration: ""
[0.950s] -- Up-to-date: /home/daxton/ros2_beginning/install/my_package/lib/my_package/my_node
[0.950s] -- Up-to-date: /home/daxton/ros2_beginning/install/my_package/share/ament_index/resource_index/package_run_dependencies/my_package
[0.950s] -- Installing: /home/daxton/ros2_beginning/install/my_package/share/ament_index/resource_index/parent_prefix_path/my_package
[0.950s] -- Up-to-date: /home/daxton/ros2_beginning/install/my_package/share/my_package/environment/ament_prefix_path.sh
[0.951s] -- Up-to-date: /home/daxton/ros2_beginning/install/my_package/share/my_package/environment/ament_prefix_path.dsv
[0.951s] -- Up-to-date: /home/daxton/ros2_beginning/install/my_package/share/my_package/environment/path.sh
[0.951s] -- Up-to-date: /home/daxton/ros2_beginning/install/my_package/share/my_package/environment/path.dsv
[0.951s] -- Up-to-date: /home/daxton/ros2_beginning/install/my_package/share/my_package/local_setup.bash
[0.951s] -- Up-to-date: /home/daxton/ros2_beginning/install/my_package/share/my_package/local_setup.sh
[0.952s] -- Up-to-date: /home/daxton/ros2_beginning/install/my_package/share/my_package/local_setup.zsh
[0.952s] -- Up-to-date: /home/daxton/ros2_beginning/install/my_package/share/my_package/local_setup.dsv
[0.952s] -- Installing: /home/daxton/ros2_beginning/install/my_package/share/my_package/package.dsv
[0.952s] -- Up-to-date: /home/daxton/ros2_beginning/install/my_package/share/ament_index/resource_index/packages/my_package
[0.952s] -- Up-to-date: /home/daxton/ros2_beginning/install/my_package/share/my_package/cmake/my_packageConfig.cmake
[0.952s] -- Up-to-date: /home/daxton/ros2_beginning/install/my_package/share/my_package/cmake/my_packageConfig-version.cmake
[0.953s] -- Installing: /home/daxton/ros2_beginning/install/my_package/share/my_package/package.xml
[0.957s] Invoked command in '/home/daxton/ros2_beginning/build/my_package' returned '0': CMAKE_PREFIX_PATH=${CMAKE_PREFIX_PATH}:/opt/ros/jazzy DEBUGINFOD_URLS=https://debuginfod.ubuntu.com /usr/bin/cmake --install /home/daxton/ros2_beginning/build/my_package
