[0.016s] Invoking command in '/home/daxton/ros2_beginning/build/tutorial_interfaces': CMAKE_PREFIX_PATH=${CMAKE_PREFIX_PATH}:/opt/ros/jazzy DEBUGINFOD_URLS=https://debuginfod.ubuntu.com /usr/bin/cmake /home/daxton/ros2_beginning/src/tutorial_interfaces -DCMAKE_INSTALL_PREFIX=/home/daxton/ros2_beginning/install/tutorial_interfaces
[0.040s] -- Found ament_cmake: 2.5.4 (/opt/ros/jazzy/share/ament_cmake/cmake)
[0.375s] -- Found geometry_msgs: 5.3.6 (/opt/ros/jazzy/share/geometry_msgs/cmake)
[0.411s] -- Found rosidl_generator_c: 4.6.5 (/opt/ros/jazzy/share/rosidl_generator_c/cmake)
[0.425s] -- Found rosidl_generator_cpp: 4.6.5 (/opt/ros/jazzy/share/rosidl_generator_cpp/cmake)
[0.440s] -- Using all available rosidl_typesupport_c: rosidl_typesupport_fastrtps_c;rosidl_typesupport_introspection_c
[0.457s] -- Using all available rosidl_typesupport_cpp: rosidl_typesupport_fastrtps_cpp;rosidl_typesupport_introspection_cpp
[0.506s] -- Found rosidl_default_generators: 1.6.0 (/opt/ros/jazzy/share/rosidl_default_generators/cmake)
[0.516s] -- Found rosidl_adapter: 4.6.5 (/opt/ros/jazzy/share/rosidl_adapter/cmake)
[1.480s] -- Found ament_cmake_ros: 0.12.0 (/opt/ros/jazzy/share/ament_cmake_ros/cmake)
[2.774s] -- Using all available rosidl_typesupport_c: rosidl_typesupport_fastrtps_c;rosidl_typesupport_introspection_c
[3.283s] -- Using all available rosidl_typesupport_cpp: rosidl_typesupport_fastrtps_cpp;rosidl_typesupport_introspection_cpp
[3.291s] -- Found python_cmake_module: 0.11.1 (/opt/ros/jazzy/share/python_cmake_module/cmake)
[3.506s] -- Found PythonExtra: /usr/bin/python3  
[4.203s] -- Found Python3: /usr/bin/python3 (found version "3.12.3") found components: Interpreter Development NumPy Development.Module Development.Embed 
[4.287s] -- Found ament_lint_auto: 0.17.2 (/opt/ros/jazzy/share/ament_lint_auto/cmake)
[4.324s] -- Added test 'lint_cmake' to check CMake code style
[4.326s] -- Added test 'xmllint' to check XML markup files
[4.329s] -- Configuring done (4.3s)
[4.380s] -- Generating done (0.0s)
[4.394s] -- Build files have been written to: /home/daxton/ros2_beginning/build/tutorial_interfaces
[4.406s] Invoked command in '/home/daxton/ros2_beginning/build/tutorial_interfaces' returned '0': CMAKE_PREFIX_PATH=${CMAKE_PREFIX_PATH}:/opt/ros/jazzy DEBUGINFOD_URLS=https://debuginfod.ubuntu.com /usr/bin/cmake /home/daxton/ros2_beginning/src/tutorial_interfaces -DCMAKE_INSTALL_PREFIX=/home/daxton/ros2_beginning/install/tutorial_interfaces
[4.409s] Invoking command in '/home/daxton/ros2_beginning/build/tutorial_interfaces': CMAKE_PREFIX_PATH=${CMAKE_PREFIX_PATH}:/opt/ros/jazzy DEBUGINFOD_URLS=https://debuginfod.ubuntu.com /usr/bin/cmake --build /home/daxton/ros2_beginning/build/tutorial_interfaces -- -j12 -l12
[4.496s] [  1%] [34m[1mGenerating type hashes for ROS interfaces[0m
[4.510s] [  1%] Built target ament_cmake_python_copy_tutorial_interfaces
[4.810s] running egg_info
[4.811s] creating tutorial_interfaces.egg-info
[4.812s] [  1%] Built target tutorial_interfaces__rosidl_generator_type_description
[4.834s] [  3%] [34m[1mGenerating C code for ROS interfaces[0m
[4.835s] writing tutorial_interfaces.egg-info/PKG-INFO
[4.836s] writing dependency_links to tutorial_interfaces.egg-info/dependency_links.txt
[4.836s] writing top-level names to tutorial_interfaces.egg-info/top_level.txt
[4.836s] writing manifest file 'tutorial_interfaces.egg-info/SOURCES.txt'
[4.857s] [  5%] [34m[1mGenerating C++ code for ROS interfaces[0m
[4.900s] reading manifest file 'tutorial_interfaces.egg-info/SOURCES.txt'
[4.901s] writing manifest file 'tutorial_interfaces.egg-info/SOURCES.txt'
[4.949s] [  5%] Built target ament_cmake_python_build_tutorial_interfaces_egg
[5.305s] [  5%] Built target tutorial_interfaces__cpp
[5.387s] [  7%] [32mBuilding C object CMakeFiles/tutorial_interfaces__rosidl_generator_c.dir/rosidl_generator_c/tutorial_interfaces/msg/detail/sphere__description.c.o[0m
[5.389s] [ 14%] [32mBuilding C object CMakeFiles/tutorial_interfaces__rosidl_generator_c.dir/rosidl_generator_c/tutorial_interfaces/msg/detail/num__description.c.o[0m
[5.390s] [ 14%] [32mBuilding C object CMakeFiles/tutorial_interfaces__rosidl_generator_c.dir/rosidl_generator_c/tutorial_interfaces/msg/detail/num__type_support.c.o[0m
[5.390s] [ 14%] [32mBuilding C object CMakeFiles/tutorial_interfaces__rosidl_generator_c.dir/rosidl_generator_c/tutorial_interfaces/msg/detail/num__functions.c.o[0m
[5.390s] [ 14%] [32mBuilding C object CMakeFiles/tutorial_interfaces__rosidl_generator_c.dir/rosidl_generator_c/tutorial_interfaces/srv/detail/add_three_ints__description.c.o[0m
[5.391s] [ 16%] [32mBuilding C object CMakeFiles/tutorial_interfaces__rosidl_generator_c.dir/rosidl_generator_c/tutorial_interfaces/msg/detail/sphere__functions.c.o[0m
[5.391s] [ 18%] [32mBuilding C object CMakeFiles/tutorial_interfaces__rosidl_generator_c.dir/rosidl_generator_c/tutorial_interfaces/msg/detail/sphere__type_support.c.o[0m
[5.392s] [ 20%] [32mBuilding C object CMakeFiles/tutorial_interfaces__rosidl_generator_c.dir/rosidl_generator_c/tutorial_interfaces/srv/detail/add_three_ints__functions.c.o[0m
[5.392s] [ 22%] [32mBuilding C object CMakeFiles/tutorial_interfaces__rosidl_generator_c.dir/rosidl_generator_c/tutorial_interfaces/srv/detail/add_three_ints__type_support.c.o[0m
[5.528s] [ 24%] [32m[1mLinking C shared library libtutorial_interfaces__rosidl_generator_c.so[0m
[5.601s] [ 24%] Built target tutorial_interfaces__rosidl_generator_c
[5.620s] [ 25%] [34m[1mGenerating C type support for eProsima Fast-RTPS[0m
[5.622s] [ 29%] [34m[1mGenerating C++ type support for eProsima Fast-RTPS[0m
[5.623s] [ 29%] [34m[1mGenerating C++ type support dispatch for ROS interfaces[0m
[5.623s] [ 31%] [34m[1mGenerating C introspection for ROS interfaces[0m
[5.623s] [ 33%] [34m[1mGenerating C type support dispatch for ROS interfaces[0m
[5.624s] [ 35%] [34m[1mGenerating C++ introspection for ROS interfaces[0m
[6.097s] [ 37%] [32mBuilding CXX object CMakeFiles/tutorial_interfaces__rosidl_typesupport_fastrtps_cpp.dir/rosidl_typesupport_fastrtps_cpp/tutorial_interfaces/msg/detail/dds_fastrtps/num__type_support.cpp.o[0m
[6.098s] [ 38%] [32mBuilding CXX object CMakeFiles/tutorial_interfaces__rosidl_typesupport_fastrtps_cpp.dir/rosidl_typesupport_fastrtps_cpp/tutorial_interfaces/msg/detail/dds_fastrtps/sphere__type_support.cpp.o[0m
[6.099s] [ 40%] [32mBuilding CXX object CMakeFiles/tutorial_interfaces__rosidl_typesupport_fastrtps_cpp.dir/rosidl_typesupport_fastrtps_cpp/tutorial_interfaces/srv/detail/dds_fastrtps/add_three_ints__type_support.cpp.o[0m
[6.141s] [ 42%] [32mBuilding CXX object CMakeFiles/tutorial_interfaces__rosidl_typesupport_fastrtps_c.dir/rosidl_typesupport_fastrtps_c/tutorial_interfaces/srv/detail/add_three_ints__type_support_c.cpp.o[0m
[6.143s] [ 46%] [32mBuilding CXX object CMakeFiles/tutorial_interfaces__rosidl_typesupport_fastrtps_c.dir/rosidl_typesupport_fastrtps_c/tutorial_interfaces/msg/detail/sphere__type_support_c.cpp.o[0m
[6.147s] [ 46%] [32mBuilding CXX object CMakeFiles/tutorial_interfaces__rosidl_typesupport_fastrtps_c.dir/rosidl_typesupport_fastrtps_c/tutorial_interfaces/msg/detail/num__type_support_c.cpp.o[0m
[6.238s] [ 48%] [32mBuilding CXX object CMakeFiles/tutorial_interfaces__rosidl_typesupport_c.dir/rosidl_typesupport_c/tutorial_interfaces/msg/sphere__type_support.cpp.o[0m
[6.238s] [ 50%] [32mBuilding CXX object CMakeFiles/tutorial_interfaces__rosidl_typesupport_c.dir/rosidl_typesupport_c/tutorial_interfaces/msg/num__type_support.cpp.o[0m
[6.243s] [ 51%] [32mBuilding CXX object CMakeFiles/tutorial_interfaces__rosidl_typesupport_c.dir/rosidl_typesupport_c/tutorial_interfaces/srv/add_three_ints__type_support.cpp.o[0m
[6.259s] [ 53%] [32mBuilding CXX object CMakeFiles/tutorial_interfaces__rosidl_typesupport_cpp.dir/rosidl_typesupport_cpp/tutorial_interfaces/msg/num__type_support.cpp.o[0m
[6.347s] [ 55%] [32mBuilding CXX object CMakeFiles/tutorial_interfaces__rosidl_typesupport_cpp.dir/rosidl_typesupport_cpp/tutorial_interfaces/msg/sphere__type_support.cpp.o[0m
[6.364s] [ 57%] [32mBuilding CXX object CMakeFiles/tutorial_interfaces__rosidl_typesupport_cpp.dir/rosidl_typesupport_cpp/tutorial_interfaces/srv/add_three_ints__type_support.cpp.o[0m
[6.367s] [ 59%] [32m[1mLinking CXX shared library libtutorial_interfaces__rosidl_typesupport_c.so[0m
[6.402s] [ 61%] [32mBuilding C object CMakeFiles/tutorial_interfaces__rosidl_typesupport_introspection_c.dir/rosidl_typesupport_introspection_c/tutorial_interfaces/msg/detail/num__type_support.c.o[0m
[6.418s] [ 62%] [32mBuilding CXX object CMakeFiles/tutorial_interfaces__rosidl_typesupport_introspection_cpp.dir/rosidl_typesupport_introspection_cpp/tutorial_interfaces/msg/detail/num__type_support.cpp.o[0m
[6.464s] [ 62%] Built target tutorial_interfaces__rosidl_typesupport_c
[6.481s] [ 64%] [32mBuilding CXX object CMakeFiles/tutorial_interfaces__rosidl_typesupport_introspection_cpp.dir/rosidl_typesupport_introspection_cpp/tutorial_interfaces/msg/detail/sphere__type_support.cpp.o[0m
[6.560s] [ 66%] [32mBuilding C object CMakeFiles/tutorial_interfaces__rosidl_typesupport_introspection_c.dir/rosidl_typesupport_introspection_c/tutorial_interfaces/msg/detail/sphere__type_support.c.o[0m
[6.639s] [ 68%] [32mBuilding C object CMakeFiles/tutorial_interfaces__rosidl_typesupport_introspection_c.dir/rosidl_typesupport_introspection_c/tutorial_interfaces/srv/detail/add_three_ints__type_support.c.o[0m
[6.774s] [ 70%] [32m[1mLinking C shared library libtutorial_interfaces__rosidl_typesupport_introspection_c.so[0m
[6.867s] [ 70%] Built target tutorial_interfaces__rosidl_typesupport_introspection_c
[6.888s] [ 72%] [32mBuilding CXX object CMakeFiles/tutorial_interfaces__rosidl_typesupport_introspection_cpp.dir/rosidl_typesupport_introspection_cpp/tutorial_interfaces/srv/detail/add_three_ints__type_support.cpp.o[0m
[7.433s] [ 74%] [32m[1mLinking CXX shared library libtutorial_interfaces__rosidl_typesupport_fastrtps_c.so[0m
[7.443s] [ 75%] [32m[1mLinking CXX shared library libtutorial_interfaces__rosidl_typesupport_fastrtps_cpp.so[0m
[7.470s] [ 77%] [32m[1mLinking CXX shared library libtutorial_interfaces__rosidl_typesupport_cpp.so[0m
[7.502s] [ 79%] [32m[1mLinking CXX shared library libtutorial_interfaces__rosidl_typesupport_introspection_cpp.so[0m
[7.507s] [ 79%] Built target tutorial_interfaces__rosidl_typesupport_fastrtps_c
[7.601s] [ 79%] Built target tutorial_interfaces__rosidl_typesupport_fastrtps_cpp
[7.602s] [ 79%] Built target tutorial_interfaces__rosidl_typesupport_cpp
[7.653s] [ 79%] Built target tutorial_interfaces__rosidl_typesupport_introspection_cpp
[7.687s] [ 79%] Built target tutorial_interfaces
[7.723s] [ 81%] [34m[1mGenerating Python code for ROS interfaces[0m
[8.332s] [ 81%] Built target tutorial_interfaces__py
[8.365s] [ 83%] [32mBuilding C object CMakeFiles/tutorial_interfaces__rosidl_generator_py.dir/rosidl_generator_py/tutorial_interfaces/msg/_num_s.c.o[0m
[8.370s] [ 85%] [32mBuilding C object CMakeFiles/tutorial_interfaces__rosidl_generator_py.dir/rosidl_generator_py/tutorial_interfaces/srv/_add_three_ints_s.c.o[0m
[8.371s] [ 87%] [32mBuilding C object CMakeFiles/tutorial_interfaces__rosidl_generator_py.dir/rosidl_generator_py/tutorial_interfaces/msg/_sphere_s.c.o[0m
[8.607s] [ 88%] [32m[1mLinking C shared library libtutorial_interfaces__rosidl_generator_py.so[0m
[8.675s] [ 88%] Built target tutorial_interfaces__rosidl_generator_py
[8.713s] [ 90%] [32mBuilding C object CMakeFiles/tutorial_interfaces_s__rosidl_typesupport_introspection_c.dir/rosidl_generator_py/tutorial_interfaces/_tutorial_interfaces_s.ep.rosidl_typesupport_introspection_c.c.o[0m
[8.713s] [ 92%] [32mBuilding C object CMakeFiles/tutorial_interfaces_s__rosidl_typesupport_fastrtps_c.dir/rosidl_generator_py/tutorial_interfaces/_tutorial_interfaces_s.ep.rosidl_typesupport_fastrtps_c.c.o[0m
[8.717s] [ 94%] [32mBuilding C object CMakeFiles/tutorial_interfaces_s__rosidl_typesupport_c.dir/rosidl_generator_py/tutorial_interfaces/_tutorial_interfaces_s.ep.rosidl_typesupport_c.c.o[0m
[8.853s] [ 96%] [32m[1mLinking C shared module rosidl_generator_py/tutorial_interfaces/tutorial_interfaces_s__rosidl_typesupport_fastrtps_c.so[0m
[8.900s] [ 98%] [32m[1mLinking C shared module rosidl_generator_py/tutorial_interfaces/tutorial_interfaces_s__rosidl_typesupport_introspection_c.so[0m
[8.900s] [ 98%] Built target tutorial_interfaces_s__rosidl_typesupport_fastrtps_c
[8.957s] [ 98%] Built target tutorial_interfaces_s__rosidl_typesupport_introspection_c
[8.959s] [100%] [32m[1mLinking C shared module rosidl_generator_py/tutorial_interfaces/tutorial_interfaces_s__rosidl_typesupport_c.so[0m
[9.024s] [100%] Built target tutorial_interfaces_s__rosidl_typesupport_c
[9.048s] Invoked command in '/home/daxton/ros2_beginning/build/tutorial_interfaces' returned '0': CMAKE_PREFIX_PATH=${CMAKE_PREFIX_PATH}:/opt/ros/jazzy DEBUGINFOD_URLS=https://debuginfod.ubuntu.com /usr/bin/cmake --build /home/daxton/ros2_beginning/build/tutorial_interfaces -- -j12 -l12
[9.071s] Invoking command in '/home/daxton/ros2_beginning/build/tutorial_interfaces': CMAKE_PREFIX_PATH=${CMAKE_PREFIX_PATH}:/opt/ros/jazzy DEBUGINFOD_URLS=https://debuginfod.ubuntu.com /usr/bin/cmake --install /home/daxton/ros2_beginning/build/tutorial_interfaces
[9.087s] -- Install configuration: ""
[9.087s] -- Installing: /home/daxton/ros2_beginning/install/tutorial_interfaces/share/ament_index/resource_index/rosidl_interfaces/tutorial_interfaces
[9.088s] -- Installing: /home/daxton/ros2_beginning/install/tutorial_interfaces/share/tutorial_interfaces/msg/Num.json
[9.088s] -- Installing: /home/daxton/ros2_beginning/install/tutorial_interfaces/share/tutorial_interfaces/msg/Sphere.json
[9.088s] -- Installing: /home/daxton/ros2_beginning/install/tutorial_interfaces/share/tutorial_interfaces/srv/AddThreeInts.json
[9.089s] -- Installing: /home/daxton/ros2_beginning/install/tutorial_interfaces/include/tutorial_interfaces/tutorial_interfaces
[9.089s] -- Installing: /home/daxton/ros2_beginning/install/tutorial_interfaces/include/tutorial_interfaces/tutorial_interfaces/msg
[9.089s] -- Installing: /home/daxton/ros2_beginning/install/tutorial_interfaces/include/tutorial_interfaces/tutorial_interfaces/msg/num.h
[9.089s] -- Installing: /home/daxton/ros2_beginning/install/tutorial_interfaces/include/tutorial_interfaces/tutorial_interfaces/msg/detail
[9.089s] -- Installing: /home/daxton/ros2_beginning/install/tutorial_interfaces/include/tutorial_interfaces/tutorial_interfaces/msg/detail/num__description.c
[9.090s] -- Installing: /home/daxton/ros2_beginning/install/tutorial_interfaces/include/tutorial_interfaces/tutorial_interfaces/msg/detail/num__type_support.c
[9.090s] -- Installing: /home/daxton/ros2_beginning/install/tutorial_interfaces/include/tutorial_interfaces/tutorial_interfaces/msg/detail/sphere__functions.h
[9.090s] -- Installing: /home/daxton/ros2_beginning/install/tutorial_interfaces/include/tutorial_interfaces/tutorial_interfaces/msg/detail/num__functions.c
[9.091s] -- Installing: /home/daxton/ros2_beginning/install/tutorial_interfaces/include/tutorial_interfaces/tutorial_interfaces/msg/detail/sphere__functions.c
[9.091s] -- Installing: /home/daxton/ros2_beginning/install/tutorial_interfaces/include/tutorial_interfaces/tutorial_interfaces/msg/detail/sphere__description.c
[9.091s] -- Installing: /home/daxton/ros2_beginning/install/tutorial_interfaces/include/tutorial_interfaces/tutorial_interfaces/msg/detail/sphere__struct.h
[9.091s] -- Installing: /home/daxton/ros2_beginning/install/tutorial_interfaces/include/tutorial_interfaces/tutorial_interfaces/msg/detail/sphere__type_support.c
[9.091s] -- Installing: /home/daxton/ros2_beginning/install/tutorial_interfaces/include/tutorial_interfaces/tutorial_interfaces/msg/detail/sphere__type_support.h
[9.092s] -- Installing: /home/daxton/ros2_beginning/install/tutorial_interfaces/include/tutorial_interfaces/tutorial_interfaces/msg/detail/num__type_support.h
[9.092s] -- Installing: /home/daxton/ros2_beginning/install/tutorial_interfaces/include/tutorial_interfaces/tutorial_interfaces/msg/detail/num__functions.h
[9.092s] -- Installing: /home/daxton/ros2_beginning/install/tutorial_interfaces/include/tutorial_interfaces/tutorial_interfaces/msg/detail/num__struct.h
[9.092s] -- Installing: /home/daxton/ros2_beginning/install/tutorial_interfaces/include/tutorial_interfaces/tutorial_interfaces/msg/sphere.h
[9.092s] -- Installing: /home/daxton/ros2_beginning/install/tutorial_interfaces/include/tutorial_interfaces/tutorial_interfaces/msg/rosidl_generator_c__visibility_control.h
[9.093s] -- Installing: /home/daxton/ros2_beginning/install/tutorial_interfaces/include/tutorial_interfaces/tutorial_interfaces/srv
[9.093s] -- Installing: /home/daxton/ros2_beginning/install/tutorial_interfaces/include/tutorial_interfaces/tutorial_interfaces/srv/add_three_ints.h
[9.093s] -- Installing: /home/daxton/ros2_beginning/install/tutorial_interfaces/include/tutorial_interfaces/tutorial_interfaces/srv/detail
[9.093s] -- Installing: /home/daxton/ros2_beginning/install/tutorial_interfaces/include/tutorial_interfaces/tutorial_interfaces/srv/detail/add_three_ints__struct.h
[9.093s] -- Installing: /home/daxton/ros2_beginning/install/tutorial_interfaces/include/tutorial_interfaces/tutorial_interfaces/srv/detail/add_three_ints__description.c
[9.094s] -- Installing: /home/daxton/ros2_beginning/install/tutorial_interfaces/include/tutorial_interfaces/tutorial_interfaces/srv/detail/add_three_ints__type_support.c
[9.094s] -- Installing: /home/daxton/ros2_beginning/install/tutorial_interfaces/include/tutorial_interfaces/tutorial_interfaces/srv/detail/add_three_ints__functions.c
[9.094s] -- Installing: /home/daxton/ros2_beginning/install/tutorial_interfaces/include/tutorial_interfaces/tutorial_interfaces/srv/detail/add_three_ints__functions.h
[9.094s] -- Installing: /home/daxton/ros2_beginning/install/tutorial_interfaces/include/tutorial_interfaces/tutorial_interfaces/srv/detail/add_three_ints__type_support.h
[9.094s] -- Installing: /home/daxton/ros2_beginning/install/tutorial_interfaces/share/tutorial_interfaces/environment/library_path.sh
[9.095s] -- Installing: /home/daxton/ros2_beginning/install/tutorial_interfaces/share/tutorial_interfaces/environment/library_path.dsv
[9.095s] -- Installing: /home/daxton/ros2_beginning/install/tutorial_interfaces/lib/libtutorial_interfaces__rosidl_generator_c.so
[9.095s] -- Set non-toolchain portion of runtime path of "/home/daxton/ros2_beginning/install/tutorial_interfaces/lib/libtutorial_interfaces__rosidl_generator_c.so" to ""
[9.095s] -- Up-to-date: /home/daxton/ros2_beginning/install/tutorial_interfaces/include/tutorial_interfaces/tutorial_interfaces
[9.095s] -- Up-to-date: /home/daxton/ros2_beginning/install/tutorial_interfaces/include/tutorial_interfaces/tutorial_interfaces/msg
[9.096s] -- Up-to-date: /home/daxton/ros2_beginning/install/tutorial_interfaces/include/tutorial_interfaces/tutorial_interfaces/msg/detail
[9.096s] -- Installing: /home/daxton/ros2_beginning/install/tutorial_interfaces/include/tutorial_interfaces/tutorial_interfaces/msg/detail/sphere__rosidl_typesupport_fastrtps_c.h
[9.096s] -- Installing: /home/daxton/ros2_beginning/install/tutorial_interfaces/include/tutorial_interfaces/tutorial_interfaces/msg/detail/num__rosidl_typesupport_fastrtps_c.h
[9.096s] -- Installing: /home/daxton/ros2_beginning/install/tutorial_interfaces/include/tutorial_interfaces/tutorial_interfaces/msg/rosidl_typesupport_fastrtps_c__visibility_control.h
[9.096s] -- Up-to-date: /home/daxton/ros2_beginning/install/tutorial_interfaces/include/tutorial_interfaces/tutorial_interfaces/srv
[9.097s] -- Up-to-date: /home/daxton/ros2_beginning/install/tutorial_interfaces/include/tutorial_interfaces/tutorial_interfaces/srv/detail
[9.097s] -- Installing: /home/daxton/ros2_beginning/install/tutorial_interfaces/include/tutorial_interfaces/tutorial_interfaces/srv/detail/add_three_ints__rosidl_typesupport_fastrtps_c.h
[9.097s] -- Installing: /home/daxton/ros2_beginning/install/tutorial_interfaces/lib/libtutorial_interfaces__rosidl_typesupport_fastrtps_c.so
[9.097s] -- Set non-toolchain portion of runtime path of "/home/daxton/ros2_beginning/install/tutorial_interfaces/lib/libtutorial_interfaces__rosidl_typesupport_fastrtps_c.so" to ""
[9.098s] -- Up-to-date: /home/daxton/ros2_beginning/install/tutorial_interfaces/include/tutorial_interfaces/tutorial_interfaces
[9.098s] -- Up-to-date: /home/daxton/ros2_beginning/install/tutorial_interfaces/include/tutorial_interfaces/tutorial_interfaces/msg
[9.098s] -- Installing: /home/daxton/ros2_beginning/install/tutorial_interfaces/include/tutorial_interfaces/tutorial_interfaces/msg/sphere.hpp
[9.098s] -- Installing: /home/daxton/ros2_beginning/install/tutorial_interfaces/include/tutorial_interfaces/tutorial_interfaces/msg/num.hpp
[9.098s] -- Up-to-date: /home/daxton/ros2_beginning/install/tutorial_interfaces/include/tutorial_interfaces/tutorial_interfaces/msg/detail
[9.099s] -- Installing: /home/daxton/ros2_beginning/install/tutorial_interfaces/include/tutorial_interfaces/tutorial_interfaces/msg/detail/num__builder.hpp
[9.099s] -- Installing: /home/daxton/ros2_beginning/install/tutorial_interfaces/include/tutorial_interfaces/tutorial_interfaces/msg/detail/sphere__builder.hpp
[9.099s] -- Installing: /home/daxton/ros2_beginning/install/tutorial_interfaces/include/tutorial_interfaces/tutorial_interfaces/msg/detail/sphere__type_support.hpp
[9.099s] -- Installing: /home/daxton/ros2_beginning/install/tutorial_interfaces/include/tutorial_interfaces/tutorial_interfaces/msg/detail/num__struct.hpp
[9.099s] -- Installing: /home/daxton/ros2_beginning/install/tutorial_interfaces/include/tutorial_interfaces/tutorial_interfaces/msg/detail/sphere__struct.hpp
[9.100s] -- Installing: /home/daxton/ros2_beginning/install/tutorial_interfaces/include/tutorial_interfaces/tutorial_interfaces/msg/detail/num__traits.hpp
[9.100s] -- Installing: /home/daxton/ros2_beginning/install/tutorial_interfaces/include/tutorial_interfaces/tutorial_interfaces/msg/detail/sphere__traits.hpp
[9.100s] -- Installing: /home/daxton/ros2_beginning/install/tutorial_interfaces/include/tutorial_interfaces/tutorial_interfaces/msg/detail/num__type_support.hpp
[9.100s] -- Installing: /home/daxton/ros2_beginning/install/tutorial_interfaces/include/tutorial_interfaces/tutorial_interfaces/msg/rosidl_generator_cpp__visibility_control.hpp
[9.100s] -- Up-to-date: /home/daxton/ros2_beginning/install/tutorial_interfaces/include/tutorial_interfaces/tutorial_interfaces/srv
[9.101s] -- Up-to-date: /home/daxton/ros2_beginning/install/tutorial_interfaces/include/tutorial_interfaces/tutorial_interfaces/srv/detail
[9.101s] -- Installing: /home/daxton/ros2_beginning/install/tutorial_interfaces/include/tutorial_interfaces/tutorial_interfaces/srv/detail/add_three_ints__struct.hpp
[9.101s] -- Installing: /home/daxton/ros2_beginning/install/tutorial_interfaces/include/tutorial_interfaces/tutorial_interfaces/srv/detail/add_three_ints__type_support.hpp
[9.101s] -- Installing: /home/daxton/ros2_beginning/install/tutorial_interfaces/include/tutorial_interfaces/tutorial_interfaces/srv/detail/add_three_ints__builder.hpp
[9.101s] -- Installing: /home/daxton/ros2_beginning/install/tutorial_interfaces/include/tutorial_interfaces/tutorial_interfaces/srv/detail/add_three_ints__traits.hpp
[9.102s] -- Installing: /home/daxton/ros2_beginning/install/tutorial_interfaces/include/tutorial_interfaces/tutorial_interfaces/srv/add_three_ints.hpp
[9.102s] -- Up-to-date: /home/daxton/ros2_beginning/install/tutorial_interfaces/include/tutorial_interfaces/tutorial_interfaces
[9.102s] -- Up-to-date: /home/daxton/ros2_beginning/install/tutorial_interfaces/include/tutorial_interfaces/tutorial_interfaces/msg
[9.102s] -- Installing: /home/daxton/ros2_beginning/install/tutorial_interfaces/include/tutorial_interfaces/tutorial_interfaces/msg/rosidl_typesupport_fastrtps_cpp__visibility_control.h
[9.102s] -- Up-to-date: /home/daxton/ros2_beginning/install/tutorial_interfaces/include/tutorial_interfaces/tutorial_interfaces/msg/detail
[9.103s] -- Installing: /home/daxton/ros2_beginning/install/tutorial_interfaces/include/tutorial_interfaces/tutorial_interfaces/msg/detail/sphere__rosidl_typesupport_fastrtps_cpp.hpp
[9.103s] -- Installing: /home/daxton/ros2_beginning/install/tutorial_interfaces/include/tutorial_interfaces/tutorial_interfaces/msg/detail/num__rosidl_typesupport_fastrtps_cpp.hpp
[9.103s] -- Installing: /home/daxton/ros2_beginning/install/tutorial_interfaces/include/tutorial_interfaces/tutorial_interfaces/msg/detail/dds_fastrtps
[9.103s] -- Up-to-date: /home/daxton/ros2_beginning/install/tutorial_interfaces/include/tutorial_interfaces/tutorial_interfaces/srv
[9.103s] -- Up-to-date: /home/daxton/ros2_beginning/install/tutorial_interfaces/include/tutorial_interfaces/tutorial_interfaces/srv/detail
[9.103s] -- Installing: /home/daxton/ros2_beginning/install/tutorial_interfaces/include/tutorial_interfaces/tutorial_interfaces/srv/detail/add_three_ints__rosidl_typesupport_fastrtps_cpp.hpp
[9.104s] -- Installing: /home/daxton/ros2_beginning/install/tutorial_interfaces/include/tutorial_interfaces/tutorial_interfaces/srv/detail/dds_fastrtps
[9.104s] -- Installing: /home/daxton/ros2_beginning/install/tutorial_interfaces/lib/libtutorial_interfaces__rosidl_typesupport_fastrtps_cpp.so
[9.104s] -- Set non-toolchain portion of runtime path of "/home/daxton/ros2_beginning/install/tutorial_interfaces/lib/libtutorial_interfaces__rosidl_typesupport_fastrtps_cpp.so" to ""
[9.104s] -- Up-to-date: /home/daxton/ros2_beginning/install/tutorial_interfaces/include/tutorial_interfaces/tutorial_interfaces
[9.104s] -- Up-to-date: /home/daxton/ros2_beginning/install/tutorial_interfaces/include/tutorial_interfaces/tutorial_interfaces/msg
[9.104s] -- Up-to-date: /home/daxton/ros2_beginning/install/tutorial_interfaces/include/tutorial_interfaces/tutorial_interfaces/msg/detail
[9.105s] -- Installing: /home/daxton/ros2_beginning/install/tutorial_interfaces/include/tutorial_interfaces/tutorial_interfaces/msg/detail/num__rosidl_typesupport_introspection_c.h
[9.105s] -- Installing: /home/daxton/ros2_beginning/install/tutorial_interfaces/include/tutorial_interfaces/tutorial_interfaces/msg/detail/num__type_support.c
[9.105s] -- Installing: /home/daxton/ros2_beginning/install/tutorial_interfaces/include/tutorial_interfaces/tutorial_interfaces/msg/detail/sphere__type_support.c
[9.105s] -- Installing: /home/daxton/ros2_beginning/install/tutorial_interfaces/include/tutorial_interfaces/tutorial_interfaces/msg/detail/sphere__rosidl_typesupport_introspection_c.h
[9.105s] -- Installing: /home/daxton/ros2_beginning/install/tutorial_interfaces/include/tutorial_interfaces/tutorial_interfaces/msg/rosidl_typesupport_introspection_c__visibility_control.h
[9.105s] -- Up-to-date: /home/daxton/ros2_beginning/install/tutorial_interfaces/include/tutorial_interfaces/tutorial_interfaces/srv
[9.106s] -- Up-to-date: /home/daxton/ros2_beginning/install/tutorial_interfaces/include/tutorial_interfaces/tutorial_interfaces/srv/detail
[9.106s] -- Installing: /home/daxton/ros2_beginning/install/tutorial_interfaces/include/tutorial_interfaces/tutorial_interfaces/srv/detail/add_three_ints__rosidl_typesupport_introspection_c.h
[9.106s] -- Installing: /home/daxton/ros2_beginning/install/tutorial_interfaces/include/tutorial_interfaces/tutorial_interfaces/srv/detail/add_three_ints__type_support.c
[9.106s] -- Installing: /home/daxton/ros2_beginning/install/tutorial_interfaces/lib/libtutorial_interfaces__rosidl_typesupport_introspection_c.so
[9.106s] -- Set non-toolchain portion of runtime path of "/home/daxton/ros2_beginning/install/tutorial_interfaces/lib/libtutorial_interfaces__rosidl_typesupport_introspection_c.so" to ""
[9.106s] -- Installing: /home/daxton/ros2_beginning/install/tutorial_interfaces/lib/libtutorial_interfaces__rosidl_typesupport_c.so
[9.107s] -- Set non-toolchain portion of runtime path of "/home/daxton/ros2_beginning/install/tutorial_interfaces/lib/libtutorial_interfaces__rosidl_typesupport_c.so" to ""
[9.107s] -- Up-to-date: /home/daxton/ros2_beginning/install/tutorial_interfaces/include/tutorial_interfaces/tutorial_interfaces
[9.107s] -- Up-to-date: /home/daxton/ros2_beginning/install/tutorial_interfaces/include/tutorial_interfaces/tutorial_interfaces/msg
[9.107s] -- Up-to-date: /home/daxton/ros2_beginning/install/tutorial_interfaces/include/tutorial_interfaces/tutorial_interfaces/msg/detail
[9.107s] -- Installing: /home/daxton/ros2_beginning/install/tutorial_interfaces/include/tutorial_interfaces/tutorial_interfaces/msg/detail/num__type_support.cpp
[9.107s] -- Installing: /home/daxton/ros2_beginning/install/tutorial_interfaces/include/tutorial_interfaces/tutorial_interfaces/msg/detail/sphere__rosidl_typesupport_introspection_cpp.hpp
[9.108s] -- Installing: /home/daxton/ros2_beginning/install/tutorial_interfaces/include/tutorial_interfaces/tutorial_interfaces/msg/detail/num__rosidl_typesupport_introspection_cpp.hpp
[9.108s] -- Installing: /home/daxton/ros2_beginning/install/tutorial_interfaces/include/tutorial_interfaces/tutorial_interfaces/msg/detail/sphere__type_support.cpp
[9.108s] -- Up-to-date: /home/daxton/ros2_beginning/install/tutorial_interfaces/include/tutorial_interfaces/tutorial_interfaces/srv
[9.108s] -- Up-to-date: /home/daxton/ros2_beginning/install/tutorial_interfaces/include/tutorial_interfaces/tutorial_interfaces/srv/detail
[9.108s] -- Installing: /home/daxton/ros2_beginning/install/tutorial_interfaces/include/tutorial_interfaces/tutorial_interfaces/srv/detail/add_three_ints__type_support.cpp
[9.108s] -- Installing: /home/daxton/ros2_beginning/install/tutorial_interfaces/include/tutorial_interfaces/tutorial_interfaces/srv/detail/add_three_ints__rosidl_typesupport_introspection_cpp.hpp
[9.109s] -- Installing: /home/daxton/ros2_beginning/install/tutorial_interfaces/lib/libtutorial_interfaces__rosidl_typesupport_introspection_cpp.so
[9.109s] -- Set non-toolchain portion of runtime path of "/home/daxton/ros2_beginning/install/tutorial_interfaces/lib/libtutorial_interfaces__rosidl_typesupport_introspection_cpp.so" to ""
[9.109s] -- Installing: /home/daxton/ros2_beginning/install/tutorial_interfaces/lib/libtutorial_interfaces__rosidl_typesupport_cpp.so
[9.109s] -- Set non-toolchain portion of runtime path of "/home/daxton/ros2_beginning/install/tutorial_interfaces/lib/libtutorial_interfaces__rosidl_typesupport_cpp.so" to ""
[9.109s] -- Installing: /home/daxton/ros2_beginning/install/tutorial_interfaces/share/tutorial_interfaces/environment/pythonpath.sh
[9.109s] -- Installing: /home/daxton/ros2_beginning/install/tutorial_interfaces/share/tutorial_interfaces/environment/pythonpath.dsv
[9.110s] -- Installing: /home/daxton/ros2_beginning/install/tutorial_interfaces/lib/python3.12/site-packages/tutorial_interfaces-0.0.0-py3.12.egg-info
[9.110s] -- Installing: /home/daxton/ros2_beginning/install/tutorial_interfaces/lib/python3.12/site-packages/tutorial_interfaces-0.0.0-py3.12.egg-info/dependency_links.txt
[9.110s] -- Installing: /home/daxton/ros2_beginning/install/tutorial_interfaces/lib/python3.12/site-packages/tutorial_interfaces-0.0.0-py3.12.egg-info/SOURCES.txt
[9.110s] -- Installing: /home/daxton/ros2_beginning/install/tutorial_interfaces/lib/python3.12/site-packages/tutorial_interfaces-0.0.0-py3.12.egg-info/PKG-INFO
[9.110s] -- Installing: /home/daxton/ros2_beginning/install/tutorial_interfaces/lib/python3.12/site-packages/tutorial_interfaces-0.0.0-py3.12.egg-info/top_level.txt
[9.110s] -- Installing: /home/daxton/ros2_beginning/install/tutorial_interfaces/lib/python3.12/site-packages/tutorial_interfaces
[9.111s] -- Installing: /home/daxton/ros2_beginning/install/tutorial_interfaces/lib/python3.12/site-packages/tutorial_interfaces/msg
[9.111s] -- Installing: /home/daxton/ros2_beginning/install/tutorial_interfaces/lib/python3.12/site-packages/tutorial_interfaces/msg/_sphere.py
[9.111s] -- Installing: /home/daxton/ros2_beginning/install/tutorial_interfaces/lib/python3.12/site-packages/tutorial_interfaces/msg/_num.py
[9.111s] -- Installing: /home/daxton/ros2_beginning/install/tutorial_interfaces/lib/python3.12/site-packages/tutorial_interfaces/msg/__init__.py
[9.111s] -- Installing: /home/daxton/ros2_beginning/install/tutorial_interfaces/lib/python3.12/site-packages/tutorial_interfaces/msg/_num_s.c
[9.111s] -- Installing: /home/daxton/ros2_beginning/install/tutorial_interfaces/lib/python3.12/site-packages/tutorial_interfaces/msg/_sphere_s.c
[9.112s] -- Installing: /home/daxton/ros2_beginning/install/tutorial_interfaces/lib/python3.12/site-packages/tutorial_interfaces/tutorial_interfaces_s__rosidl_typesupport_c.so
[9.112s] -- Installing: /home/daxton/ros2_beginning/install/tutorial_interfaces/lib/python3.12/site-packages/tutorial_interfaces/tutorial_interfaces_s__rosidl_typesupport_fastrtps_c.so
[9.112s] -- Installing: /home/daxton/ros2_beginning/install/tutorial_interfaces/lib/python3.12/site-packages/tutorial_interfaces/srv
[9.112s] -- Installing: /home/daxton/ros2_beginning/install/tutorial_interfaces/lib/python3.12/site-packages/tutorial_interfaces/srv/_add_three_ints.py
[9.112s] -- Installing: /home/daxton/ros2_beginning/install/tutorial_interfaces/lib/python3.12/site-packages/tutorial_interfaces/srv/__init__.py
[9.112s] -- Installing: /home/daxton/ros2_beginning/install/tutorial_interfaces/lib/python3.12/site-packages/tutorial_interfaces/srv/_add_three_ints_s.c
[9.113s] -- Installing: /home/daxton/ros2_beginning/install/tutorial_interfaces/lib/python3.12/site-packages/tutorial_interfaces/__init__.py
[9.113s] -- Installing: /home/daxton/ros2_beginning/install/tutorial_interfaces/lib/python3.12/site-packages/tutorial_interfaces/tutorial_interfaces_s__rosidl_typesupport_introspection_c.so
[9.113s] -- Installing: /home/daxton/ros2_beginning/install/tutorial_interfaces/lib/python3.12/site-packages/tutorial_interfaces/_tutorial_interfaces_s.ep.rosidl_typesupport_fastrtps_c.c
[9.113s] -- Installing: /home/daxton/ros2_beginning/install/tutorial_interfaces/lib/python3.12/site-packages/tutorial_interfaces/_tutorial_interfaces_s.ep.rosidl_typesupport_introspection_c.c
[9.113s] -- Installing: /home/daxton/ros2_beginning/install/tutorial_interfaces/lib/python3.12/site-packages/tutorial_interfaces/_tutorial_interfaces_s.ep.rosidl_typesupport_c.c
[9.162s] Listing '/home/daxton/ros2_beginning/install/tutorial_interfaces/lib/python3.12/site-packages/tutorial_interfaces'...
[9.162s] Compiling '/home/daxton/ros2_beginning/install/tutorial_interfaces/lib/python3.12/site-packages/tutorial_interfaces/__init__.py'...
[9.162s] Listing '/home/daxton/ros2_beginning/install/tutorial_interfaces/lib/python3.12/site-packages/tutorial_interfaces/msg'...
[9.162s] Compiling '/home/daxton/ros2_beginning/install/tutorial_interfaces/lib/python3.12/site-packages/tutorial_interfaces/msg/__init__.py'...
[9.162s] Compiling '/home/daxton/ros2_beginning/install/tutorial_interfaces/lib/python3.12/site-packages/tutorial_interfaces/msg/_num.py'...
[9.162s] Compiling '/home/daxton/ros2_beginning/install/tutorial_interfaces/lib/python3.12/site-packages/tutorial_interfaces/msg/_sphere.py'...
[9.163s] Listing '/home/daxton/ros2_beginning/install/tutorial_interfaces/lib/python3.12/site-packages/tutorial_interfaces/srv'...
[9.163s] Compiling '/home/daxton/ros2_beginning/install/tutorial_interfaces/lib/python3.12/site-packages/tutorial_interfaces/srv/__init__.py'...
[9.163s] Compiling '/home/daxton/ros2_beginning/install/tutorial_interfaces/lib/python3.12/site-packages/tutorial_interfaces/srv/_add_three_ints.py'...
[9.170s] -- Installing: /home/daxton/ros2_beginning/install/tutorial_interfaces/lib/python3.12/site-packages/tutorial_interfaces/tutorial_interfaces_s__rosidl_typesupport_fastrtps_c.so
[9.171s] -- Set non-toolchain portion of runtime path of "/home/daxton/ros2_beginning/install/tutorial_interfaces/lib/python3.12/site-packages/tutorial_interfaces/tutorial_interfaces_s__rosidl_typesupport_fastrtps_c.so" to ""
[9.171s] -- Installing: /home/daxton/ros2_beginning/install/tutorial_interfaces/lib/python3.12/site-packages/tutorial_interfaces/tutorial_interfaces_s__rosidl_typesupport_introspection_c.so
[9.172s] -- Set non-toolchain portion of runtime path of "/home/daxton/ros2_beginning/install/tutorial_interfaces/lib/python3.12/site-packages/tutorial_interfaces/tutorial_interfaces_s__rosidl_typesupport_introspection_c.so" to ""
[9.172s] -- Installing: /home/daxton/ros2_beginning/install/tutorial_interfaces/lib/python3.12/site-packages/tutorial_interfaces/tutorial_interfaces_s__rosidl_typesupport_c.so
[9.173s] -- Set non-toolchain portion of runtime path of "/home/daxton/ros2_beginning/install/tutorial_interfaces/lib/python3.12/site-packages/tutorial_interfaces/tutorial_interfaces_s__rosidl_typesupport_c.so" to ""
[9.173s] -- Installing: /home/daxton/ros2_beginning/install/tutorial_interfaces/lib/libtutorial_interfaces__rosidl_generator_py.so
[9.173s] -- Set non-toolchain portion of runtime path of "/home/daxton/ros2_beginning/install/tutorial_interfaces/lib/libtutorial_interfaces__rosidl_generator_py.so" to ""
[9.173s] -- Installing: /home/daxton/ros2_beginning/install/tutorial_interfaces/share/tutorial_interfaces/msg/Num.idl
[9.174s] -- Installing: /home/daxton/ros2_beginning/install/tutorial_interfaces/share/tutorial_interfaces/msg/Sphere.idl
[9.174s] -- Installing: /home/daxton/ros2_beginning/install/tutorial_interfaces/share/tutorial_interfaces/srv/AddThreeInts.idl
[9.174s] -- Installing: /home/daxton/ros2_beginning/install/tutorial_interfaces/share/tutorial_interfaces/msg/Num.msg
[9.174s] -- Installing: /home/daxton/ros2_beginning/install/tutorial_interfaces/share/tutorial_interfaces/msg/Sphere.msg
[9.175s] -- Installing: /home/daxton/ros2_beginning/install/tutorial_interfaces/share/tutorial_interfaces/srv/AddThreeInts.srv
[9.175s] -- Installing: /home/daxton/ros2_beginning/install/tutorial_interfaces/share/ament_index/resource_index/package_run_dependencies/tutorial_interfaces
[9.175s] -- Installing: /home/daxton/ros2_beginning/install/tutorial_interfaces/share/ament_index/resource_index/parent_prefix_path/tutorial_interfaces
[9.175s] -- Installing: /home/daxton/ros2_beginning/install/tutorial_interfaces/share/tutorial_interfaces/environment/ament_prefix_path.sh
[9.175s] -- Installing: /home/daxton/ros2_beginning/install/tutorial_interfaces/share/tutorial_interfaces/environment/ament_prefix_path.dsv
[9.176s] -- Installing: /home/daxton/ros2_beginning/install/tutorial_interfaces/share/tutorial_interfaces/environment/path.sh
[9.176s] -- Installing: /home/daxton/ros2_beginning/install/tutorial_interfaces/share/tutorial_interfaces/environment/path.dsv
[9.176s] -- Installing: /home/daxton/ros2_beginning/install/tutorial_interfaces/share/tutorial_interfaces/local_setup.bash
[9.176s] -- Installing: /home/daxton/ros2_beginning/install/tutorial_interfaces/share/tutorial_interfaces/local_setup.sh
[9.176s] -- Installing: /home/daxton/ros2_beginning/install/tutorial_interfaces/share/tutorial_interfaces/local_setup.zsh
[9.177s] -- Installing: /home/daxton/ros2_beginning/install/tutorial_interfaces/share/tutorial_interfaces/local_setup.dsv
[9.177s] -- Installing: /home/daxton/ros2_beginning/install/tutorial_interfaces/share/tutorial_interfaces/package.dsv
[9.177s] -- Installing: /home/daxton/ros2_beginning/install/tutorial_interfaces/share/ament_index/resource_index/packages/tutorial_interfaces
[9.177s] -- Installing: /home/daxton/ros2_beginning/install/tutorial_interfaces/share/tutorial_interfaces/cmake/export_tutorial_interfaces__rosidl_generator_cExport.cmake
[9.177s] -- Installing: /home/daxton/ros2_beginning/install/tutorial_interfaces/share/tutorial_interfaces/cmake/export_tutorial_interfaces__rosidl_generator_cExport-noconfig.cmake
[9.177s] -- Installing: /home/daxton/ros2_beginning/install/tutorial_interfaces/share/tutorial_interfaces/cmake/export_tutorial_interfaces__rosidl_typesupport_fastrtps_cExport.cmake
[9.178s] -- Installing: /home/daxton/ros2_beginning/install/tutorial_interfaces/share/tutorial_interfaces/cmake/export_tutorial_interfaces__rosidl_typesupport_fastrtps_cExport-noconfig.cmake
[9.178s] -- Installing: /home/daxton/ros2_beginning/install/tutorial_interfaces/share/tutorial_interfaces/cmake/export_tutorial_interfaces__rosidl_generator_cppExport.cmake
[9.178s] -- Installing: /home/daxton/ros2_beginning/install/tutorial_interfaces/share/tutorial_interfaces/cmake/export_tutorial_interfaces__rosidl_typesupport_fastrtps_cppExport.cmake
[9.178s] -- Installing: /home/daxton/ros2_beginning/install/tutorial_interfaces/share/tutorial_interfaces/cmake/export_tutorial_interfaces__rosidl_typesupport_fastrtps_cppExport-noconfig.cmake
[9.178s] -- Installing: /home/daxton/ros2_beginning/install/tutorial_interfaces/share/tutorial_interfaces/cmake/tutorial_interfaces__rosidl_typesupport_introspection_cExport.cmake
[9.178s] -- Installing: /home/daxton/ros2_beginning/install/tutorial_interfaces/share/tutorial_interfaces/cmake/tutorial_interfaces__rosidl_typesupport_introspection_cExport-noconfig.cmake
[9.179s] -- Installing: /home/daxton/ros2_beginning/install/tutorial_interfaces/share/tutorial_interfaces/cmake/tutorial_interfaces__rosidl_typesupport_cExport.cmake
[9.179s] -- Installing: /home/daxton/ros2_beginning/install/tutorial_interfaces/share/tutorial_interfaces/cmake/tutorial_interfaces__rosidl_typesupport_cExport-noconfig.cmake
[9.179s] -- Installing: /home/daxton/ros2_beginning/install/tutorial_interfaces/share/tutorial_interfaces/cmake/tutorial_interfaces__rosidl_typesupport_introspection_cppExport.cmake
[9.179s] -- Installing: /home/daxton/ros2_beginning/install/tutorial_interfaces/share/tutorial_interfaces/cmake/tutorial_interfaces__rosidl_typesupport_introspection_cppExport-noconfig.cmake
[9.179s] -- Installing: /home/daxton/ros2_beginning/install/tutorial_interfaces/share/tutorial_interfaces/cmake/tutorial_interfaces__rosidl_typesupport_cppExport.cmake
[9.179s] -- Installing: /home/daxton/ros2_beginning/install/tutorial_interfaces/share/tutorial_interfaces/cmake/tutorial_interfaces__rosidl_typesupport_cppExport-noconfig.cmake
[9.180s] -- Installing: /home/daxton/ros2_beginning/install/tutorial_interfaces/share/tutorial_interfaces/cmake/export_tutorial_interfaces__rosidl_generator_pyExport.cmake
[9.180s] -- Installing: /home/daxton/ros2_beginning/install/tutorial_interfaces/share/tutorial_interfaces/cmake/export_tutorial_interfaces__rosidl_generator_pyExport-noconfig.cmake
[9.180s] -- Installing: /home/daxton/ros2_beginning/install/tutorial_interfaces/share/tutorial_interfaces/cmake/rosidl_cmake-extras.cmake
[9.180s] -- Installing: /home/daxton/ros2_beginning/install/tutorial_interfaces/share/tutorial_interfaces/cmake/ament_cmake_export_dependencies-extras.cmake
[9.181s] -- Installing: /home/daxton/ros2_beginning/install/tutorial_interfaces/share/tutorial_interfaces/cmake/ament_cmake_export_include_directories-extras.cmake
[9.181s] -- Installing: /home/daxton/ros2_beginning/install/tutorial_interfaces/share/tutorial_interfaces/cmake/ament_cmake_export_libraries-extras.cmake
[9.181s] -- Installing: /home/daxton/ros2_beginning/install/tutorial_interfaces/share/tutorial_interfaces/cmake/ament_cmake_export_targets-extras.cmake
[9.181s] -- Installing: /home/daxton/ros2_beginning/install/tutorial_interfaces/share/tutorial_interfaces/cmake/rosidl_cmake_export_typesupport_targets-extras.cmake
[9.182s] -- Installing: /home/daxton/ros2_beginning/install/tutorial_interfaces/share/tutorial_interfaces/cmake/rosidl_cmake_export_typesupport_libraries-extras.cmake
[9.182s] -- Installing: /home/daxton/ros2_beginning/install/tutorial_interfaces/share/tutorial_interfaces/cmake/tutorial_interfacesConfig.cmake
[9.182s] -- Installing: /home/daxton/ros2_beginning/install/tutorial_interfaces/share/tutorial_interfaces/cmake/tutorial_interfacesConfig-version.cmake
[9.182s] -- Installing: /home/daxton/ros2_beginning/install/tutorial_interfaces/share/tutorial_interfaces/package.xml
[9.184s] Invoked command in '/home/daxton/ros2_beginning/build/tutorial_interfaces' returned '0': CMAKE_PREFIX_PATH=${CMAKE_PREFIX_PATH}:/opt/ros/jazzy DEBUGINFOD_URLS=https://debuginfod.ubuntu.com /usr/bin/cmake --install /home/daxton/ros2_beginning/build/tutorial_interfaces
