[0.023s] Invoking command in '/home/daxton/ros2_beginning/build/cpp_pubsub': CMAKE_PREFIX_PATH=${CMAKE_PREFIX_PATH}:/opt/ros/jazzy DEBUGINFOD_URLS=https://debuginfod.ubuntu.com /usr/bin/cmake /home/daxton/ros2_beginning/src/cpp_pubsub -DCMAKE_INSTALL_PREFIX=/home/daxton/ros2_beginning/install/cpp_pubsub
[0.138s] -- The C compiler identification is GNU 13.3.0
[0.228s] -- The CXX compiler identification is GNU 13.3.0
[0.255s] -- Detecting C compiler ABI info
[0.397s] -- Detecting C compiler ABI info - done
[0.411s] -- Check for working C compiler: /usr/bin/cc - skipped
[0.411s] -- Detecting C compile features
[0.412s] -- Detecting C compile features - done
[0.428s] -- Detecting CXX compiler ABI info
[0.578s] -- Detecting CXX compiler ABI info - done
[0.595s] -- Check for working CXX compiler: /usr/bin/c++ - skipped
[0.595s] -- Detecting CXX compile features
[0.596s] -- Detecting CXX compile features - done
[0.600s] -- Found ament_cmake: 2.5.4 (/opt/ros/jazzy/share/ament_cmake/cmake)
[0.815s] -- Found Python3: /usr/bin/python3 (found version "3.12.3") found components: Interpreter 
[0.957s] -- Found rclcpp: 28.1.9 (/opt/ros/jazzy/share/rclcpp/cmake)
[1.021s] -- Found rosidl_generator_c: 4.6.5 (/opt/ros/jazzy/share/rosidl_generator_c/cmake)
[1.039s] -- Found rosidl_generator_cpp: 4.6.5 (/opt/ros/jazzy/share/rosidl_generator_cpp/cmake)
[1.060s] -- Using all available rosidl_typesupport_c: rosidl_typesupport_fastrtps_c;rosidl_typesupport_introspection_c
[1.084s] -- Using all available rosidl_typesupport_cpp: rosidl_typesupport_fastrtps_cpp;rosidl_typesupport_introspection_cpp
[1.190s] -- Found rmw_implementation_cmake: 7.3.2 (/opt/ros/jazzy/share/rmw_implementation_cmake/cmake)
[1.194s] -- Found rmw_fastrtps_cpp: 8.4.2 (/opt/ros/jazzy/share/rmw_fastrtps_cpp/cmake)
[1.326s] -- Found OpenSSL: /usr/lib/x86_64-linux-gnu/libcrypto.so (found version "3.0.13")  
[1.361s] -- Found FastRTPS: /opt/ros/jazzy/include (Required is at least version "2.13") 
[1.409s] -- Using RMW implementation 'rmw_fastrtps_cpp' as default
[1.517s] -- Found std_msgs: 5.3.6 (/opt/ros/jazzy/share/std_msgs/cmake)
[1.658s] -- Configuring done (1.6s)
[1.673s] -- Generating done (0.0s)
[1.679s] -- Build files have been written to: /home/daxton/ros2_beginning/build/cpp_pubsub
[1.693s] Invoked command in '/home/daxton/ros2_beginning/build/cpp_pubsub' returned '0': CMAKE_PREFIX_PATH=${CMAKE_PREFIX_PATH}:/opt/ros/jazzy DEBUGINFOD_URLS=https://debuginfod.ubuntu.com /usr/bin/cmake /home/daxton/ros2_beginning/src/cpp_pubsub -DCMAKE_INSTALL_PREFIX=/home/daxton/ros2_beginning/install/cpp_pubsub
[1.696s] Invoking command in '/home/daxton/ros2_beginning/build/cpp_pubsub': CMAKE_PREFIX_PATH=${CMAKE_PREFIX_PATH}:/opt/ros/jazzy DEBUGINFOD_URLS=https://debuginfod.ubuntu.com /usr/bin/cmake --build /home/daxton/ros2_beginning/build/cpp_pubsub -- -j12 -l12
[1.776s] [ 25%] [32mBuilding CXX object CMakeFiles/talker.dir/src/publisher_lambda_function.cpp.o[0m
[1.777s] [ 50%] [32mBuilding CXX object CMakeFiles/listener.dir/src/subscriber_lambda_function.cpp.o[0m
[7.150s] [ 75%] [32m[1mLinking CXX executable talker[0m
[7.367s] [ 75%] Built target talker
[10.880s] [100%] [32m[1mLinking CXX executable listener[0m
[11.211s] [100%] Built target listener
[11.230s] Invoked command in '/home/daxton/ros2_beginning/build/cpp_pubsub' returned '0': CMAKE_PREFIX_PATH=${CMAKE_PREFIX_PATH}:/opt/ros/jazzy DEBUGINFOD_URLS=https://debuginfod.ubuntu.com /usr/bin/cmake --build /home/daxton/ros2_beginning/build/cpp_pubsub -- -j12 -l12
[11.245s] Invoking command in '/home/daxton/ros2_beginning/build/cpp_pubsub': CMAKE_PREFIX_PATH=${CMAKE_PREFIX_PATH}:/opt/ros/jazzy DEBUGINFOD_URLS=https://debuginfod.ubuntu.com /usr/bin/cmake --install /home/daxton/ros2_beginning/build/cpp_pubsub
[11.257s] -- Install configuration: ""
[11.257s] -- Installing: /home/daxton/ros2_beginning/install/cpp_pubsub/lib/cpp_pubsub/talker
[11.258s] -- Set non-toolchain portion of runtime path of "/home/daxton/ros2_beginning/install/cpp_pubsub/lib/cpp_pubsub/talker" to ""
[11.258s] -- Installing: /home/daxton/ros2_beginning/install/cpp_pubsub/lib/cpp_pubsub/listener
[11.263s] -- Set non-toolchain portion of runtime path of "/home/daxton/ros2_beginning/install/cpp_pubsub/lib/cpp_pubsub/listener" to ""
[11.263s] -- Installing: /home/daxton/ros2_beginning/install/cpp_pubsub/share/ament_index/resource_index/package_run_dependencies/cpp_pubsub
[11.263s] -- Installing: /home/daxton/ros2_beginning/install/cpp_pubsub/share/ament_index/resource_index/parent_prefix_path/cpp_pubsub
[11.264s] -- Installing: /home/daxton/ros2_beginning/install/cpp_pubsub/share/cpp_pubsub/environment/ament_prefix_path.sh
[11.264s] -- Installing: /home/daxton/ros2_beginning/install/cpp_pubsub/share/cpp_pubsub/environment/ament_prefix_path.dsv
[11.264s] -- Installing: /home/daxton/ros2_beginning/install/cpp_pubsub/share/cpp_pubsub/environment/path.sh
[11.264s] -- Installing: /home/daxton/ros2_beginning/install/cpp_pubsub/share/cpp_pubsub/environment/path.dsv
[11.264s] -- Installing: /home/daxton/ros2_beginning/install/cpp_pubsub/share/cpp_pubsub/local_setup.bash
[11.265s] -- Installing: /home/daxton/ros2_beginning/install/cpp_pubsub/share/cpp_pubsub/local_setup.sh
[11.265s] -- Installing: /home/daxton/ros2_beginning/install/cpp_pubsub/share/cpp_pubsub/local_setup.zsh
[11.265s] -- Installing: /home/daxton/ros2_beginning/install/cpp_pubsub/share/cpp_pubsub/local_setup.dsv
[11.265s] -- Installing: /home/daxton/ros2_beginning/install/cpp_pubsub/share/cpp_pubsub/package.dsv
[11.265s] -- Installing: /home/daxton/ros2_beginning/install/cpp_pubsub/share/ament_index/resource_index/packages/cpp_pubsub
[11.265s] -- Installing: /home/daxton/ros2_beginning/install/cpp_pubsub/share/cpp_pubsub/cmake/cpp_pubsubConfig.cmake
[11.265s] -- Installing: /home/daxton/ros2_beginning/install/cpp_pubsub/share/cpp_pubsub/cmake/cpp_pubsubConfig-version.cmake
[11.265s] -- Installing: /home/daxton/ros2_beginning/install/cpp_pubsub/share/cpp_pubsub/package.xml
[11.268s] Invoked command in '/home/daxton/ros2_beginning/build/cpp_pubsub' returned '0': CMAKE_PREFIX_PATH=${CMAKE_PREFIX_PATH}:/opt/ros/jazzy DEBUGINFOD_URLS=https://debuginfod.ubuntu.com /usr/bin/cmake --install /home/daxton/ros2_beginning/build/cpp_pubsub
