[0.013s] Invoking command in '/home/daxton/ros2_beginning/build/cpp_srvcli': CMAKE_PREFIX_PATH=${CMAKE_PREFIX_PATH}:/opt/ros/jazzy DEBUGINFOD_URLS=https://debuginfod.ubuntu.com /usr/bin/cmake /home/daxton/ros2_beginning/src/cpp_srvcli -DCMAKE_INSTALL_PREFIX=/home/daxton/ros2_beginning/install/cpp_srvcli
[0.036s] -- Found ament_cmake: 2.5.4 (/opt/ros/jazzy/share/ament_cmake/cmake)
[0.378s] -- Found rclcpp: 28.1.9 (/opt/ros/jazzy/share/rclcpp/cmake)
[0.417s] -- Found rosidl_generator_c: 4.6.5 (/opt/ros/jazzy/share/rosidl_generator_c/cmake)
[0.431s] -- Found rosidl_generator_cpp: 4.6.5 (/opt/ros/jazzy/share/rosidl_generator_cpp/cmake)
[0.445s] -- Using all available rosidl_typesupport_c: rosidl_typesupport_fastrtps_c;rosidl_typesupport_introspection_c
[0.461s] -- Using all available rosidl_typesupport_cpp: rosidl_typesupport_fastrtps_cpp;rosidl_typesupport_introspection_cpp
[0.537s] -- Found rmw_implementation_cmake: 7.3.2 (/opt/ros/jazzy/share/rmw_implementation_cmake/cmake)
[0.538s] -- Found rmw_fastrtps_cpp: 8.4.2 (/opt/ros/jazzy/share/rmw_fastrtps_cpp/cmake)
[0.635s] -- Using RMW implementation 'rmw_fastrtps_cpp' as default
[0.720s] -- Found example_interfaces: 0.12.0 (/opt/ros/jazzy/share/example_interfaces/cmake)
[0.787s] -- Found ament_lint_auto: 0.17.2 (/opt/ros/jazzy/share/ament_lint_auto/cmake)
[0.910s] -- Added test 'cppcheck' to perform static code analysis on C / C++ code
[0.910s] -- Configured cppcheck include dirs: 
[0.911s] -- Configured cppcheck exclude dirs and/or files: 
[0.911s] -- Added test 'lint_cmake' to check CMake code style
[0.912s] -- Added test 'uncrustify' to check C / C++ code style
[0.912s] -- Configured uncrustify additional arguments: 
[0.912s] -- Added test 'xmllint' to check XML markup files
[0.913s] -- Configuring done (0.9s)
[0.916s] [31mCMake Error at CMakeLists.txt:12 (add_executable):
[0.917s]   Cannot find source file:
[0.917s] 
[0.917s]     src/add_two_ints_server.cpp
[0.917s] 
[0.917s]   Tried extensions .c .C .c++ .cc .cpp .cxx .cu .mpp .m .M .mm .ixx .cppm
[0.917s]   .ccm .cxxm .c++m .h .hh .h++ .hm .hpp .hxx .in .txx .f .F .for .f77 .f90
[0.918s]   .f95 .f03 .hip .ispc
[0.918s] 
[0.918s] [0m
[0.920s] [31mCMake Error at CMakeLists.txt:12 (add_executable):
[0.920s]   No SOURCES given to target: server
[0.920s] 
[0.920s] [0m
[0.920s] [0mCMake Generate step failed.  Build files cannot be regenerated correctly.[0m
[0.933s] Invoked command in '/home/daxton/ros2_beginning/build/cpp_srvcli' returned '1': CMAKE_PREFIX_PATH=${CMAKE_PREFIX_PATH}:/opt/ros/jazzy DEBUGINFOD_URLS=https://debuginfod.ubuntu.com /usr/bin/cmake /home/daxton/ros2_beginning/src/cpp_srvcli -DCMAKE_INSTALL_PREFIX=/home/daxton/ros2_beginning/install/cpp_srvcli
