[0.032s] Invoking command in '/home/daxton/ros2_beginning/build/cpp_srvcli': CMAKE_PREFIX_PATH=${CMAKE_PREFIX_PATH}:/opt/ros/jazzy DEBUGINFOD_URLS=https://debuginfod.ubuntu.com /usr/bin/cmake /home/daxton/ros2_beginning/src/cpp_srvcli -DCMAKE_INSTALL_PREFIX=/home/daxton/ros2_beginning/install/cpp_srvcli
[0.212s] -- The C compiler identification is GNU 13.3.0
[0.358s] -- The CXX compiler identification is GNU 13.3.0
[0.405s] -- Detecting C compiler ABI info
[0.576s] -- Detecting C compiler ABI info - done
[0.588s] -- Check for working C compiler: /usr/bin/cc - skipped
[0.588s] -- Detecting C compile features
[0.589s] -- Detecting C compile features - done
[0.604s] -- Detecting CXX compiler ABI info
[0.791s] -- Detecting CXX compiler ABI info - done
[0.812s] -- Check for working CXX compiler: /usr/bin/c++ - skipped
[0.812s] -- Detecting CXX compile features
[0.813s] -- Detecting CXX compile features - done
[0.818s] -- Found ament_cmake: 2.5.4 (/opt/ros/jazzy/share/ament_cmake/cmake)
[1.082s] -- Found Python3: /usr/bin/python3 (found version "3.12.3") found components: Interpreter 
[1.267s] -- Found rclcpp: 28.1.9 (/opt/ros/jazzy/share/rclcpp/cmake)
[1.317s] -- Found rosidl_generator_c: 4.6.5 (/opt/ros/jazzy/share/rosidl_generator_c/cmake)
[1.333s] -- Found rosidl_generator_cpp: 4.6.5 (/opt/ros/jazzy/share/rosidl_generator_cpp/cmake)
[1.361s] -- Using all available rosidl_typesupport_c: rosidl_typesupport_fastrtps_c;rosidl_typesupport_introspection_c
[1.387s] -- Using all available rosidl_typesupport_cpp: rosidl_typesupport_fastrtps_cpp;rosidl_typesupport_introspection_cpp
[1.482s] -- Found rmw_implementation_cmake: 7.3.2 (/opt/ros/jazzy/share/rmw_implementation_cmake/cmake)
[1.486s] -- Found rmw_fastrtps_cpp: 8.4.2 (/opt/ros/jazzy/share/rmw_fastrtps_cpp/cmake)
[1.620s] -- Found OpenSSL: /usr/lib/x86_64-linux-gnu/libcrypto.so (found version "3.0.13")  
[1.670s] -- Found FastRTPS: /opt/ros/jazzy/include (Required is at least version "2.13") 
[1.717s] -- Using RMW implementation 'rmw_fastrtps_cpp' as default
[1.813s] -- Found example_interfaces: 0.12.0 (/opt/ros/jazzy/share/example_interfaces/cmake)
[1.899s] -- Found ament_lint_auto: 0.17.2 (/opt/ros/jazzy/share/ament_lint_auto/cmake)
[2.036s] -- Added test 'cppcheck' to perform static code analysis on C / C++ code
[2.036s] -- Configured cppcheck include dirs: 
[2.036s] -- Configured cppcheck exclude dirs and/or files: 
[2.036s] -- Added test 'lint_cmake' to check CMake code style
[2.038s] -- Added test 'uncrustify' to check C / C++ code style
[2.038s] -- Configured uncrustify additional arguments: 
[2.038s] -- Added test 'xmllint' to check XML markup files
[2.039s] -- Configuring done (2.0s)
[2.043s] [31mCMake Error at CMakeLists.txt:12 (add_executable):
[2.043s]   Cannot find source file:
[2.043s] 
[2.044s]     src/add_two_ints_server.cpp
[2.044s] 
[2.044s]   Tried extensions .c .C .c++ .cc .cpp .cxx .cu .mpp .m .M .mm .ixx .cppm
[2.044s]   .ccm .cxxm .c++m .h .hh .h++ .hm .hpp .hxx .in .txx .f .F .for .f77 .f90
[2.044s]   .f95 .f03 .hip .ispc
[2.044s] 
[2.044s] [0m
[2.046s] [31mCMake Error at CMakeLists.txt:12 (add_executable):
[2.046s]   No SOURCES given to target: server
[2.046s] 
[2.046s] [0m
[2.047s] [0mCMake Generate step failed.  Build files cannot be regenerated correctly.[0m
[2.061s] Invoked command in '/home/daxton/ros2_beginning/build/cpp_srvcli' returned '1': CMAKE_PREFIX_PATH=${CMAKE_PREFIX_PATH}:/opt/ros/jazzy DEBUGINFOD_URLS=https://debuginfod.ubuntu.com /usr/bin/cmake /home/daxton/ros2_beginning/src/cpp_srvcli -DCMAKE_INSTALL_PREFIX=/home/daxton/ros2_beginning/install/cpp_srvcli
